{"/Users/bijakonwarcharkuoth/Desktop/CarEase /BackEnd/App.js": {"path":"/Users/bijakonwarcharkuoth/Desktop/CarEase /BackEnd/App.js","statementMap":{"0":{"start":{"line":2,"column":16},"end":{"line":2,"column":34}},"1":{"start":{"line":3,"column":13},"end":{"line":3,"column":28}},"2":{"start":{"line":4,"column":15},"end":{"line":4,"column":32}},"3":{"start":{"line":5,"column":20},"end":{"line":5,"column":42}},"4":{"start":{"line":6,"column":15},"end":{"line":6,"column":32}},"5":{"start":{"line":7,"column":18},"end":{"line":7,"column":47}},"6":{"start":{"line":8,"column":22},"end":{"line":8,"column":55}},"7":{"start":{"line":9,"column":12},"end":{"line":9,"column":26}},"8":{"start":{"line":10,"column":13},"end":{"line":10,"column":28}},"9":{"start":{"line":11,"column":11},"end":{"line":11,"column":24}},"10":{"start":{"line":13,"column":17},"end":{"line":13,"column":48}},"11":{"start":{"line":14,"column":27},"end":{"line":14,"column":66}},"12":{"start":{"line":15,"column":19},"end":{"line":15,"column":59}},"13":{"start":{"line":16,"column":21},"end":{"line":16,"column":64}},"14":{"start":{"line":19,"column":19},"end":{"line":19,"column":53}},"15":{"start":{"line":20,"column":19},"end":{"line":20,"column":53}},"16":{"start":{"line":21,"column":22},"end":{"line":21,"column":59}},"17":{"start":{"line":22,"column":22},"end":{"line":22,"column":59}},"18":{"start":{"line":23,"column":22},"end":{"line":23,"column":59}},"19":{"start":{"line":24,"column":22},"end":{"line":24,"column":59}},"20":{"start":{"line":25,"column":21},"end":{"line":25,"column":57}},"21":{"start":{"line":26,"column":23},"end":{"line":26,"column":61}},"22":{"start":{"line":27,"column":20},"end":{"line":27,"column":55}},"23":{"start":{"line":28,"column":20},"end":{"line":28,"column":55}},"24":{"start":{"line":30,"column":12},"end":{"line":30,"column":21}},"25":{"start":{"line":35,"column":0},"end":{"line":37,"column":4}},"26":{"start":{"line":40,"column":23},"end":{"line":40,"column":73}},"27":{"start":{"line":41,"column":19},"end":{"line":45,"column":58}},"28":{"start":{"line":45,"column":18},"end":{"line":45,"column":41}},"29":{"start":{"line":46,"column":23},"end":{"line":46,"column":78}},"30":{"start":{"line":48,"column":0},"end":{"line":73,"column":4}},"31":{"start":{"line":50,"column":4},"end":{"line":50,"column":45}},"32":{"start":{"line":50,"column":17},"end":{"line":50,"column":45}},"33":{"start":{"line":51,"column":4},"end":{"line":67,"column":5}},"34":{"start":{"line":52,"column":6},"end":{"line":66,"column":7}},"35":{"start":{"line":53,"column":23},"end":{"line":53,"column":38}},"36":{"start":{"line":54,"column":21},"end":{"line":54,"column":36}},"37":{"start":{"line":55,"column":28},"end":{"line":55,"column":90}},"38":{"start":{"line":57,"column":10},"end":{"line":59,"column":67}},"39":{"start":{"line":61,"column":8},"end":{"line":63,"column":9}},"40":{"start":{"line":62,"column":10},"end":{"line":62,"column":38}},"41":{"start":{"line":68,"column":4},"end":{"line":68,"column":69}},"42":{"start":{"line":68,"column":41},"end":{"line":68,"column":69}},"43":{"start":{"line":69,"column":4},"end":{"line":69,"column":54}},"44":{"start":{"line":76,"column":0},"end":{"line":80,"column":1}},"45":{"start":{"line":77,"column":2},"end":{"line":77,"column":25}},"46":{"start":{"line":79,"column":2},"end":{"line":79,"column":57}},"47":{"start":{"line":83,"column":16},"end":{"line":89,"column":2}},"48":{"start":{"line":90,"column":0},"end":{"line":90,"column":25}},"49":{"start":{"line":93,"column":0},"end":{"line":93,"column":41}},"50":{"start":{"line":94,"column":0},"end":{"line":94,"column":63}},"51":{"start":{"line":97,"column":0},"end":{"line":97,"column":25}},"52":{"start":{"line":100,"column":0},"end":{"line":100,"column":18}},"53":{"start":{"line":103,"column":0},"end":{"line":108,"column":4}},"54":{"start":{"line":111,"column":0},"end":{"line":111,"column":23}},"55":{"start":{"line":114,"column":0},"end":{"line":114,"column":72}},"56":{"start":{"line":117,"column":20},"end":{"line":128,"column":1}},"57":{"start":{"line":118,"column":2},"end":{"line":118,"column":42}},"58":{"start":{"line":119,"column":2},"end":{"line":119,"column":43}},"59":{"start":{"line":120,"column":2},"end":{"line":120,"column":49}},"60":{"start":{"line":121,"column":2},"end":{"line":121,"column":49}},"61":{"start":{"line":122,"column":2},"end":{"line":122,"column":49}},"62":{"start":{"line":123,"column":2},"end":{"line":123,"column":49}},"63":{"start":{"line":124,"column":2},"end":{"line":124,"column":47}},"64":{"start":{"line":125,"column":2},"end":{"line":125,"column":51}},"65":{"start":{"line":126,"column":2},"end":{"line":126,"column":44}},"66":{"start":{"line":127,"column":2},"end":{"line":127,"column":44}},"67":{"start":{"line":130,"column":0},"end":{"line":130,"column":23}},"68":{"start":{"line":131,"column":0},"end":{"line":131,"column":20}},"69":{"start":{"line":134,"column":0},"end":{"line":142,"column":3}},"70":{"start":{"line":135,"column":2},"end":{"line":141,"column":5}},"71":{"start":{"line":145,"column":0},"end":{"line":154,"column":1}},"72":{"start":{"line":146,"column":22},"end":{"line":146,"column":64}},"73":{"start":{"line":147,"column":2},"end":{"line":153,"column":3}},"74":{"start":{"line":148,"column":22},"end":{"line":148,"column":51}},"75":{"start":{"line":149,"column":24},"end":{"line":149,"column":49}},"76":{"start":{"line":150,"column":4},"end":{"line":150,"column":72}},"77":{"start":{"line":152,"column":4},"end":{"line":152,"column":93}},"78":{"start":{"line":157,"column":0},"end":{"line":159,"column":3}},"79":{"start":{"line":158,"column":2},"end":{"line":158,"column":75}},"80":{"start":{"line":162,"column":0},"end":{"line":162,"column":28}},"81":{"start":{"line":164,"column":0},"end":{"line":164,"column":21}}},"fnMap":{"0":{"name":"(anonymous_0)","decl":{"start":{"line":45,"column":6},"end":{"line":45,"column":7}},"loc":{"start":{"line":45,"column":18},"end":{"line":45,"column":41}},"line":45},"1":{"name":"(anonymous_1)","decl":{"start":{"line":49,"column":10},"end":{"line":49,"column":11}},"loc":{"start":{"line":49,"column":32},"end":{"line":70,"column":3}},"line":49},"2":{"name":"(anonymous_2)","decl":{"start":{"line":117,"column":20},"end":{"line":117,"column":21}},"loc":{"start":{"line":117,"column":34},"end":{"line":128,"column":1}},"line":117},"3":{"name":"(anonymous_3)","decl":{"start":{"line":134,"column":19},"end":{"line":134,"column":20}},"loc":{"start":{"line":134,"column":33},"end":{"line":142,"column":1}},"line":134},"4":{"name":"(anonymous_4)","decl":{"start":{"line":157,"column":13},"end":{"line":157,"column":14}},"loc":{"start":{"line":157,"column":33},"end":{"line":159,"column":1}},"line":157}},"branchMap":{"0":{"loc":{"start":{"line":44,"column":6},"end":{"line":44,"column":35}},"type":"binary-expr","locations":[{"start":{"line":44,"column":6},"end":{"line":44,"column":29}},{"start":{"line":44,"column":33},"end":{"line":44,"column":35}}],"line":44},"1":{"loc":{"start":{"line":45,"column":18},"end":{"line":45,"column":41}},"type":"binary-expr","locations":[{"start":{"line":45,"column":18},"end":{"line":45,"column":24}},{"start":{"line":45,"column":28},"end":{"line":45,"column":41}}],"line":45},"2":{"loc":{"start":{"line":50,"column":4},"end":{"line":50,"column":45}},"type":"if","locations":[{"start":{"line":50,"column":4},"end":{"line":50,"column":45}},{"start":{},"end":{}}],"line":50},"3":{"loc":{"start":{"line":51,"column":4},"end":{"line":67,"column":5}},"type":"if","locations":[{"start":{"line":51,"column":4},"end":{"line":67,"column":5}},{"start":{},"end":{}}],"line":51},"4":{"loc":{"start":{"line":55,"column":28},"end":{"line":55,"column":90}},"type":"binary-expr","locations":[{"start":{"line":55,"column":28},"end":{"line":55,"column":48}},{"start":{"line":55,"column":52},"end":{"line":55,"column":72}},{"start":{"line":55,"column":76},"end":{"line":55,"column":90}}],"line":55},"5":{"loc":{"start":{"line":57,"column":10},"end":{"line":59,"column":67}},"type":"binary-expr","locations":[{"start":{"line":57,"column":10},"end":{"line":57,"column":51}},{"start":{"line":58,"column":10},"end":{"line":58,"column":54}},{"start":{"line":59,"column":10},"end":{"line":59,"column":67}}],"line":57},"6":{"loc":{"start":{"line":61,"column":8},"end":{"line":63,"column":9}},"type":"if","locations":[{"start":{"line":61,"column":8},"end":{"line":63,"column":9}},{"start":{},"end":{}}],"line":61},"7":{"loc":{"start":{"line":61,"column":12},"end":{"line":61,"column":39}},"type":"binary-expr","locations":[{"start":{"line":61,"column":12},"end":{"line":61,"column":23}},{"start":{"line":61,"column":27},"end":{"line":61,"column":39}}],"line":61},"8":{"loc":{"start":{"line":68,"column":4},"end":{"line":68,"column":69}},"type":"if","locations":[{"start":{"line":68,"column":4},"end":{"line":68,"column":69}},{"start":{},"end":{}}],"line":68},"9":{"loc":{"start":{"line":76,"column":0},"end":{"line":80,"column":1}},"type":"if","locations":[{"start":{"line":76,"column":0},"end":{"line":80,"column":1}},{"start":{"line":78,"column":7},"end":{"line":80,"column":1}}],"line":76},"10":{"loc":{"start":{"line":84,"column":7},"end":{"line":84,"column":40}},"type":"binary-expr","locations":[{"start":{"line":84,"column":7},"end":{"line":84,"column":33}},{"start":{"line":84,"column":37},"end":{"line":84,"column":40}}],"line":84},"11":{"loc":{"start":{"line":85,"column":12},"end":{"line":85,"column":59}},"type":"binary-expr","locations":[{"start":{"line":85,"column":12},"end":{"line":85,"column":41}},{"start":{"line":85,"column":45},"end":{"line":85,"column":59}}],"line":85},"12":{"loc":{"start":{"line":145,"column":0},"end":{"line":154,"column":1}},"type":"if","locations":[{"start":{"line":145,"column":0},"end":{"line":154,"column":1}},{"start":{},"end":{}}],"line":145},"13":{"loc":{"start":{"line":147,"column":2},"end":{"line":153,"column":3}},"type":"if","locations":[{"start":{"line":147,"column":2},"end":{"line":153,"column":3}},{"start":{"line":151,"column":9},"end":{"line":153,"column":3}}],"line":147}},"s":{"0":1,"1":1,"2":1,"3":1,"4":1,"5":1,"6":1,"7":1,"8":1,"9":1,"10":1,"11":1,"12":1,"13":1,"14":1,"15":1,"16":1,"17":1,"18":1,"19":1,"20":1,"21":1,"22":1,"23":1,"24":1,"25":1,"26":1,"27":1,"28":3,"29":1,"30":1,"31":10,"32":10,"33":0,"34":0,"35":0,"36":0,"37":0,"38":0,"39":0,"40":0,"41":0,"42":0,"43":0,"44":1,"45":0,"46":1,"47":1,"48":1,"49":1,"50":1,"51":1,"52":1,"53":1,"54":1,"55":1,"56":1,"57":2,"58":2,"59":2,"60":2,"61":2,"62":2,"63":2,"64":2,"65":2,"66":2,"67":1,"68":1,"69":1,"70":0,"71":1,"72":0,"73":0,"74":0,"75":0,"76":0,"77":0,"78":1,"79":3,"80":1,"81":1},"f":{"0":3,"1":10,"2":2,"3":0,"4":3},"b":{"0":[1,1],"1":[3,0],"2":[10,0],"3":[0,0],"4":[0,0,0],"5":[0,0,0],"6":[0,0],"7":[0,0],"8":[0,0],"9":[0,1],"10":[1,1],"11":[1,1],"12":[0,1],"13":[0,0]},"_coverageSchema":"1a1c01bbd47fc00a2c39e90264f33305004495a9","hash":"e3eb2f94c97032bb74f11c459c7353c545497fdc"}
,"/Users/bijakonwarcharkuoth/Desktop/CarEase /BackEnd/src/Config/sequelize.js": {"path":"/Users/bijakonwarcharkuoth/Desktop/CarEase /BackEnd/src/Config/sequelize.js","statementMap":{"0":{"start":{"line":2,"column":22},"end":{"line":2,"column":42}},"1":{"start":{"line":3,"column":19},"end":{"line":3,"column":56}},"2":{"start":{"line":5,"column":12},"end":{"line":5,"column":49}},"3":{"start":{"line":7,"column":20},"end":{"line":27,"column":1}},"4":{"start":{"line":8,"column":2},"end":{"line":15,"column":3}},"5":{"start":{"line":9,"column":4},"end":{"line":14,"column":6}},"6":{"start":{"line":17,"column":2},"end":{"line":26,"column":4}},"7":{"start":{"line":29,"column":15},"end":{"line":29,"column":28}},"8":{"start":{"line":31,"column":18},"end":{"line":47,"column":6}},"9":{"start":{"line":49,"column":24},"end":{"line":57,"column":1}},"10":{"start":{"line":50,"column":2},"end":{"line":56,"column":3}},"11":{"start":{"line":51,"column":4},"end":{"line":51,"column":35}},"12":{"start":{"line":52,"column":4},"end":{"line":52,"column":55}},"13":{"start":{"line":54,"column":4},"end":{"line":54,"column":57}},"14":{"start":{"line":55,"column":4},"end":{"line":55,"column":16}},"15":{"start":{"line":59,"column":0},"end":{"line":62,"column":2}}},"fnMap":{"0":{"name":"(anonymous_0)","decl":{"start":{"line":7,"column":20},"end":{"line":7,"column":21}},"loc":{"start":{"line":7,"column":26},"end":{"line":27,"column":1}},"line":7},"1":{"name":"(anonymous_1)","decl":{"start":{"line":49,"column":24},"end":{"line":49,"column":25}},"loc":{"start":{"line":49,"column":36},"end":{"line":57,"column":1}},"line":49}},"branchMap":{"0":{"loc":{"start":{"line":5,"column":12},"end":{"line":5,"column":49}},"type":"binary-expr","locations":[{"start":{"line":5,"column":12},"end":{"line":5,"column":32}},{"start":{"line":5,"column":36},"end":{"line":5,"column":49}}],"line":5},"1":{"loc":{"start":{"line":8,"column":2},"end":{"line":15,"column":3}},"type":"if","locations":[{"start":{"line":8,"column":2},"end":{"line":15,"column":3}},{"start":{},"end":{}}],"line":8},"2":{"loc":{"start":{"line":18,"column":14},"end":{"line":18,"column":50}},"type":"binary-expr","locations":[{"start":{"line":18,"column":14},"end":{"line":18,"column":33}},{"start":{"line":18,"column":37},"end":{"line":18,"column":50}}],"line":18},"3":{"loc":{"start":{"line":19,"column":14},"end":{"line":19,"column":47}},"type":"binary-expr","locations":[{"start":{"line":19,"column":14},"end":{"line":19,"column":33}},{"start":{"line":19,"column":37},"end":{"line":19,"column":47}}],"line":19},"4":{"loc":{"start":{"line":20,"column":14},"end":{"line":20,"column":51}},"type":"binary-expr","locations":[{"start":{"line":20,"column":14},"end":{"line":20,"column":37}},{"start":{"line":20,"column":41},"end":{"line":20,"column":51}}],"line":20},"5":{"loc":{"start":{"line":21,"column":10},"end":{"line":21,"column":44}},"type":"binary-expr","locations":[{"start":{"line":21,"column":10},"end":{"line":21,"column":29}},{"start":{"line":21,"column":33},"end":{"line":21,"column":44}}],"line":21},"6":{"loc":{"start":{"line":22,"column":10},"end":{"line":22,"column":45}},"type":"binary-expr","locations":[{"start":{"line":22,"column":10},"end":{"line":22,"column":37}},{"start":{"line":22,"column":41},"end":{"line":22,"column":45}}],"line":22},"7":{"loc":{"start":{"line":31,"column":18},"end":{"line":47,"column":6}},"type":"cond-expr","locations":[{"start":{"line":32,"column":4},"end":{"line":38,"column":6}},{"start":{"line":39,"column":4},"end":{"line":47,"column":6}}],"line":31},"8":{"loc":{"start":{"line":35,"column":22},"end":{"line":37,"column":12}},"type":"cond-expr","locations":[{"start":{"line":36,"column":10},"end":{"line":36,"column":63}},{"start":{"line":37,"column":10},"end":{"line":37,"column":12}}],"line":35},"9":{"loc":{"start":{"line":44,"column":22},"end":{"line":46,"column":12}},"type":"cond-expr","locations":[{"start":{"line":45,"column":10},"end":{"line":45,"column":63}},{"start":{"line":46,"column":10},"end":{"line":46,"column":12}}],"line":44}},"s":{"0":1,"1":1,"2":1,"3":1,"4":1,"5":0,"6":1,"7":1,"8":1,"9":1,"10":0,"11":0,"12":0,"13":0,"14":0,"15":1},"f":{"0":1,"1":0},"b":{"0":[1,0],"1":[0,1],"2":[1,1],"3":[1,1],"4":[1,1],"5":[1,1],"6":[1,1],"7":[0,1],"8":[0,0],"9":[0,1]},"_coverageSchema":"1a1c01bbd47fc00a2c39e90264f33305004495a9","hash":"9d583c3e3bddfc3e3723ad00509709dc4d319ec8"}
,"/Users/bijakonwarcharkuoth/Desktop/CarEase /BackEnd/src/Controllers/AdminController.js": {"path":"/Users/bijakonwarcharkuoth/Desktop/CarEase /BackEnd/src/Controllers/AdminController.js","statementMap":{"0":{"start":{"line":2,"column":15},"end":{"line":2,"column":34}},"1":{"start":{"line":3,"column":45},"end":{"line":3,"column":65}},"2":{"start":{"line":4,"column":101},"end":{"line":4,"column":121}},"3":{"start":{"line":5,"column":17},"end":{"line":5,"column":45}},"4":{"start":{"line":6,"column":19},"end":{"line":6,"column":49}},"5":{"start":{"line":7,"column":20},"end":{"line":7,"column":51}},"6":{"start":{"line":8,"column":22},"end":{"line":8,"column":57}},"7":{"start":{"line":9,"column":31},"end":{"line":9,"column":73}},"8":{"start":{"line":10,"column":26},"end":{"line":10,"column":53}},"9":{"start":{"line":14,"column":0},"end":{"line":68,"column":3}},"10":{"start":{"line":15,"column":30},"end":{"line":15,"column":38}},"11":{"start":{"line":18,"column":2},"end":{"line":20,"column":3}},"12":{"start":{"line":19,"column":4},"end":{"line":19,"column":72}},"13":{"start":{"line":23,"column":16},"end":{"line":26,"column":4}},"14":{"start":{"line":28,"column":2},"end":{"line":34,"column":3}},"15":{"start":{"line":30,"column":4},"end":{"line":32,"column":5}},"16":{"start":{"line":31,"column":6},"end":{"line":31,"column":37}},"17":{"start":{"line":33,"column":4},"end":{"line":33,"column":66}},"18":{"start":{"line":37,"column":2},"end":{"line":39,"column":3}},"19":{"start":{"line":38,"column":4},"end":{"line":38,"column":93}},"20":{"start":{"line":42,"column":2},"end":{"line":44,"column":3}},"21":{"start":{"line":43,"column":4},"end":{"line":43,"column":83}},"22":{"start":{"line":47,"column":2},"end":{"line":47,"column":26}},"23":{"start":{"line":48,"column":2},"end":{"line":48,"column":25}},"24":{"start":{"line":49,"column":2},"end":{"line":49,"column":31}},"25":{"start":{"line":50,"column":2},"end":{"line":50,"column":21}},"26":{"start":{"line":53,"column":2},"end":{"line":53,"column":83}},"27":{"start":{"line":56,"column":16},"end":{"line":56,"column":48}},"28":{"start":{"line":59,"column":2},"end":{"line":59,"column":33}},"29":{"start":{"line":61,"column":2},"end":{"line":67,"column":5}},"30":{"start":{"line":70,"column":0},"end":{"line":81,"column":3}},"31":{"start":{"line":71,"column":16},"end":{"line":71,"column":50}},"32":{"start":{"line":73,"column":2},"end":{"line":75,"column":3}},"33":{"start":{"line":74,"column":4},"end":{"line":74,"column":66}},"34":{"start":{"line":77,"column":2},"end":{"line":80,"column":5}},"35":{"start":{"line":83,"column":0},"end":{"line":90,"column":3}},"36":{"start":{"line":84,"column":2},"end":{"line":89,"column":5}},"37":{"start":{"line":92,"column":0},"end":{"line":113,"column":3}},"38":{"start":{"line":93,"column":16},"end":{"line":93,"column":49}},"39":{"start":{"line":94,"column":2},"end":{"line":96,"column":3}},"40":{"start":{"line":95,"column":4},"end":{"line":95,"column":54}},"41":{"start":{"line":98,"column":18},"end":{"line":98,"column":68}},"42":{"start":{"line":99,"column":2},"end":{"line":103,"column":5}},"43":{"start":{"line":100,"column":4},"end":{"line":102,"column":5}},"44":{"start":{"line":101,"column":6},"end":{"line":101,"column":37}},"45":{"start":{"line":105,"column":2},"end":{"line":105,"column":21}},"46":{"start":{"line":107,"column":2},"end":{"line":112,"column":5}},"47":{"start":{"line":115,"column":0},"end":{"line":135,"column":3}},"48":{"start":{"line":116,"column":16},"end":{"line":116,"column":49}},"49":{"start":{"line":117,"column":2},"end":{"line":119,"column":3}},"50":{"start":{"line":118,"column":4},"end":{"line":118,"column":54}},"51":{"start":{"line":121,"column":43},"end":{"line":121,"column":51}},"52":{"start":{"line":122,"column":18},"end":{"line":122,"column":62}},"53":{"start":{"line":123,"column":2},"end":{"line":125,"column":3}},"54":{"start":{"line":124,"column":4},"end":{"line":124,"column":68}},"55":{"start":{"line":127,"column":2},"end":{"line":127,"column":58}},"56":{"start":{"line":128,"column":2},"end":{"line":128,"column":39}},"57":{"start":{"line":129,"column":2},"end":{"line":129,"column":21}},"58":{"start":{"line":131,"column":2},"end":{"line":134,"column":5}},"59":{"start":{"line":139,"column":0},"end":{"line":160,"column":3}},"60":{"start":{"line":140,"column":19},"end":{"line":144,"column":15}},"61":{"start":{"line":146,"column":18},"end":{"line":146,"column":34}},"62":{"start":{"line":147,"column":41},"end":{"line":150,"column":4}},"63":{"start":{"line":152,"column":2},"end":{"line":159,"column":5}},"64":{"start":{"line":162,"column":0},"end":{"line":178,"column":3}},"65":{"start":{"line":163,"column":16},"end":{"line":163,"column":51}},"66":{"start":{"line":164,"column":2},"end":{"line":166,"column":3}},"67":{"start":{"line":165,"column":4},"end":{"line":165,"column":54}},"68":{"start":{"line":168,"column":2},"end":{"line":170,"column":3}},"69":{"start":{"line":169,"column":4},"end":{"line":169,"column":54}},"70":{"start":{"line":172,"column":2},"end":{"line":177,"column":5}},"71":{"start":{"line":180,"column":0},"end":{"line":213,"column":3}},"72":{"start":{"line":181,"column":20},"end":{"line":181,"column":28}},"73":{"start":{"line":184,"column":24},"end":{"line":184,"column":82}},"74":{"start":{"line":185,"column":2},"end":{"line":187,"column":3}},"75":{"start":{"line":186,"column":4},"end":{"line":186,"column":59}},"76":{"start":{"line":189,"column":2},"end":{"line":191,"column":3}},"77":{"start":{"line":190,"column":4},"end":{"line":190,"column":77}},"78":{"start":{"line":192,"column":2},"end":{"line":194,"column":3}},"79":{"start":{"line":193,"column":4},"end":{"line":193,"column":61}},"80":{"start":{"line":196,"column":23},"end":{"line":196,"column":64}},"81":{"start":{"line":197,"column":16},"end":{"line":201,"column":4}},"82":{"start":{"line":204,"column":18},"end":{"line":204,"column":52}},"83":{"start":{"line":205,"column":2},"end":{"line":205,"column":86}},"84":{"start":{"line":207,"column":2},"end":{"line":212,"column":5}},"85":{"start":{"line":215,"column":0},"end":{"line":237,"column":3}},"86":{"start":{"line":216,"column":16},"end":{"line":216,"column":51}},"87":{"start":{"line":217,"column":2},"end":{"line":219,"column":3}},"88":{"start":{"line":218,"column":4},"end":{"line":218,"column":54}},"89":{"start":{"line":220,"column":2},"end":{"line":220,"column":33}},"90":{"start":{"line":221,"column":2},"end":{"line":221,"column":21}},"91":{"start":{"line":223,"column":2},"end":{"line":225,"column":3}},"92":{"start":{"line":224,"column":4},"end":{"line":224,"column":54}},"93":{"start":{"line":228,"column":18},"end":{"line":228,"column":52}},"94":{"start":{"line":229,"column":2},"end":{"line":229,"column":85}},"95":{"start":{"line":231,"column":2},"end":{"line":236,"column":5}},"96":{"start":{"line":239,"column":0},"end":{"line":260,"column":3}},"97":{"start":{"line":240,"column":16},"end":{"line":240,"column":51}},"98":{"start":{"line":242,"column":2},"end":{"line":244,"column":3}},"99":{"start":{"line":243,"column":4},"end":{"line":243,"column":54}},"100":{"start":{"line":247,"column":2},"end":{"line":247,"column":44}},"101":{"start":{"line":248,"column":2},"end":{"line":248,"column":41}},"102":{"start":{"line":249,"column":2},"end":{"line":249,"column":40}},"103":{"start":{"line":250,"column":2},"end":{"line":250,"column":21}},"104":{"start":{"line":253,"column":18},"end":{"line":253,"column":52}},"105":{"start":{"line":254,"column":2},"end":{"line":254,"column":86}},"106":{"start":{"line":256,"column":2},"end":{"line":259,"column":5}},"107":{"start":{"line":264,"column":0},"end":{"line":333,"column":3}},"108":{"start":{"line":265,"column":29},"end":{"line":265,"column":38}},"109":{"start":{"line":267,"column":14},"end":{"line":267,"column":24}},"110":{"start":{"line":270,"column":2},"end":{"line":285,"column":3}},"111":{"start":{"line":272,"column":6},"end":{"line":272,"column":53}},"112":{"start":{"line":273,"column":6},"end":{"line":273,"column":12}},"113":{"start":{"line":275,"column":6},"end":{"line":275,"column":59}},"114":{"start":{"line":276,"column":6},"end":{"line":276,"column":12}},"115":{"start":{"line":278,"column":6},"end":{"line":278,"column":61}},"116":{"start":{"line":279,"column":6},"end":{"line":279,"column":12}},"117":{"start":{"line":281,"column":6},"end":{"line":281,"column":67}},"118":{"start":{"line":282,"column":6},"end":{"line":282,"column":12}},"119":{"start":{"line":284,"column":6},"end":{"line":284,"column":53}},"120":{"start":{"line":297,"column":6},"end":{"line":306,"column":4}},"121":{"start":{"line":309,"column":23},"end":{"line":309,"column":67}},"122":{"start":{"line":312,"column":23},"end":{"line":312,"column":67}},"123":{"start":{"line":314,"column":2},"end":{"line":332,"column":5}},"124":{"start":{"line":337,"column":0},"end":{"line":357,"column":3}},"125":{"start":{"line":338,"column":19},"end":{"line":342,"column":15}},"126":{"start":{"line":344,"column":18},"end":{"line":344,"column":34}},"127":{"start":{"line":345,"column":40},"end":{"line":347,"column":4}},"128":{"start":{"line":349,"column":2},"end":{"line":356,"column":5}},"129":{"start":{"line":359,"column":0},"end":{"line":377,"column":3}},"130":{"start":{"line":360,"column":15},"end":{"line":365,"column":4}},"131":{"start":{"line":367,"column":2},"end":{"line":369,"column":3}},"132":{"start":{"line":368,"column":4},"end":{"line":368,"column":53}},"133":{"start":{"line":371,"column":2},"end":{"line":376,"column":5}},"134":{"start":{"line":379,"column":0},"end":{"line":400,"column":3}},"135":{"start":{"line":380,"column":15},"end":{"line":380,"column":49}},"136":{"start":{"line":381,"column":2},"end":{"line":384,"column":3}},"137":{"start":{"line":382,"column":4},"end":{"line":382,"column":34}},"138":{"start":{"line":383,"column":4},"end":{"line":383,"column":22}},"139":{"start":{"line":386,"column":2},"end":{"line":388,"column":3}},"140":{"start":{"line":387,"column":4},"end":{"line":387,"column":53}},"141":{"start":{"line":391,"column":16},"end":{"line":391,"column":50}},"142":{"start":{"line":392,"column":2},"end":{"line":392,"column":81}},"143":{"start":{"line":394,"column":2},"end":{"line":399,"column":5}},"144":{"start":{"line":402,"column":0},"end":{"line":426,"column":3}},"145":{"start":{"line":403,"column":31},"end":{"line":403,"column":39}},"146":{"start":{"line":404,"column":15},"end":{"line":404,"column":49}},"147":{"start":{"line":406,"column":2},"end":{"line":408,"column":3}},"148":{"start":{"line":407,"column":4},"end":{"line":407,"column":53}},"149":{"start":{"line":410,"column":2},"end":{"line":410,"column":27}},"150":{"start":{"line":411,"column":2},"end":{"line":411,"column":20}},"151":{"start":{"line":414,"column":2},"end":{"line":414,"column":59}},"152":{"start":{"line":417,"column":16},"end":{"line":417,"column":50}},"153":{"start":{"line":418,"column":2},"end":{"line":418,"column":93}},"154":{"start":{"line":420,"column":2},"end":{"line":425,"column":5}},"155":{"start":{"line":430,"column":0},"end":{"line":454,"column":3}},"156":{"start":{"line":431,"column":19},"end":{"line":435,"column":15}},"157":{"start":{"line":437,"column":18},"end":{"line":437,"column":34}},"158":{"start":{"line":438,"column":43},"end":{"line":444,"column":4}},"159":{"start":{"line":446,"column":2},"end":{"line":453,"column":5}},"160":{"start":{"line":456,"column":0},"end":{"line":475,"column":3}},"161":{"start":{"line":457,"column":18},"end":{"line":463,"column":4}},"162":{"start":{"line":465,"column":2},"end":{"line":467,"column":3}},"163":{"start":{"line":466,"column":4},"end":{"line":466,"column":56}},"164":{"start":{"line":469,"column":2},"end":{"line":474,"column":5}},"165":{"start":{"line":477,"column":0},"end":{"line":510,"column":3}},"166":{"start":{"line":478,"column":27},"end":{"line":478,"column":35}},"167":{"start":{"line":479,"column":18},"end":{"line":479,"column":55}},"168":{"start":{"line":481,"column":2},"end":{"line":483,"column":3}},"169":{"start":{"line":482,"column":4},"end":{"line":482,"column":56}},"170":{"start":{"line":485,"column":2},"end":{"line":485,"column":26}},"171":{"start":{"line":486,"column":16},"end":{"line":486,"column":65}},"172":{"start":{"line":487,"column":2},"end":{"line":492,"column":5}},"173":{"start":{"line":493,"column":2},"end":{"line":493,"column":24}},"174":{"start":{"line":495,"column":2},"end":{"line":495,"column":23}},"175":{"start":{"line":498,"column":2},"end":{"line":498,"column":61}},"176":{"start":{"line":501,"column":16},"end":{"line":501,"column":50}},"177":{"start":{"line":502,"column":2},"end":{"line":502,"column":82}},"178":{"start":{"line":504,"column":2},"end":{"line":509,"column":5}},"179":{"start":{"line":514,"column":0},"end":{"line":538,"column":3}},"180":{"start":{"line":515,"column":19},"end":{"line":519,"column":15}},"181":{"start":{"line":521,"column":18},"end":{"line":521,"column":34}},"182":{"start":{"line":522,"column":43},"end":{"line":528,"column":4}},"183":{"start":{"line":530,"column":2},"end":{"line":537,"column":5}},"184":{"start":{"line":540,"column":0},"end":{"line":558,"column":3}},"185":{"start":{"line":541,"column":18},"end":{"line":546,"column":4}},"186":{"start":{"line":548,"column":2},"end":{"line":550,"column":3}},"187":{"start":{"line":549,"column":4},"end":{"line":549,"column":56}},"188":{"start":{"line":552,"column":2},"end":{"line":557,"column":5}},"189":{"start":{"line":560,"column":0},"end":{"line":596,"column":3}},"190":{"start":{"line":561,"column":29},"end":{"line":561,"column":37}},"191":{"start":{"line":562,"column":18},"end":{"line":562,"column":55}},"192":{"start":{"line":564,"column":2},"end":{"line":566,"column":3}},"193":{"start":{"line":565,"column":4},"end":{"line":565,"column":56}},"194":{"start":{"line":569,"column":23},"end":{"line":569,"column":47}},"195":{"start":{"line":570,"column":18},"end":{"line":570,"column":71}},"196":{"start":{"line":571,"column":2},"end":{"line":577,"column":5}},"197":{"start":{"line":578,"column":2},"end":{"line":578,"column":28}},"198":{"start":{"line":579,"column":2},"end":{"line":579,"column":87}},"199":{"start":{"line":580,"column":2},"end":{"line":580,"column":23}},"200":{"start":{"line":581,"column":17},"end":{"line":581,"column":49}},"201":{"start":{"line":584,"column":2},"end":{"line":584,"column":48}},"202":{"start":{"line":587,"column":16},"end":{"line":587,"column":50}},"203":{"start":{"line":588,"column":2},"end":{"line":588,"column":84}},"204":{"start":{"line":590,"column":2},"end":{"line":595,"column":5}},"205":{"start":{"line":600,"column":0},"end":{"line":643,"column":3}},"206":{"start":{"line":601,"column":50},"end":{"line":601,"column":59}},"207":{"start":{"line":602,"column":20},"end":{"line":606,"column":3}},"208":{"start":{"line":607,"column":17},"end":{"line":607,"column":51}},"209":{"start":{"line":609,"column":18},"end":{"line":621,"column":4}},"210":{"start":{"line":623,"column":19},"end":{"line":634,"column":4}},"211":{"start":{"line":636,"column":2},"end":{"line":642,"column":5}},"212":{"start":{"line":645,"column":0},"end":{"line":685,"column":3}},"213":{"start":{"line":646,"column":33},"end":{"line":646,"column":42}},"214":{"start":{"line":648,"column":19},"end":{"line":655,"column":4}},"215":{"start":{"line":657,"column":19},"end":{"line":665,"column":4}},"216":{"start":{"line":667,"column":20},"end":{"line":675,"column":4}},"217":{"start":{"line":677,"column":2},"end":{"line":684,"column":5}},"218":{"start":{"line":689,"column":0},"end":{"line":710,"column":3}},"219":{"start":{"line":690,"column":19},"end":{"line":694,"column":15}},"220":{"start":{"line":696,"column":18},"end":{"line":696,"column":34}},"221":{"start":{"line":697,"column":39},"end":{"line":700,"column":4}},"222":{"start":{"line":702,"column":2},"end":{"line":709,"column":5}},"223":{"start":{"line":712,"column":0},"end":{"line":756,"column":3}},"224":{"start":{"line":713,"column":33},"end":{"line":713,"column":42}},"225":{"start":{"line":715,"column":19},"end":{"line":723,"column":4}},"226":{"start":{"line":725,"column":19},"end":{"line":733,"column":4}},"227":{"start":{"line":735,"column":19},"end":{"line":735,"column":47}},"228":{"start":{"line":736,"column":17},"end":{"line":736,"column":73}},"229":{"start":{"line":737,"column":19},"end":{"line":746,"column":4}},"230":{"start":{"line":748,"column":2},"end":{"line":755,"column":5}},"231":{"start":{"line":760,"column":0},"end":{"line":774,"column":3}},"232":{"start":{"line":761,"column":23},"end":{"line":761,"column":32}},"233":{"start":{"line":763,"column":19},"end":{"line":766,"column":4}},"234":{"start":{"line":768,"column":2},"end":{"line":773,"column":5}},"235":{"start":{"line":776,"column":0},"end":{"line":805,"column":3}},"236":{"start":{"line":777,"column":18},"end":{"line":777,"column":28}},"237":{"start":{"line":778,"column":28},"end":{"line":778,"column":36}},"238":{"start":{"line":780,"column":16},"end":{"line":780,"column":64}},"239":{"start":{"line":781,"column":2},"end":{"line":793,"column":3}},"240":{"start":{"line":782,"column":4},"end":{"line":788,"column":7}},"241":{"start":{"line":790,"column":4},"end":{"line":790,"column":26}},"242":{"start":{"line":791,"column":4},"end":{"line":791,"column":37}},"243":{"start":{"line":792,"column":4},"end":{"line":792,"column":25}},"244":{"start":{"line":796,"column":16},"end":{"line":796,"column":50}},"245":{"start":{"line":797,"column":2},"end":{"line":797,"column":81}},"246":{"start":{"line":799,"column":2},"end":{"line":804,"column":5}},"247":{"start":{"line":807,"column":0},"end":{"line":828,"column":3}},"248":{"start":{"line":808,"column":18},"end":{"line":808,"column":28}},"249":{"start":{"line":810,"column":18},"end":{"line":810,"column":66}},"250":{"start":{"line":811,"column":2},"end":{"line":813,"column":3}},"251":{"start":{"line":812,"column":4},"end":{"line":812,"column":56}},"252":{"start":{"line":814,"column":2},"end":{"line":814,"column":39}},"253":{"start":{"line":815,"column":2},"end":{"line":815,"column":35}},"254":{"start":{"line":816,"column":2},"end":{"line":816,"column":23}},"255":{"start":{"line":819,"column":16},"end":{"line":819,"column":50}},"256":{"start":{"line":820,"column":2},"end":{"line":820,"column":91}},"257":{"start":{"line":822,"column":2},"end":{"line":827,"column":5}},"258":{"start":{"line":832,"column":0},"end":{"line":849,"column":3}},"259":{"start":{"line":833,"column":52},"end":{"line":833,"column":60}},"260":{"start":{"line":835,"column":23},"end":{"line":841,"column":4}},"261":{"start":{"line":843,"column":2},"end":{"line":848,"column":5}},"262":{"start":{"line":851,"column":0},"end":{"line":941,"column":3}},"263":{"start":{"line":852,"column":16},"end":{"line":852,"column":73}},"264":{"start":{"line":854,"column":57},"end":{"line":883,"column":4}},"265":{"start":{"line":873,"column":18},"end":{"line":873,"column":20}},"266":{"start":{"line":882,"column":18},"end":{"line":882,"column":20}},"267":{"start":{"line":885,"column":31},"end":{"line":892,"column":5}},"268":{"start":{"line":885,"column":55},"end":{"line":892,"column":3}},"269":{"start":{"line":894,"column":31},"end":{"line":901,"column":5}},"270":{"start":{"line":894,"column":55},"end":{"line":901,"column":3}},"271":{"start":{"line":903,"column":36},"end":{"line":910,"column":5}},"272":{"start":{"line":903,"column":65},"end":{"line":910,"column":3}},"273":{"start":{"line":912,"column":31},"end":{"line":919,"column":5}},"274":{"start":{"line":912,"column":56},"end":{"line":919,"column":3}},"275":{"start":{"line":921,"column":24},"end":{"line":929,"column":20}},"276":{"start":{"line":927,"column":19},"end":{"line":927,"column":30}},"277":{"start":{"line":928,"column":20},"end":{"line":928,"column":65}},"278":{"start":{"line":931,"column":16},"end":{"line":931,"column":36}},"279":{"start":{"line":933,"column":2},"end":{"line":940,"column":5}},"280":{"start":{"line":945,"column":0},"end":{"line":992,"column":3}},"281":{"start":{"line":946,"column":55},"end":{"line":946,"column":64}},"282":{"start":{"line":951,"column":2},"end":{"line":980,"column":3}},"283":{"start":{"line":953,"column":6},"end":{"line":955,"column":9}},"284":{"start":{"line":956,"column":6},"end":{"line":956,"column":46}},"285":{"start":{"line":957,"column":6},"end":{"line":957,"column":12}},"286":{"start":{"line":960,"column":6},"end":{"line":966,"column":9}},"287":{"start":{"line":967,"column":6},"end":{"line":967,"column":49}},"288":{"start":{"line":968,"column":6},"end":{"line":968,"column":12}},"289":{"start":{"line":971,"column":6},"end":{"line":974,"column":9}},"290":{"start":{"line":975,"column":6},"end":{"line":975,"column":49}},"291":{"start":{"line":976,"column":6},"end":{"line":976,"column":12}},"292":{"start":{"line":979,"column":6},"end":{"line":979,"column":60}},"293":{"start":{"line":983,"column":15},"end":{"line":983,"column":53}},"294":{"start":{"line":986,"column":16},"end":{"line":986,"column":50}},"295":{"start":{"line":987,"column":2},"end":{"line":987,"column":85}},"296":{"start":{"line":989,"column":2},"end":{"line":989,"column":56}},"297":{"start":{"line":990,"column":2},"end":{"line":990,"column":85}},"298":{"start":{"line":991,"column":2},"end":{"line":991,"column":17}},"299":{"start":{"line":996,"column":28},"end":{"line":1024,"column":1}},"300":{"start":{"line":997,"column":20},"end":{"line":1002,"column":3}},"301":{"start":{"line":1003,"column":17},"end":{"line":1003,"column":50}},"302":{"start":{"line":1005,"column":15},"end":{"line":1018,"column":4}},"303":{"start":{"line":1020,"column":2},"end":{"line":1023,"column":4}},"304":{"start":{"line":1021,"column":26},"end":{"line":1021,"column":34}},"305":{"start":{"line":1022,"column":26},"end":{"line":1022,"column":33}},"306":{"start":{"line":1026,"column":28},"end":{"line":1054,"column":1}},"307":{"start":{"line":1027,"column":20},"end":{"line":1032,"column":3}},"308":{"start":{"line":1033,"column":17},"end":{"line":1033,"column":50}},"309":{"start":{"line":1035,"column":15},"end":{"line":1046,"column":4}},"310":{"start":{"line":1048,"column":2},"end":{"line":1053,"column":4}},"311":{"start":{"line":1049,"column":26},"end":{"line":1049,"column":34}},"312":{"start":{"line":1050,"column":25},"end":{"line":1050,"column":32}},"313":{"start":{"line":1051,"column":29},"end":{"line":1051,"column":40}},"314":{"start":{"line":1052,"column":29},"end":{"line":1052,"column":40}},"315":{"start":{"line":1056,"column":35},"end":{"line":1067,"column":1}},"316":{"start":{"line":1057,"column":18},"end":{"line":1057,"column":74}},"317":{"start":{"line":1058,"column":18},"end":{"line":1060,"column":84}},"318":{"start":{"line":1062,"column":2},"end":{"line":1066,"column":5}},"319":{"start":{"line":1069,"column":38},"end":{"line":1085,"column":1}},"320":{"start":{"line":1070,"column":15},"end":{"line":1070,"column":50}},"321":{"start":{"line":1071,"column":2},"end":{"line":1071,"column":20}},"322":{"start":{"line":1071,"column":13},"end":{"line":1071,"column":20}},"323":{"start":{"line":1073,"column":25},"end":{"line":1078,"column":3}},"324":{"start":{"line":1080,"column":2},"end":{"line":1084,"column":5}},"325":{"start":{"line":1087,"column":31},"end":{"line":1096,"column":1}},"326":{"start":{"line":1088,"column":15},"end":{"line":1088,"column":50}},"327":{"start":{"line":1089,"column":2},"end":{"line":1089,"column":20}},"328":{"start":{"line":1089,"column":13},"end":{"line":1089,"column":20}},"329":{"start":{"line":1091,"column":2},"end":{"line":1095,"column":5}},"330":{"start":{"line":1098,"column":27},"end":{"line":1101,"column":1}},"331":{"start":{"line":1100,"column":2},"end":{"line":1100,"column":43}},"332":{"start":{"line":1103,"column":23},"end":{"line":1111,"column":1}},"333":{"start":{"line":1104,"column":16},"end":{"line":1109,"column":3}},"334":{"start":{"line":1110,"column":2},"end":{"line":1110,"column":53}},"335":{"start":{"line":1113,"column":0},"end":{"line":1113,"column":25}}},"fnMap":{"0":{"name":"(anonymous_0)","decl":{"start":{"line":14,"column":27},"end":{"line":14,"column":28}},"loc":{"start":{"line":14,"column":53},"end":{"line":68,"column":1}},"line":14},"1":{"name":"(anonymous_1)","decl":{"start":{"line":70,"column":28},"end":{"line":70,"column":29}},"loc":{"start":{"line":70,"column":54},"end":{"line":81,"column":1}},"line":70},"2":{"name":"(anonymous_2)","decl":{"start":{"line":83,"column":32},"end":{"line":83,"column":33}},"loc":{"start":{"line":83,"column":52},"end":{"line":90,"column":1}},"line":83},"3":{"name":"(anonymous_3)","decl":{"start":{"line":92,"column":35},"end":{"line":92,"column":36}},"loc":{"start":{"line":92,"column":61},"end":{"line":113,"column":1}},"line":92},"4":{"name":"(anonymous_4)","decl":{"start":{"line":99,"column":18},"end":{"line":99,"column":19}},"loc":{"start":{"line":99,"column":29},"end":{"line":103,"column":3}},"line":99},"5":{"name":"(anonymous_5)","decl":{"start":{"line":115,"column":36},"end":{"line":115,"column":37}},"loc":{"start":{"line":115,"column":62},"end":{"line":135,"column":1}},"line":115},"6":{"name":"(anonymous_6)","decl":{"start":{"line":139,"column":34},"end":{"line":139,"column":35}},"loc":{"start":{"line":139,"column":60},"end":{"line":160,"column":1}},"line":139},"7":{"name":"(anonymous_7)","decl":{"start":{"line":162,"column":30},"end":{"line":162,"column":31}},"loc":{"start":{"line":162,"column":56},"end":{"line":178,"column":1}},"line":162},"8":{"name":"(anonymous_8)","decl":{"start":{"line":180,"column":33},"end":{"line":180,"column":34}},"loc":{"start":{"line":180,"column":59},"end":{"line":213,"column":1}},"line":180},"9":{"name":"(anonymous_9)","decl":{"start":{"line":215,"column":33},"end":{"line":215,"column":34}},"loc":{"start":{"line":215,"column":59},"end":{"line":237,"column":1}},"line":215},"10":{"name":"(anonymous_10)","decl":{"start":{"line":239,"column":33},"end":{"line":239,"column":34}},"loc":{"start":{"line":239,"column":59},"end":{"line":260,"column":1}},"line":239},"11":{"name":"(anonymous_11)","decl":{"start":{"line":264,"column":39},"end":{"line":264,"column":40}},"loc":{"start":{"line":264,"column":65},"end":{"line":333,"column":1}},"line":264},"12":{"name":"(anonymous_12)","decl":{"start":{"line":337,"column":33},"end":{"line":337,"column":34}},"loc":{"start":{"line":337,"column":59},"end":{"line":357,"column":1}},"line":337},"13":{"name":"(anonymous_13)","decl":{"start":{"line":359,"column":29},"end":{"line":359,"column":30}},"loc":{"start":{"line":359,"column":55},"end":{"line":377,"column":1}},"line":359},"14":{"name":"(anonymous_14)","decl":{"start":{"line":379,"column":32},"end":{"line":379,"column":33}},"loc":{"start":{"line":379,"column":58},"end":{"line":400,"column":1}},"line":379},"15":{"name":"(anonymous_15)","decl":{"start":{"line":402,"column":38},"end":{"line":402,"column":39}},"loc":{"start":{"line":402,"column":64},"end":{"line":426,"column":1}},"line":402},"16":{"name":"(anonymous_16)","decl":{"start":{"line":430,"column":36},"end":{"line":430,"column":37}},"loc":{"start":{"line":430,"column":62},"end":{"line":454,"column":1}},"line":430},"17":{"name":"(anonymous_17)","decl":{"start":{"line":456,"column":32},"end":{"line":456,"column":33}},"loc":{"start":{"line":456,"column":58},"end":{"line":475,"column":1}},"line":456},"18":{"name":"(anonymous_18)","decl":{"start":{"line":477,"column":41},"end":{"line":477,"column":42}},"loc":{"start":{"line":477,"column":67},"end":{"line":510,"column":1}},"line":477},"19":{"name":"(anonymous_19)","decl":{"start":{"line":514,"column":36},"end":{"line":514,"column":37}},"loc":{"start":{"line":514,"column":62},"end":{"line":538,"column":1}},"line":514},"20":{"name":"(anonymous_20)","decl":{"start":{"line":540,"column":32},"end":{"line":540,"column":33}},"loc":{"start":{"line":540,"column":58},"end":{"line":558,"column":1}},"line":540},"21":{"name":"(anonymous_21)","decl":{"start":{"line":560,"column":35},"end":{"line":560,"column":36}},"loc":{"start":{"line":560,"column":61},"end":{"line":596,"column":1}},"line":560},"22":{"name":"(anonymous_22)","decl":{"start":{"line":600,"column":38},"end":{"line":600,"column":39}},"loc":{"start":{"line":600,"column":64},"end":{"line":643,"column":1}},"line":600},"23":{"name":"(anonymous_23)","decl":{"start":{"line":645,"column":38},"end":{"line":645,"column":39}},"loc":{"start":{"line":645,"column":64},"end":{"line":685,"column":1}},"line":645},"24":{"name":"(anonymous_24)","decl":{"start":{"line":689,"column":34},"end":{"line":689,"column":35}},"loc":{"start":{"line":689,"column":60},"end":{"line":710,"column":1}},"line":689},"25":{"name":"(anonymous_25)","decl":{"start":{"line":712,"column":37},"end":{"line":712,"column":38}},"loc":{"start":{"line":712,"column":63},"end":{"line":756,"column":1}},"line":712},"26":{"name":"(anonymous_26)","decl":{"start":{"line":760,"column":33},"end":{"line":760,"column":34}},"loc":{"start":{"line":760,"column":59},"end":{"line":774,"column":1}},"line":760},"27":{"name":"(anonymous_27)","decl":{"start":{"line":776,"column":35},"end":{"line":776,"column":36}},"loc":{"start":{"line":776,"column":61},"end":{"line":805,"column":1}},"line":776},"28":{"name":"(anonymous_28)","decl":{"start":{"line":807,"column":34},"end":{"line":807,"column":35}},"loc":{"start":{"line":807,"column":60},"end":{"line":828,"column":1}},"line":807},"29":{"name":"(anonymous_29)","decl":{"start":{"line":832,"column":38},"end":{"line":832,"column":39}},"loc":{"start":{"line":832,"column":64},"end":{"line":849,"column":1}},"line":832},"30":{"name":"(anonymous_30)","decl":{"start":{"line":851,"column":38},"end":{"line":851,"column":39}},"loc":{"start":{"line":851,"column":64},"end":{"line":941,"column":1}},"line":851},"31":{"name":"(anonymous_31)","decl":{"start":{"line":873,"column":12},"end":{"line":873,"column":13}},"loc":{"start":{"line":873,"column":18},"end":{"line":873,"column":20}},"line":873},"32":{"name":"(anonymous_32)","decl":{"start":{"line":882,"column":12},"end":{"line":882,"column":13}},"loc":{"start":{"line":882,"column":18},"end":{"line":882,"column":20}},"line":882},"33":{"name":"(anonymous_33)","decl":{"start":{"line":885,"column":44},"end":{"line":885,"column":45}},"loc":{"start":{"line":885,"column":55},"end":{"line":892,"column":3}},"line":885},"34":{"name":"(anonymous_34)","decl":{"start":{"line":894,"column":44},"end":{"line":894,"column":45}},"loc":{"start":{"line":894,"column":55},"end":{"line":901,"column":3}},"line":894},"35":{"name":"(anonymous_35)","decl":{"start":{"line":903,"column":54},"end":{"line":903,"column":55}},"loc":{"start":{"line":903,"column":65},"end":{"line":910,"column":3}},"line":903},"36":{"name":"(anonymous_36)","decl":{"start":{"line":912,"column":45},"end":{"line":912,"column":46}},"loc":{"start":{"line":912,"column":56},"end":{"line":919,"column":3}},"line":912},"37":{"name":"(anonymous_37)","decl":{"start":{"line":927,"column":12},"end":{"line":927,"column":13}},"loc":{"start":{"line":927,"column":19},"end":{"line":927,"column":30}},"line":927},"38":{"name":"(anonymous_38)","decl":{"start":{"line":928,"column":10},"end":{"line":928,"column":11}},"loc":{"start":{"line":928,"column":20},"end":{"line":928,"column":65}},"line":928},"39":{"name":"(anonymous_39)","decl":{"start":{"line":945,"column":32},"end":{"line":945,"column":33}},"loc":{"start":{"line":945,"column":58},"end":{"line":992,"column":1}},"line":945},"40":{"name":"(anonymous_40)","decl":{"start":{"line":996,"column":28},"end":{"line":996,"column":29}},"loc":{"start":{"line":996,"column":57},"end":{"line":1024,"column":1}},"line":996},"41":{"name":"(anonymous_41)","decl":{"start":{"line":1021,"column":21},"end":{"line":1021,"column":22}},"loc":{"start":{"line":1021,"column":26},"end":{"line":1021,"column":34}},"line":1021},"42":{"name":"(anonymous_42)","decl":{"start":{"line":1022,"column":21},"end":{"line":1022,"column":22}},"loc":{"start":{"line":1022,"column":26},"end":{"line":1022,"column":33}},"line":1022},"43":{"name":"(anonymous_43)","decl":{"start":{"line":1026,"column":28},"end":{"line":1026,"column":29}},"loc":{"start":{"line":1026,"column":57},"end":{"line":1054,"column":1}},"line":1026},"44":{"name":"(anonymous_44)","decl":{"start":{"line":1049,"column":21},"end":{"line":1049,"column":22}},"loc":{"start":{"line":1049,"column":26},"end":{"line":1049,"column":34}},"line":1049},"45":{"name":"(anonymous_45)","decl":{"start":{"line":1050,"column":20},"end":{"line":1050,"column":21}},"loc":{"start":{"line":1050,"column":25},"end":{"line":1050,"column":32}},"line":1050},"46":{"name":"(anonymous_46)","decl":{"start":{"line":1051,"column":24},"end":{"line":1051,"column":25}},"loc":{"start":{"line":1051,"column":29},"end":{"line":1051,"column":40}},"line":1051},"47":{"name":"(anonymous_47)","decl":{"start":{"line":1052,"column":24},"end":{"line":1052,"column":25}},"loc":{"start":{"line":1052,"column":29},"end":{"line":1052,"column":40}},"line":1052},"48":{"name":"(anonymous_48)","decl":{"start":{"line":1056,"column":35},"end":{"line":1056,"column":36}},"loc":{"start":{"line":1056,"column":69},"end":{"line":1067,"column":1}},"line":1056},"49":{"name":"(anonymous_49)","decl":{"start":{"line":1069,"column":38},"end":{"line":1069,"column":39}},"loc":{"start":{"line":1069,"column":71},"end":{"line":1085,"column":1}},"line":1069},"50":{"name":"(anonymous_50)","decl":{"start":{"line":1087,"column":31},"end":{"line":1087,"column":32}},"loc":{"start":{"line":1087,"column":58},"end":{"line":1096,"column":1}},"line":1087},"51":{"name":"(anonymous_51)","decl":{"start":{"line":1098,"column":27},"end":{"line":1098,"column":28}},"loc":{"start":{"line":1098,"column":51},"end":{"line":1101,"column":1}},"line":1098},"52":{"name":"(anonymous_52)","decl":{"start":{"line":1103,"column":23},"end":{"line":1103,"column":24}},"loc":{"start":{"line":1103,"column":35},"end":{"line":1111,"column":1}},"line":1103}},"branchMap":{"0":{"loc":{"start":{"line":18,"column":2},"end":{"line":20,"column":3}},"type":"if","locations":[{"start":{"line":18,"column":2},"end":{"line":20,"column":3}},{"start":{},"end":{}}],"line":18},"1":{"loc":{"start":{"line":18,"column":6},"end":{"line":18,"column":25}},"type":"binary-expr","locations":[{"start":{"line":18,"column":6},"end":{"line":18,"column":12}},{"start":{"line":18,"column":16},"end":{"line":18,"column":25}}],"line":18},"2":{"loc":{"start":{"line":28,"column":2},"end":{"line":34,"column":3}},"type":"if","locations":[{"start":{"line":28,"column":2},"end":{"line":34,"column":3}},{"start":{},"end":{}}],"line":28},"3":{"loc":{"start":{"line":28,"column":6},"end":{"line":28,"column":56}},"type":"binary-expr","locations":[{"start":{"line":28,"column":6},"end":{"line":28,"column":12}},{"start":{"line":28,"column":16},"end":{"line":28,"column":56}}],"line":28},"4":{"loc":{"start":{"line":30,"column":4},"end":{"line":32,"column":5}},"type":"if","locations":[{"start":{"line":30,"column":4},"end":{"line":32,"column":5}},{"start":{},"end":{}}],"line":30},"5":{"loc":{"start":{"line":37,"column":2},"end":{"line":39,"column":3}},"type":"if","locations":[{"start":{"line":37,"column":2},"end":{"line":39,"column":3}},{"start":{},"end":{}}],"line":37},"6":{"loc":{"start":{"line":42,"column":2},"end":{"line":44,"column":3}},"type":"if","locations":[{"start":{"line":42,"column":2},"end":{"line":44,"column":3}},{"start":{},"end":{}}],"line":42},"7":{"loc":{"start":{"line":73,"column":2},"end":{"line":75,"column":3}},"type":"if","locations":[{"start":{"line":73,"column":2},"end":{"line":75,"column":3}},{"start":{},"end":{}}],"line":73},"8":{"loc":{"start":{"line":94,"column":2},"end":{"line":96,"column":3}},"type":"if","locations":[{"start":{"line":94,"column":2},"end":{"line":96,"column":3}},{"start":{},"end":{}}],"line":94},"9":{"loc":{"start":{"line":100,"column":4},"end":{"line":102,"column":5}},"type":"if","locations":[{"start":{"line":100,"column":4},"end":{"line":102,"column":5}},{"start":{},"end":{}}],"line":100},"10":{"loc":{"start":{"line":117,"column":2},"end":{"line":119,"column":3}},"type":"if","locations":[{"start":{"line":117,"column":2},"end":{"line":119,"column":3}},{"start":{},"end":{}}],"line":117},"11":{"loc":{"start":{"line":123,"column":2},"end":{"line":125,"column":3}},"type":"if","locations":[{"start":{"line":123,"column":2},"end":{"line":125,"column":3}},{"start":{},"end":{}}],"line":123},"12":{"loc":{"start":{"line":164,"column":2},"end":{"line":166,"column":3}},"type":"if","locations":[{"start":{"line":164,"column":2},"end":{"line":166,"column":3}},{"start":{},"end":{}}],"line":164},"13":{"loc":{"start":{"line":164,"column":6},"end":{"line":164,"column":61}},"type":"binary-expr","locations":[{"start":{"line":164,"column":6},"end":{"line":164,"column":11}},{"start":{"line":164,"column":15},"end":{"line":164,"column":61}}],"line":164},"14":{"loc":{"start":{"line":168,"column":2},"end":{"line":170,"column":3}},"type":"if","locations":[{"start":{"line":168,"column":2},"end":{"line":170,"column":3}},{"start":{},"end":{}}],"line":168},"15":{"loc":{"start":{"line":185,"column":2},"end":{"line":187,"column":3}},"type":"if","locations":[{"start":{"line":185,"column":2},"end":{"line":187,"column":3}},{"start":{},"end":{}}],"line":185},"16":{"loc":{"start":{"line":189,"column":2},"end":{"line":191,"column":3}},"type":"if","locations":[{"start":{"line":189,"column":2},"end":{"line":191,"column":3}},{"start":{},"end":{}}],"line":189},"17":{"loc":{"start":{"line":189,"column":6},"end":{"line":189,"column":55}},"type":"binary-expr","locations":[{"start":{"line":189,"column":6},"end":{"line":189,"column":25}},{"start":{"line":189,"column":29},"end":{"line":189,"column":55}}],"line":189},"18":{"loc":{"start":{"line":192,"column":2},"end":{"line":194,"column":3}},"type":"if","locations":[{"start":{"line":192,"column":2},"end":{"line":194,"column":3}},{"start":{},"end":{}}],"line":192},"19":{"loc":{"start":{"line":200,"column":10},"end":{"line":200,"column":104}},"type":"cond-expr","locations":[{"start":{"line":200,"column":80},"end":{"line":200,"column":94}},{"start":{"line":200,"column":97},"end":{"line":200,"column":104}}],"line":200},"20":{"loc":{"start":{"line":200,"column":10},"end":{"line":200,"column":77}},"type":"binary-expr","locations":[{"start":{"line":200,"column":10},"end":{"line":200,"column":24}},{"start":{"line":200,"column":28},"end":{"line":200,"column":77}}],"line":200},"21":{"loc":{"start":{"line":217,"column":2},"end":{"line":219,"column":3}},"type":"if","locations":[{"start":{"line":217,"column":2},"end":{"line":219,"column":3}},{"start":{},"end":{}}],"line":217},"22":{"loc":{"start":{"line":223,"column":2},"end":{"line":225,"column":3}},"type":"if","locations":[{"start":{"line":223,"column":2},"end":{"line":225,"column":3}},{"start":{},"end":{}}],"line":223},"23":{"loc":{"start":{"line":242,"column":2},"end":{"line":244,"column":3}},"type":"if","locations":[{"start":{"line":242,"column":2},"end":{"line":244,"column":3}},{"start":{},"end":{}}],"line":242},"24":{"loc":{"start":{"line":247,"column":21},"end":{"line":247,"column":43}},"type":"binary-expr","locations":[{"start":{"line":247,"column":21},"end":{"line":247,"column":37}},{"start":{"line":247,"column":41},"end":{"line":247,"column":43}}],"line":247},"25":{"loc":{"start":{"line":265,"column":10},"end":{"line":265,"column":24}},"type":"default-arg","locations":[{"start":{"line":265,"column":19},"end":{"line":265,"column":24}}],"line":265},"26":{"loc":{"start":{"line":270,"column":2},"end":{"line":285,"column":3}},"type":"switch","locations":[{"start":{"line":271,"column":4},"end":{"line":273,"column":12}},{"start":{"line":274,"column":4},"end":{"line":276,"column":12}},{"start":{"line":277,"column":4},"end":{"line":279,"column":12}},{"start":{"line":280,"column":4},"end":{"line":282,"column":12}},{"start":{"line":283,"column":4},"end":{"line":284,"column":53}}],"line":270},"27":{"loc":{"start":{"line":323,"column":22},"end":{"line":323,"column":39}},"type":"binary-expr","locations":[{"start":{"line":323,"column":22},"end":{"line":323,"column":34}},{"start":{"line":323,"column":38},"end":{"line":323,"column":39}}],"line":323},"28":{"loc":{"start":{"line":367,"column":2},"end":{"line":369,"column":3}},"type":"if","locations":[{"start":{"line":367,"column":2},"end":{"line":369,"column":3}},{"start":{},"end":{}}],"line":367},"29":{"loc":{"start":{"line":381,"column":2},"end":{"line":384,"column":3}},"type":"if","locations":[{"start":{"line":381,"column":2},"end":{"line":384,"column":3}},{"start":{},"end":{}}],"line":381},"30":{"loc":{"start":{"line":386,"column":2},"end":{"line":388,"column":3}},"type":"if","locations":[{"start":{"line":386,"column":2},"end":{"line":388,"column":3}},{"start":{},"end":{}}],"line":386},"31":{"loc":{"start":{"line":406,"column":2},"end":{"line":408,"column":3}},"type":"if","locations":[{"start":{"line":406,"column":2},"end":{"line":408,"column":3}},{"start":{},"end":{}}],"line":406},"32":{"loc":{"start":{"line":418,"column":26},"end":{"line":418,"column":57}},"type":"cond-expr","locations":[{"start":{"line":418,"column":37},"end":{"line":418,"column":45}},{"start":{"line":418,"column":48},"end":{"line":418,"column":57}}],"line":418},"33":{"loc":{"start":{"line":465,"column":2},"end":{"line":467,"column":3}},"type":"if","locations":[{"start":{"line":465,"column":2},"end":{"line":467,"column":3}},{"start":{},"end":{}}],"line":465},"34":{"loc":{"start":{"line":481,"column":2},"end":{"line":483,"column":3}},"type":"if","locations":[{"start":{"line":481,"column":2},"end":{"line":483,"column":3}},{"start":{},"end":{}}],"line":481},"35":{"loc":{"start":{"line":486,"column":16},"end":{"line":486,"column":65}},"type":"cond-expr","locations":[{"start":{"line":486,"column":47},"end":{"line":486,"column":60}},{"start":{"line":486,"column":63},"end":{"line":486,"column":65}}],"line":486},"36":{"loc":{"start":{"line":548,"column":2},"end":{"line":550,"column":3}},"type":"if","locations":[{"start":{"line":548,"column":2},"end":{"line":550,"column":3}},{"start":{},"end":{}}],"line":548},"37":{"loc":{"start":{"line":564,"column":2},"end":{"line":566,"column":3}},"type":"if","locations":[{"start":{"line":564,"column":2},"end":{"line":566,"column":3}},{"start":{},"end":{}}],"line":564},"38":{"loc":{"start":{"line":569,"column":23},"end":{"line":569,"column":47}},"type":"binary-expr","locations":[{"start":{"line":569,"column":23},"end":{"line":569,"column":29}},{"start":{"line":569,"column":33},"end":{"line":569,"column":47}}],"line":569},"39":{"loc":{"start":{"line":570,"column":18},"end":{"line":570,"column":71}},"type":"cond-expr","locations":[{"start":{"line":570,"column":51},"end":{"line":570,"column":66}},{"start":{"line":570,"column":69},"end":{"line":570,"column":71}}],"line":570},"40":{"loc":{"start":{"line":579,"column":19},"end":{"line":579,"column":86}},"type":"cond-expr","locations":[{"start":{"line":579,"column":53},"end":{"line":579,"column":63}},{"start":{"line":579,"column":66},"end":{"line":579,"column":86}}],"line":579},"41":{"loc":{"start":{"line":601,"column":30},"end":{"line":601,"column":45}},"type":"default-arg","locations":[{"start":{"line":601,"column":40},"end":{"line":601,"column":45}}],"line":601},"42":{"loc":{"start":{"line":607,"column":17},"end":{"line":607,"column":51}},"type":"binary-expr","locations":[{"start":{"line":607,"column":17},"end":{"line":607,"column":35}},{"start":{"line":607,"column":39},"end":{"line":607,"column":51}}],"line":607},"43":{"loc":{"start":{"line":735,"column":19},"end":{"line":735,"column":47}},"type":"binary-expr","locations":[{"start":{"line":735,"column":19},"end":{"line":735,"column":37}},{"start":{"line":735,"column":41},"end":{"line":735,"column":47}}],"line":735},"44":{"loc":{"start":{"line":736,"column":17},"end":{"line":736,"column":73}},"type":"cond-expr","locations":[{"start":{"line":736,"column":38},"end":{"line":736,"column":50}},{"start":{"line":736,"column":53},"end":{"line":736,"column":73}}],"line":736},"45":{"loc":{"start":{"line":764,"column":11},"end":{"line":764,"column":39}},"type":"cond-expr","locations":[{"start":{"line":764,"column":22},"end":{"line":764,"column":34}},{"start":{"line":764,"column":37},"end":{"line":764,"column":39}}],"line":764},"46":{"loc":{"start":{"line":781,"column":2},"end":{"line":793,"column":3}},"type":"if","locations":[{"start":{"line":781,"column":2},"end":{"line":793,"column":3}},{"start":{"line":789,"column":9},"end":{"line":793,"column":3}}],"line":781},"47":{"loc":{"start":{"line":784,"column":16},"end":{"line":784,"column":46}},"type":"binary-expr","locations":[{"start":{"line":784,"column":16},"end":{"line":784,"column":33}},{"start":{"line":784,"column":37},"end":{"line":784,"column":46}}],"line":784},"48":{"loc":{"start":{"line":787,"column":19},"end":{"line":787,"column":33}},"type":"binary-expr","locations":[{"start":{"line":787,"column":19},"end":{"line":787,"column":25}},{"start":{"line":787,"column":29},"end":{"line":787,"column":33}}],"line":787},"49":{"loc":{"start":{"line":811,"column":2},"end":{"line":813,"column":3}},"type":"if","locations":[{"start":{"line":811,"column":2},"end":{"line":813,"column":3}},{"start":{},"end":{}}],"line":811},"50":{"loc":{"start":{"line":852,"column":37},"end":{"line":852,"column":66}},"type":"binary-expr","locations":[{"start":{"line":852,"column":37},"end":{"line":852,"column":60}},{"start":{"line":852,"column":64},"end":{"line":852,"column":66}}],"line":852},"51":{"loc":{"start":{"line":906,"column":11},"end":{"line":906,"column":64}},"type":"cond-expr","locations":[{"start":{"line":906,"column":27},"end":{"line":906,"column":45}},{"start":{"line":906,"column":48},"end":{"line":906,"column":64}}],"line":906},"52":{"loc":{"start":{"line":907,"column":30},"end":{"line":907,"column":75}},"type":"cond-expr","locations":[{"start":{"line":907,"column":46},"end":{"line":907,"column":58}},{"start":{"line":907,"column":61},"end":{"line":907,"column":75}}],"line":907},"53":{"loc":{"start":{"line":908,"column":12},"end":{"line":908,"column":49}},"type":"cond-expr","locations":[{"start":{"line":908,"column":28},"end":{"line":908,"column":36}},{"start":{"line":908,"column":39},"end":{"line":908,"column":49}}],"line":908},"54":{"loc":{"start":{"line":909,"column":15},"end":{"line":909,"column":73}},"type":"binary-expr","locations":[{"start":{"line":909,"column":15},"end":{"line":909,"column":29}},{"start":{"line":909,"column":33},"end":{"line":909,"column":50}},{"start":{"line":909,"column":54},"end":{"line":909,"column":73}}],"line":909},"55":{"loc":{"start":{"line":946,"column":16},"end":{"line":946,"column":30}},"type":"default-arg","locations":[{"start":{"line":946,"column":25},"end":{"line":946,"column":30}}],"line":946},"56":{"loc":{"start":{"line":951,"column":2},"end":{"line":980,"column":3}},"type":"switch","locations":[{"start":{"line":952,"column":4},"end":{"line":957,"column":12}},{"start":{"line":959,"column":4},"end":{"line":968,"column":12}},{"start":{"line":970,"column":4},"end":{"line":976,"column":12}},{"start":{"line":978,"column":4},"end":{"line":979,"column":60}}],"line":951},"57":{"loc":{"start":{"line":1003,"column":17},"end":{"line":1003,"column":50}},"type":"binary-expr","locations":[{"start":{"line":1003,"column":17},"end":{"line":1003,"column":34}},{"start":{"line":1003,"column":38},"end":{"line":1003,"column":50}}],"line":1003},"58":{"loc":{"start":{"line":1033,"column":17},"end":{"line":1033,"column":50}},"type":"binary-expr","locations":[{"start":{"line":1033,"column":17},"end":{"line":1033,"column":34}},{"start":{"line":1033,"column":38},"end":{"line":1033,"column":50}}],"line":1033},"59":{"loc":{"start":{"line":1057,"column":18},"end":{"line":1057,"column":74}},"type":"cond-expr","locations":[{"start":{"line":1057,"column":29},"end":{"line":1057,"column":50}},{"start":{"line":1057,"column":53},"end":{"line":1057,"column":74}}],"line":1057},"60":{"loc":{"start":{"line":1058,"column":18},"end":{"line":1060,"column":84}},"type":"cond-expr","locations":[{"start":{"line":1059,"column":6},"end":{"line":1059,"column":83}},{"start":{"line":1060,"column":6},"end":{"line":1060,"column":84}}],"line":1058},"61":{"loc":{"start":{"line":1060,"column":52},"end":{"line":1060,"column":82}},"type":"binary-expr","locations":[{"start":{"line":1060,"column":52},"end":{"line":1060,"column":58}},{"start":{"line":1060,"column":62},"end":{"line":1060,"column":82}}],"line":1060},"62":{"loc":{"start":{"line":1071,"column":2},"end":{"line":1071,"column":20}},"type":"if","locations":[{"start":{"line":1071,"column":2},"end":{"line":1071,"column":20}},{"start":{},"end":{}}],"line":1071},"63":{"loc":{"start":{"line":1083,"column":40},"end":{"line":1083,"column":95}},"type":"binary-expr","locations":[{"start":{"line":1083,"column":40},"end":{"line":1083,"column":62}},{"start":{"line":1083,"column":66},"end":{"line":1083,"column":95}}],"line":1083},"64":{"loc":{"start":{"line":1089,"column":2},"end":{"line":1089,"column":20}},"type":"if","locations":[{"start":{"line":1089,"column":2},"end":{"line":1089,"column":20}},{"start":{},"end":{}}],"line":1089},"65":{"loc":{"start":{"line":1110,"column":9},"end":{"line":1110,"column":52}},"type":"binary-expr","locations":[{"start":{"line":1110,"column":9},"end":{"line":1110,"column":22}},{"start":{"line":1110,"column":26},"end":{"line":1110,"column":52}}],"line":1110}},"s":{"0":1,"1":1,"2":1,"3":1,"4":1,"5":1,"6":1,"7":1,"8":1,"9":1,"10":0,"11":0,"12":0,"13":0,"14":0,"15":0,"16":0,"17":0,"18":0,"19":0,"20":0,"21":0,"22":0,"23":0,"24":0,"25":0,"26":0,"27":0,"28":0,"29":0,"30":1,"31":0,"32":0,"33":0,"34":0,"35":1,"36":0,"37":1,"38":0,"39":0,"40":0,"41":0,"42":0,"43":0,"44":0,"45":0,"46":0,"47":1,"48":0,"49":0,"50":0,"51":0,"52":0,"53":0,"54":0,"55":0,"56":0,"57":0,"58":0,"59":1,"60":0,"61":0,"62":0,"63":0,"64":1,"65":0,"66":0,"67":0,"68":0,"69":0,"70":0,"71":1,"72":0,"73":0,"74":0,"75":0,"76":0,"77":0,"78":0,"79":0,"80":0,"81":0,"82":0,"83":0,"84":0,"85":1,"86":0,"87":0,"88":0,"89":0,"90":0,"91":0,"92":0,"93":0,"94":0,"95":0,"96":1,"97":0,"98":0,"99":0,"100":0,"101":0,"102":0,"103":0,"104":0,"105":0,"106":0,"107":1,"108":0,"109":0,"110":0,"111":0,"112":0,"113":0,"114":0,"115":0,"116":0,"117":0,"118":0,"119":0,"120":0,"121":0,"122":0,"123":0,"124":1,"125":0,"126":0,"127":0,"128":0,"129":1,"130":0,"131":0,"132":0,"133":0,"134":1,"135":0,"136":0,"137":0,"138":0,"139":0,"140":0,"141":0,"142":0,"143":0,"144":1,"145":0,"146":0,"147":0,"148":0,"149":0,"150":0,"151":0,"152":0,"153":0,"154":0,"155":1,"156":0,"157":0,"158":0,"159":0,"160":1,"161":0,"162":0,"163":0,"164":0,"165":1,"166":0,"167":0,"168":0,"169":0,"170":0,"171":0,"172":0,"173":0,"174":0,"175":0,"176":0,"177":0,"178":0,"179":1,"180":0,"181":0,"182":0,"183":0,"184":1,"185":0,"186":0,"187":0,"188":0,"189":1,"190":0,"191":0,"192":0,"193":0,"194":0,"195":0,"196":0,"197":0,"198":0,"199":0,"200":0,"201":0,"202":0,"203":0,"204":0,"205":1,"206":0,"207":0,"208":0,"209":0,"210":0,"211":0,"212":1,"213":0,"214":0,"215":0,"216":0,"217":0,"218":1,"219":0,"220":0,"221":0,"222":0,"223":1,"224":0,"225":0,"226":0,"227":0,"228":0,"229":0,"230":0,"231":1,"232":0,"233":0,"234":0,"235":1,"236":0,"237":0,"238":0,"239":0,"240":0,"241":0,"242":0,"243":0,"244":0,"245":0,"246":0,"247":1,"248":0,"249":0,"250":0,"251":0,"252":0,"253":0,"254":0,"255":0,"256":0,"257":0,"258":1,"259":0,"260":0,"261":0,"262":1,"263":0,"264":0,"265":0,"266":0,"267":0,"268":0,"269":0,"270":0,"271":0,"272":0,"273":0,"274":0,"275":0,"276":0,"277":0,"278":0,"279":0,"280":1,"281":0,"282":0,"283":0,"284":0,"285":0,"286":0,"287":0,"288":0,"289":0,"290":0,"291":0,"292":0,"293":0,"294":0,"295":0,"296":0,"297":0,"298":0,"299":1,"300":0,"301":0,"302":0,"303":0,"304":0,"305":0,"306":1,"307":0,"308":0,"309":0,"310":0,"311":0,"312":0,"313":0,"314":0,"315":1,"316":0,"317":0,"318":0,"319":1,"320":0,"321":0,"322":0,"323":0,"324":0,"325":1,"326":0,"327":0,"328":0,"329":0,"330":1,"331":0,"332":1,"333":0,"334":0,"335":1},"f":{"0":0,"1":0,"2":0,"3":0,"4":0,"5":0,"6":0,"7":0,"8":0,"9":0,"10":0,"11":0,"12":0,"13":0,"14":0,"15":0,"16":0,"17":0,"18":0,"19":0,"20":0,"21":0,"22":0,"23":0,"24":0,"25":0,"26":0,"27":0,"28":0,"29":0,"30":0,"31":0,"32":0,"33":0,"34":0,"35":0,"36":0,"37":0,"38":0,"39":0,"40":0,"41":0,"42":0,"43":0,"44":0,"45":0,"46":0,"47":0,"48":0,"49":0,"50":0,"51":0,"52":0},"b":{"0":[0,0],"1":[0,0],"2":[0,0],"3":[0,0],"4":[0,0],"5":[0,0],"6":[0,0],"7":[0,0],"8":[0,0],"9":[0,0],"10":[0,0],"11":[0,0],"12":[0,0],"13":[0,0],"14":[0,0],"15":[0,0],"16":[0,0],"17":[0,0],"18":[0,0],"19":[0,0],"20":[0,0],"21":[0,0],"22":[0,0],"23":[0,0],"24":[0,0],"25":[0],"26":[0,0,0,0,0],"27":[0,0],"28":[0,0],"29":[0,0],"30":[0,0],"31":[0,0],"32":[0,0],"33":[0,0],"34":[0,0],"35":[0,0],"36":[0,0],"37":[0,0],"38":[0,0],"39":[0,0],"40":[0,0],"41":[0],"42":[0,0],"43":[0,0],"44":[0,0],"45":[0,0],"46":[0,0],"47":[0,0],"48":[0,0],"49":[0,0],"50":[0,0],"51":[0,0],"52":[0,0],"53":[0,0],"54":[0,0,0],"55":[0],"56":[0,0,0,0],"57":[0,0],"58":[0,0],"59":[0,0],"60":[0,0],"61":[0,0],"62":[0,0],"63":[0,0],"64":[0,0],"65":[0,0]},"_coverageSchema":"1a1c01bbd47fc00a2c39e90264f33305004495a9","hash":"4f299826a5c97504a0772a5d3a0ad92dcb856bec"}
,"/Users/bijakonwarcharkuoth/Desktop/CarEase /BackEnd/src/Controllers/AuthController.js": {"path":"/Users/bijakonwarcharkuoth/Desktop/CarEase /BackEnd/src/Controllers/AuthController.js","statementMap":{"0":{"start":{"line":2,"column":15},"end":{"line":2,"column":32}},"1":{"start":{"line":3,"column":12},"end":{"line":3,"column":35}},"2":{"start":{"line":4,"column":15},"end":{"line":4,"column":34}},"3":{"start":{"line":5,"column":15},"end":{"line":5,"column":35}},"4":{"start":{"line":6,"column":13},"end":{"line":6,"column":38}},"5":{"start":{"line":7,"column":17},"end":{"line":7,"column":45}},"6":{"start":{"line":8,"column":19},"end":{"line":8,"column":49}},"7":{"start":{"line":9,"column":40},"end":{"line":9,"column":67}},"8":{"start":{"line":11,"column":18},"end":{"line":15,"column":1}},"9":{"start":{"line":12,"column":2},"end":{"line":14,"column":5}},"10":{"start":{"line":17,"column":21},"end":{"line":27,"column":1}},"11":{"start":{"line":18,"column":15},"end":{"line":18,"column":66}},"12":{"start":{"line":19,"column":2},"end":{"line":19,"column":27}},"13":{"start":{"line":20,"column":2},"end":{"line":20,"column":33}},"14":{"start":{"line":21,"column":2},"end":{"line":21,"column":35}},"15":{"start":{"line":22,"column":2},"end":{"line":22,"column":37}},"16":{"start":{"line":23,"column":2},"end":{"line":23,"column":39}},"17":{"start":{"line":24,"column":2},"end":{"line":24,"column":30}},"18":{"start":{"line":25,"column":2},"end":{"line":25,"column":26}},"19":{"start":{"line":26,"column":2},"end":{"line":26,"column":14}},"20":{"start":{"line":29,"column":24},"end":{"line":39,"column":1}},"21":{"start":{"line":30,"column":16},"end":{"line":30,"column":34}},"22":{"start":{"line":32,"column":2},"end":{"line":38,"column":5}},"23":{"start":{"line":42,"column":0},"end":{"line":62,"column":3}},"24":{"start":{"line":43,"column":18},"end":{"line":43,"column":33}},"25":{"start":{"line":44,"column":2},"end":{"line":46,"column":3}},"26":{"start":{"line":45,"column":4},"end":{"line":45,"column":30}},"27":{"start":{"line":48,"column":2},"end":{"line":50,"column":3}},"28":{"start":{"line":49,"column":4},"end":{"line":49,"column":77}},"29":{"start":{"line":51,"column":2},"end":{"line":53,"column":3}},"30":{"start":{"line":52,"column":4},"end":{"line":52,"column":61}},"31":{"start":{"line":55,"column":23},"end":{"line":55,"column":62}},"32":{"start":{"line":56,"column":15},"end":{"line":59,"column":4}},"33":{"start":{"line":61,"column":2},"end":{"line":61,"column":34}},"34":{"start":{"line":65,"column":0},"end":{"line":96,"column":3}},"35":{"start":{"line":66,"column":30},"end":{"line":66,"column":38}},"36":{"start":{"line":68,"column":2},"end":{"line":70,"column":3}},"37":{"start":{"line":69,"column":4},"end":{"line":69,"column":72}},"38":{"start":{"line":72,"column":15},"end":{"line":75,"column":4}},"39":{"start":{"line":76,"column":2},"end":{"line":78,"column":3}},"40":{"start":{"line":77,"column":4},"end":{"line":77,"column":66}},"41":{"start":{"line":80,"column":2},"end":{"line":82,"column":3}},"42":{"start":{"line":81,"column":4},"end":{"line":81,"column":81}},"43":{"start":{"line":84,"column":20},"end":{"line":84,"column":56}},"44":{"start":{"line":85,"column":2},"end":{"line":88,"column":3}},"45":{"start":{"line":86,"column":4},"end":{"line":86,"column":34}},"46":{"start":{"line":87,"column":4},"end":{"line":87,"column":66}},"47":{"start":{"line":90,"column":2},"end":{"line":90,"column":25}},"48":{"start":{"line":91,"column":2},"end":{"line":91,"column":24}},"49":{"start":{"line":92,"column":2},"end":{"line":92,"column":30}},"50":{"start":{"line":93,"column":2},"end":{"line":93,"column":20}},"51":{"start":{"line":95,"column":2},"end":{"line":95,"column":34}},"52":{"start":{"line":99,"column":0},"end":{"line":115,"column":3}},"53":{"start":{"line":100,"column":20},"end":{"line":100,"column":28}},"54":{"start":{"line":101,"column":15},"end":{"line":101,"column":55}},"55":{"start":{"line":103,"column":2},"end":{"line":105,"column":3}},"56":{"start":{"line":104,"column":4},"end":{"line":104,"column":79}},"57":{"start":{"line":107,"column":21},"end":{"line":107,"column":52}},"58":{"start":{"line":108,"column":2},"end":{"line":108,"column":20}},"59":{"start":{"line":110,"column":2},"end":{"line":114,"column":5}},"60":{"start":{"line":118,"column":0},"end":{"line":148,"column":3}},"61":{"start":{"line":119,"column":22},"end":{"line":122,"column":18}},"62":{"start":{"line":124,"column":15},"end":{"line":129,"column":4}},"63":{"start":{"line":131,"column":2},"end":{"line":133,"column":3}},"64":{"start":{"line":132,"column":4},"end":{"line":132,"column":70}},"65":{"start":{"line":135,"column":2},"end":{"line":137,"column":3}},"66":{"start":{"line":136,"column":4},"end":{"line":136,"column":77}},"67":{"start":{"line":138,"column":2},"end":{"line":140,"column":3}},"68":{"start":{"line":139,"column":4},"end":{"line":139,"column":61}},"69":{"start":{"line":142,"column":2},"end":{"line":142,"column":63}},"70":{"start":{"line":143,"column":2},"end":{"line":143,"column":33}},"71":{"start":{"line":144,"column":2},"end":{"line":144,"column":35}},"72":{"start":{"line":145,"column":2},"end":{"line":145,"column":20}},"73":{"start":{"line":147,"column":2},"end":{"line":147,"column":34}},"74":{"start":{"line":151,"column":0},"end":{"line":177,"column":3}},"75":{"start":{"line":152,"column":22},"end":{"line":155,"column":18}},"76":{"start":{"line":157,"column":15},"end":{"line":162,"column":4}},"77":{"start":{"line":164,"column":2},"end":{"line":166,"column":3}},"78":{"start":{"line":165,"column":4},"end":{"line":165,"column":83}},"79":{"start":{"line":168,"column":2},"end":{"line":168,"column":30}},"80":{"start":{"line":169,"column":2},"end":{"line":169,"column":37}},"81":{"start":{"line":170,"column":2},"end":{"line":170,"column":39}},"82":{"start":{"line":171,"column":2},"end":{"line":171,"column":20}},"83":{"start":{"line":173,"column":2},"end":{"line":176,"column":5}},"84":{"start":{"line":180,"column":0},"end":{"line":200,"column":3}},"85":{"start":{"line":181,"column":20},"end":{"line":181,"column":28}},"86":{"start":{"line":182,"column":15},"end":{"line":182,"column":55}},"87":{"start":{"line":184,"column":2},"end":{"line":186,"column":3}},"88":{"start":{"line":185,"column":4},"end":{"line":185,"column":79}},"89":{"start":{"line":188,"column":2},"end":{"line":190,"column":3}},"90":{"start":{"line":189,"column":4},"end":{"line":189,"column":64}},"91":{"start":{"line":192,"column":28},"end":{"line":192,"column":63}},"92":{"start":{"line":193,"column":2},"end":{"line":193,"column":20}},"93":{"start":{"line":195,"column":2},"end":{"line":199,"column":5}},"94":{"start":{"line":203,"column":0},"end":{"line":223,"column":3}},"95":{"start":{"line":204,"column":16},"end":{"line":204,"column":104}},"96":{"start":{"line":206,"column":2},"end":{"line":208,"column":3}},"97":{"start":{"line":207,"column":4},"end":{"line":207,"column":64}},"98":{"start":{"line":211,"column":2},"end":{"line":215,"column":3}},"99":{"start":{"line":212,"column":4},"end":{"line":212,"column":72}},"100":{"start":{"line":214,"column":4},"end":{"line":214,"column":52}},"101":{"start":{"line":217,"column":15},"end":{"line":217,"column":46}},"102":{"start":{"line":218,"column":2},"end":{"line":220,"column":3}},"103":{"start":{"line":219,"column":4},"end":{"line":219,"column":88}},"104":{"start":{"line":222,"column":2},"end":{"line":222,"column":34}},"105":{"start":{"line":226,"column":0},"end":{"line":228,"column":2}},"106":{"start":{"line":227,"column":2},"end":{"line":227,"column":46}},"107":{"start":{"line":231,"column":0},"end":{"line":238,"column":3}},"108":{"start":{"line":232,"column":2},"end":{"line":237,"column":5}},"109":{"start":{"line":241,"column":0},"end":{"line":264,"column":3}},"110":{"start":{"line":242,"column":24},"end":{"line":242,"column":100}},"111":{"start":{"line":243,"column":18},"end":{"line":243,"column":20}},"112":{"start":{"line":245,"column":2},"end":{"line":249,"column":5}},"113":{"start":{"line":246,"column":4},"end":{"line":248,"column":5}},"114":{"start":{"line":247,"column":6},"end":{"line":247,"column":39}},"115":{"start":{"line":251,"column":15},"end":{"line":251,"column":47}},"116":{"start":{"line":252,"column":2},"end":{"line":254,"column":3}},"117":{"start":{"line":253,"column":4},"end":{"line":253,"column":53}},"118":{"start":{"line":255,"column":2},"end":{"line":255,"column":31}},"119":{"start":{"line":256,"column":2},"end":{"line":256,"column":20}},"120":{"start":{"line":258,"column":2},"end":{"line":263,"column":5}},"121":{"start":{"line":267,"column":0},"end":{"line":288,"column":3}},"122":{"start":{"line":268,"column":15},"end":{"line":270,"column":4}},"123":{"start":{"line":272,"column":20},"end":{"line":272,"column":72}},"124":{"start":{"line":273,"column":2},"end":{"line":275,"column":3}},"125":{"start":{"line":274,"column":4},"end":{"line":274,"column":73}},"126":{"start":{"line":277,"column":2},"end":{"line":279,"column":3}},"127":{"start":{"line":278,"column":4},"end":{"line":278,"column":81}},"128":{"start":{"line":280,"column":2},"end":{"line":282,"column":3}},"129":{"start":{"line":281,"column":4},"end":{"line":281,"column":61}},"130":{"start":{"line":284,"column":2},"end":{"line":284,"column":66}},"131":{"start":{"line":285,"column":2},"end":{"line":285,"column":20}},"132":{"start":{"line":287,"column":2},"end":{"line":287,"column":34}},"133":{"start":{"line":291,"column":0},"end":{"line":298,"column":3}},"134":{"start":{"line":292,"column":15},"end":{"line":292,"column":47}},"135":{"start":{"line":293,"column":2},"end":{"line":296,"column":3}},"136":{"start":{"line":294,"column":4},"end":{"line":294,"column":26}},"137":{"start":{"line":295,"column":4},"end":{"line":295,"column":22}},"138":{"start":{"line":297,"column":2},"end":{"line":297,"column":46}},"139":{"start":{"line":301,"column":0},"end":{"line":318,"column":3}},"140":{"start":{"line":302,"column":15},"end":{"line":302,"column":47}},"141":{"start":{"line":303,"column":17},"end":{"line":303,"column":34}},"142":{"start":{"line":304,"column":22},"end":{"line":304,"column":70}},"143":{"start":{"line":304,"column":54},"end":{"line":304,"column":69}},"144":{"start":{"line":306,"column":2},"end":{"line":306,"column":32}},"145":{"start":{"line":307,"column":2},"end":{"line":307,"column":32}},"146":{"start":{"line":308,"column":2},"end":{"line":308,"column":33}},"147":{"start":{"line":309,"column":2},"end":{"line":309,"column":20}},"148":{"start":{"line":311,"column":2},"end":{"line":317,"column":5}},"149":{"start":{"line":320,"column":0},"end":{"line":336,"column":3}},"150":{"start":{"line":321,"column":19},"end":{"line":321,"column":27}},"151":{"start":{"line":322,"column":2},"end":{"line":324,"column":3}},"152":{"start":{"line":323,"column":4},"end":{"line":323,"column":68}},"153":{"start":{"line":326,"column":15},"end":{"line":326,"column":47}},"154":{"start":{"line":327,"column":2},"end":{"line":329,"column":3}},"155":{"start":{"line":328,"column":4},"end":{"line":328,"column":64}},"156":{"start":{"line":331,"column":2},"end":{"line":331,"column":64}},"157":{"start":{"line":331,"column":52},"end":{"line":331,"column":62}},"158":{"start":{"line":332,"column":2},"end":{"line":332,"column":31}},"159":{"start":{"line":333,"column":2},"end":{"line":333,"column":20}},"160":{"start":{"line":335,"column":2},"end":{"line":335,"column":46}},"161":{"start":{"line":338,"column":0},"end":{"line":348,"column":3}},"162":{"start":{"line":339,"column":15},"end":{"line":339,"column":47}},"163":{"start":{"line":340,"column":2},"end":{"line":345,"column":3}},"164":{"start":{"line":341,"column
[...]
if","locations":[{"start":{"line":130,"column":9},"end":{"line":132,"column":3}},{"start":{},"end":{}}],"line":130},"24":{"loc":{"start":{"line":140,"column":45},"end":{"line":140,"column":60}},"type":"default-arg","locations":[{"start":{"line":140,"column":59},"end":{"line":140,"column":60}}],"line":140},"25":{"loc":{"start":{"line":141,"column":24},"end":{"line":141,"column":40}},"type":"binary-expr","locations":[{"start":{"line":141,"column":24},"end":{"line":141,"column":35}},{"start":{"line":141,"column":39},"end":{"line":141,"column":40}}],"line":141},"26":{"loc":{"start":{"line":142,"column":2},"end":{"line":142,"column":32}},"type":"if","locations":[{"start":{"line":142,"column":2},"end":{"line":142,"column":32}},{"start":{},"end":{}}],"line":142},"27":{"loc":{"start":{"line":146,"column":27},"end":{"line":146,"column":37}},"type":"binary-expr","locations":[{"start":{"line":146,"column":27},"end":{"line":146,"column":31}},{"start":{"line":146,"column":35},"end":{"line":146,"column":37}}],"line":146},"28":{"loc":{"start":{"line":147,"column":11},"end":{"line":147,"column":72}},"type":"binary-expr","locations":[{"start":{"line":147,"column":11},"end":{"line":147,"column":36}},{"start":{"line":147,"column":40},"end":{"line":147,"column":72}}],"line":147},"29":{"loc":{"start":{"line":149,"column":2},"end":{"line":149,"column":30}},"type":"if","locations":[{"start":{"line":149,"column":2},"end":{"line":149,"column":30}},{"start":{},"end":{}}],"line":149},"30":{"loc":{"start":{"line":158,"column":9},"end":{"line":158,"column":37}},"type":"binary-expr","locations":[{"start":{"line":158,"column":9},"end":{"line":158,"column":31}},{"start":{"line":158,"column":35},"end":{"line":158,"column":37}}],"line":158},"31":{"loc":{"start":{"line":164,"column":44},"end":{"line":164,"column":59}},"type":"default-arg","locations":[{"start":{"line":164,"column":58},"end":{"line":164,"column":59}}],"line":164},"32":{"loc":{"start":{"line":165,"column":24},"end":{"line":165,"column":40}},"type":"binary-expr","locations":[{"start":{"line":165,"column":24},"end":{"line":165,"column":35}},{"start":{"line":165,"column":39},"end":{"line":165,"column":40}}],"line":165},"33":{"loc":{"start":{"line":166,"column":2},"end":{"line":166,"column":32}},"type":"if","locations":[{"start":{"line":166,"column":2},"end":{"line":166,"column":32}},{"start":{},"end":{}}],"line":166},"34":{"loc":{"start":{"line":170,"column":27},"end":{"line":170,"column":37}},"type":"binary-expr","locations":[{"start":{"line":170,"column":27},"end":{"line":170,"column":31}},{"start":{"line":170,"column":35},"end":{"line":170,"column":37}}],"line":170},"35":{"loc":{"start":{"line":171,"column":11},"end":{"line":171,"column":76}},"type":"binary-expr","locations":[{"start":{"line":171,"column":11},"end":{"line":171,"column":38}},{"start":{"line":171,"column":42},"end":{"line":171,"column":76}}],"line":171},"36":{"loc":{"start":{"line":173,"column":2},"end":{"line":173,"column":32}},"type":"if","locations":[{"start":{"line":173,"column":2},"end":{"line":173,"column":32}},{"start":{},"end":{}}],"line":173},"37":{"loc":{"start":{"line":182,"column":16},"end":{"line":182,"column":40}},"type":"binary-expr","locations":[{"start":{"line":182,"column":16},"end":{"line":182,"column":35}},{"start":{"line":182,"column":39},"end":{"line":182,"column":40}}],"line":182},"38":{"loc":{"start":{"line":183,"column":10},"end":{"line":183,"column":45}},"type":"binary-expr","locations":[{"start":{"line":183,"column":10},"end":{"line":183,"column":39}},{"start":{"line":183,"column":43},"end":{"line":183,"column":45}}],"line":183},"39":{"loc":{"start":{"line":190,"column":42},"end":{"line":190,"column":114}},"type":"binary-expr","locations":[{"start":{"line":190,"column":42},"end":{"line":190,"column":63}},{"start":{"line":190,"column":67},"end":{"line":190,"column":114}}],"line":190},"40":{"loc":{"start":{"line":190,"column":74},"end":{"line":190,"column":84}},"type":"binary-expr","locations":[{"start":{"line":190,"column":74},"end":{"line":190,"column":78}},{"start":{"line":190,"column":82},"end":{"line":190,"column":84}}],"line":190},"41":{"loc":{"start":{"line":191,"column":2},"end":{"line":191,"column":30}},"type":"if","locations":[{"start":{"line":191,"column":2},"end":{"line":191,"column":30}},{"start":{},"end":{}}],"line":191},"42":{"loc":{"start":{"line":195,"column":19},"end":{"line":195,"column":46}},"type":"binary-expr","locations":[{"start":{"line":195,"column":19},"end":{"line":195,"column":40}},{"start":{"line":195,"column":44},"end":{"line":195,"column":46}}],"line":195},"43":{"loc":{"start":{"line":203,"column":43},"end":{"line":203,"column":58}},"type":"default-arg","locations":[{"start":{"line":203,"column":57},"end":{"line":203,"column":58}}],"line":203},"44":{"loc":{"start":{"line":203,"column":60},"end":{"line":203,"column":76}},"type":"default-arg","locations":[{"start":{"line":203,"column":74},"end":{"line":203,"column":76}}],"line":203},"45":{"loc":{"start":{"line":204,"column":24},"end":{"line":204,"column":40}},"type":"binary-expr","locations":[{"start":{"line":204,"column":24},"end":{"line":204,"column":35}},{"start":{"line":204,"column":39},"end":{"line":204,"column":40}}],"line":204},"46":{"loc":{"start":{"line":205,"column":2},"end":{"line":205,"column":32}},"type":"if","locations":[{"start":{"line":205,"column":2},"end":{"line":205,"column":32}},{"start":{},"end":{}}],"line":205},"47":{"loc":{"start":{"line":206,"column":2},"end":{"line":213,"column":3}},"type":"if","locations":[{"start":{"line":206,"column":2},"end":{"line":213,"column":3}},{"start":{},"end":{}}],"line":206},"48":{"loc":{"start":{"line":206,"column":6},"end":{"line":206,"column":51}},"type":"binary-expr","locations":[{"start":{"line":206,"column":6},"end":{"line":206,"column":28}},{"start":{"line":206,"column":32},"end":{"line":206,"column":51}}],"line":206},"49":{"loc":{"start":{"line":212,"column":11},"end":{"line":212,"column":73}},"type":"binary-expr","locations":[{"start":{"line":212,"column":11},"end":{"line":212,"column":65}},{"start":{"line":212,"column":69},"end":{"line":212,"column":73}}],"line":212},"50":{"loc":{"start":{"line":212,"column":32},"end":{"line":212,"column":49}},"type":"binary-expr","locations":[{"start":{"line":212,"column":32},"end":{"line":212,"column":43}},{"start":{"line":212,"column":47},"end":{"line":212,"column":49}}],"line":212},"51":{"loc":{"start":{"line":215,"column":18},"end":{"line":218,"column":16}},"type":"binary-expr","locations":[{"start":{"line":215,"column":18},"end":{"line":218,"column":3}},{"start":{"line":218,"column":7},"end":{"line":218,"column":16}}],"line":215},"52":{"loc":{"start":{"line":216,"column":4},"end":{"line":217,"column":94}},"type":"binary-expr","locations":[{"start":{"line":216,"column":4},"end":{"line":216,"column":96}},{"start":{"line":217,"column":4},"end":{"line":217,"column":94}}],"line":216},"53":{"loc":{"start":{"line":216,"column":68},"end":{"line":216,"column":80}},"type":"binary-expr","locations":[{"start":{"line":216,"column":68},"end":{"line":216,"column":74}},{"start":{"line":216,"column":78},"end":{"line":216,"column":80}}],"line":216},"54":{"loc":{"start":{"line":217,"column":68},"end":{"line":217,"column":78}},"type":"binary-expr","locations":[{"start":{"line":217,"column":68},"end":{"line":217,"column":72}},{"start":{"line":217,"column":76},"end":{"line":217,"column":78}}],"line":217},"55":{"loc":{"start":{"line":220,"column":24},"end":{"line":220,"column":60}},"type":"binary-expr","locations":[{"start":{"line":220,"column":24},"end":{"line":220,"column":37}},{"start":{"line":220,"column":41},"end":{"line":220,"column":55}},{"start":{"line":220,"column":59},"end":{"line":220,"column":60}}],"line":220},"56":{"loc":{"start":{"line":221,"column":9},"end":{"line":221,"column":45}},"type":"cond-expr","locations":[{"start":{"line":221,"column":35},"end":{"line":221,"column":41}},{"start":{"line":221,"column":44},"end":{"line":221,"column":45}}],"line":221},"57":{"loc":{"start":{"line":241,"column":15},"end":{"line":243,"column":7}},"type":"cond-expr","locations":[{"start":{"line":242,"column":6},"end":{"line":242,"column":95}},{"start":{"line":243,"column":6},"end":{"line":243,"column":7}}],"line":241},"58":{"loc":{"start":{"line":246,"column":17},"end":{"line":246,"column":57}},"type":"binary-expr","locations":[{"start":{"line":246,"column":17},"end":{"line":246,"column":37}},{"start":{"line":246,"column":41},"end":{"line":246,"column":52}},{"start":{"line":246,"column":56},"end":{"line":246,"column":57}}],"line":246},"59":{"loc":{"start":{"line":247,"column":21},"end":{"line":247,"column":44}},"type":"cond-expr","locations":[{"start":{"line":247,"column":36},"end":{"line":247,"column":40}},{"start":{"line":247,"column":43},"end":{"line":247,"column":44}}],"line":247},"60":{"loc":{"start":{"line":247,"column":49},"end":{"line":247,"column":68}},"type":"binary-expr","locations":[{"start":{"line":247,"column":49},"end":{"line":247,"column":63}},{"start":{"line":247,"column":67},"end":{"line":247,"column":68}}],"line":247},"61":{"loc":{"start":{"line":258,"column":2},"end":{"line":258,"column":25}},"type":"if","locations":[{"start":{"line":258,"column":2},"end":{"line":258,"column":25}},{"start":{},"end":{}}],"line":258},"62":{"loc":{"start":{"line":261,"column":24},"end":{"line":261,"column":81}},"type":"binary-expr","locations":[{"start":{"line":261,"column":24},"end":{"line":261,"column":45}},{"start":{"line":261,"column":49},"end":{"line":261,"column":81}}],"line":261},"63":{"loc":{"start":{"line":271,"column":2},"end":{"line":271,"column":35}},"type":"if","locations":[{"start":{"line":271,"column":2},"end":{"line":271,"column":35}},{"start":{},"end":{}}],"line":271},"64":{"loc":{"start":{"line":274,"column":24},"end":{"line":274,"column":60}},"type":"binary-expr","locations":[{"start":{"line":274,"column":24},"end":{"line":274,"column":45}},{"start":{"line":274,"column":49},"end":{"line":274,"column":60}}],"line":274},"65":{"loc":{"start":{"line":291,"column":2},"end":{"line":291,"column":30}},"type":"if","locations":[{"start":{"line":291,"column":2},"end":{"line":291,"column":30}},{"start":{},"end":{}}],"line":291},"66":{"loc":{"start":{"line":311,"column":9},"end":{"line":311,"column":51}},"type":"binary-expr","locations":[{"start":{"line":311,"column":9},"end":{"line":311,"column":34}},{"start":{"line":311,"column":38},"end":{"line":311,"column":51}}],"line":311}},"s":{"0":1,"1":1,"2":1,"3":0,"4":0,"5":0,"6":0,"7":0,"8":0,"9":0,"10":0,"11":0,"12":0,"13":0,"14":0,"15":0,"16":0,"17":0,"18":0,"19":0,"20":0,"21":0,"22":0,"23":0,"24":0,"25":0,"26":0,"27":0,"28":0,"29":0,"30":0,"31":0,"32":0,"33":0,"34":0,"35":0,"36":0,"37":0,"38":0,"39":1,"40":0,"41":0,"42":0,"43":0,"44":0,"45":0,"46":0,"47":0,"48":0,"49":0,"50":0,"51":0,"52":0,"53":1,"54":0,"55":0,"56":0,"57":0,"58":0,"59":0,"60":0,"61":0,"62":0,"63":0,"64":0,"65":1,"66":0,"67":0,"68":0,"69":0,"70":0,"71":0,"72":0,"73":0,"74":0,"75":0,"76":0,"77":0,"78":1,"79":0,"80":0,"81":0,"82":0,"83":0,"84":0,"85":0,"86":0,"87":1,"88":0,"89":0,"90":0,"91":0,"92":0,"93":0,"94":0,"95":0,"96":0,"97":0,"98":1,"99":0,"100":0,"101":0,"102":0,"103":0,"104":0,"105":0,"106":1,"107":0,"108":0,"109":0,"110":0,"111":0,"112":0,"113":1,"114":0,"115":0,"116":0,"117":0,"118":0,"119":1,"120":0,"121":0,"122":0,"123":0,"124":0,"125":1,"126":0,"127":0},"f":{"0":0,"1":0,"2":0,"3":0,"4":0,"5":0,"6":0,"7":0,"8":0,"9":0,"10":0,"11":0,"12":0,"13":0,"14":0,"15":0,"16":0},"b":{"0":[0],"1":[0,0],"2":[0,0],"3":[0,0,0],"4":[0,0,0,0,0,0],"5":[0,0],"6":[0,0],"7":[0,0],"8":[0,0],"9":[0,0],"10":[0,0],"11":[0,0],"12":[0,0],"13":[0,0],"14":[0,0],"15":[0,0],"16":[0,0],"17":[0],"18":[0,0],"19":[0,0],"20":[0,0],"21":[0,0],"22":[0,0],"23":[0,0],"24":[0],"25":[0,0],"26":[0,0],"27":[0,0],"28":[0,0],"29":[0,0],"30":[0,0],"31":[0],"32":[0,0],"33":[0,0],"34":[0,0],"35":[0,0],"36":[0,0],"37":[0,0],"38":[0,0],"39":[0,0],"40":[0,0],"41":[0,0],"42":[0,0],"43":[0],"44":[0],"45":[0,0],"46":[0,0],"47":[0,0],"48":[0,0],"49":[0,0],"50":[0,0],"51":[0,0],"52":[0,0],"53":[0,0],"54":[0,0],"55":[0,0,0],"56":[0,0],"57":[0,0],"58":[0,0,0],"59":[0,0],"60":[0,0],"61":[0,0],"62":[0,0],"63":[0,0],"64":[0,0],"65":[0,0],"66":[0,0]},"_coverageSchema":"1a1c01bbd47fc00a2c39e90264f33305004495a9","hash":"6af03821c4577fd6b40efa8bc023f75719c54991"}
,"/Users/bijakonwarcharkuoth/Desktop/CarEase /BackEnd/src/Utils/ReceiptGenerator.js": {"path":"/Users/bijakonwarcharkuoth/Desktop/CarEase /BackEnd/src/Utils/ReceiptGenerator.js","statementMap":{"0":{"start":{"line":2,"column":20},"end":{"line":2,"column":37}},"1":{"start":{"line":3,"column":27},"end":{"line":3,"column":47}},"2":{"start":{"line":8,"column":0},"end":{"line":42,"column":2}},"3":{"start":{"line":9,"column":2},"end":{"line":41,"column":5}},"4":{"start":{"line":10,"column":4},"end":{"line":40,"column":5}},"5":{"start":{"line":11,"column":18},"end":{"line":11,"column":61}},"6":{"start":{"line":12,"column":21},"end":{"line":12,"column":23}},"7":{"start":{"line":14,"column":6},"end":{"line":14,"column":52}},"8":{"start":{"line":14,"column":32},"end":{"line":14,"column":50}},"9":{"start":{"line":15,"column":6},"end":{"line":15,"column":58}},"10":{"start":{"line":15,"column":26},"end":{"line":15,"column":56}},"11":{"start":{"line":16,"column":6},"end":{"line":16,"column":30}},"12":{"start":{"line":18,"column":6},"end":{"line":18,"column":68}},"13":{"start":{"line":19,"column":6},"end":{"line":19,"column":21}},"14":{"start":{"line":21,"column":6},"end":{"line":21,"column":82}},"15":{"start":{"line":22,"column":6},"end":{"line":22,"column":116}},"16":{"start":{"line":23,"column":6},"end":{"line":23,"column":92}},"17":{"start":{"line":24,"column":6},"end":{"line":24,"column":72}},"18":{"start":{"line":25,"column":6},"end":{"line":25,"column":21}},"19":{"start":{"line":27,"column":6},"end":{"line":32,"column":7}},"20":{"start":{"line":28,"column":8},"end":{"line":28,"column":71}},"21":{"start":{"line":29,"column":8},"end":{"line":31,"column":9}},"22":{"start":{"line":30,"column":10},"end":{"line":30,"column":54}},"23":{"start":{"line":34,"column":6},"end":{"line":34,"column":21}},"24":{"start":{"line":35,"column":6},"end":{"line":35,"column":67}},"25":{"start":{"line":37,"column":6},"end":{"line":37,"column":16}},"26":{"start":{"line":39,"column":6},"end":{"line":39,"column":18}}},"fnMap":{"0":{"name":"(anonymous_0)","decl":{"start":{"line":8,"column":26},"end":{"line":8,"column":27}},"loc":{"start":{"line":8,"column":48},"end":{"line":42,"column":1}},"line":8},"1":{"name":"(anonymous_1)","decl":{"start":{"line":9,"column":21},"end":{"line":9,"column":22}},"loc":{"start":{"line":9,"column":42},"end":{"line":41,"column":3}},"line":9},"2":{"name":"(anonymous_2)","decl":{"start":{"line":14,"column":21},"end":{"line":14,"column":22}},"loc":{"start":{"line":14,"column":32},"end":{"line":14,"column":50}},"line":14},"3":{"name":"(anonymous_3)","decl":{"start":{"line":15,"column":20},"end":{"line":15,"column":21}},"loc":{"start":{"line":15,"column":26},"end":{"line":15,"column":56}},"line":15}},"branchMap":{"0":{"loc":{"start":{"line":21,"column":42},"end":{"line":21,"column":78}},"type":"binary-expr","locations":[{"start":{"line":21,"column":42},"end":{"line":21,"column":63}},{"start":{"line":21,"column":67},"end":{"line":21,"column":78}}],"line":21},"1":{"loc":{"start":{"line":22,"column":33},"end":{"line":22,"column":87}},"type":"binary-expr","locations":[{"start":{"line":22,"column":33},"end":{"line":22,"column":52}},{"start":{"line":22,"column":56},"end":{"line":22,"column":73}},{"start":{"line":22,"column":77},"end":{"line":22,"column":87}}],"line":22},"2":{"loc":{"start":{"line":23,"column":41},"end":{"line":23,"column":60}},"type":"binary-expr","locations":[{"start":{"line":23,"column":41},"end":{"line":23,"column":55}},{"start":{"line":23,"column":59},"end":{"line":23,"column":60}}],"line":23},"3":{"loc":{"start":{"line":23,"column":62},"end":{"line":23,"column":87}},"type":"binary-expr","locations":[{"start":{"line":23,"column":62},"end":{"line":23,"column":78}},{"start":{"line":23,"column":82},"end":{"line":23,"column":87}}],"line":23},"4":{"loc":{"start":{"line":24,"column":26},"end":{"line":24,"column":68}},"type":"binary-expr","locations":[{"start":{"line":24,"column":26},"end":{"line":24,"column":40}},{"start":{"line":24,"column":44},"end":{"line":24,"column":59}},{"start":{"line":24,"column":63},"end":{"line":24,"column":68}}],"line":24},"5":{"loc":{"start":{"line":27,"column":6},"end":{"line":32,"column":7}},"type":"if","locations":[{"start":{"line":27,"column":6},"end":{"line":32,"column":7}},{"start":{},"end":{}}],"line":27},"6":{"loc":{"start":{"line":28,"column":31},"end":{"line":28,"column":67}},"type":"binary-expr","locations":[{"start":{"line":28,"column":31},"end":{"line":28,"column":52}},{"start":{"line":28,"column":56},"end":{"line":28,"column":67}}],"line":28},"7":{"loc":{"start":{"line":29,"column":8},"end":{"line":31,"column":9}},"type":"if","locations":[{"start":{"line":29,"column":8},"end":{"line":31,"column":9}},{"start":{},"end":{}}],"line":29}},"s":{"0":1,"1":1,"2":1,"3":0,"4":0,"5":0,"6":0,"7":0,"8":0,"9":0,"10":0,"11":0,"12":0,"13":0,"14":0,"15":0,"16":0,"17":0,"18":0,"19":0,"20":0,"21":0,"22":0,"23":0,"24":0,"25":0,"26":0},"f":{"0":0,"1":0,"2":0,"3":0},"b":{"0":[0,0],"1":[0,0,0],"2":[0,0],"3":[0,0],"4":[0,0,0],"5":[0,0],"6":[0,0],"7":[0,0]},"_coverageSchema":"1a1c01bbd47fc00a2c39e90264f33305004495a9","hash":"bf7c86e86793c90e1b051f9f28d4c59b336e5fef"}
,"/Users/bijakonwarcharkuoth/Desktop/CarEase /BackEnd/src/Utils/Validators.js": {"path":"/Users/bijakonwarcharkuoth/Desktop/CarEase /BackEnd/src/Utils/Validators.js","statementMap":{"0":{"start":{"line":2,"column":12},"end":{"line":2,"column":26}},"1":{"start":{"line":8,"column":19},"end":{"line":488,"column":1}},"2":{"start":{"line":490,"column":22},"end":{"line":492,"column":2}},"3":{"start":{"line":494,"column":26},"end":{"line":496,"column":2}},"4":{"start":{"line":498,"column":28},"end":{"line":500,"column":2}},"5":{"start":{"line":502,"column":35},"end":{"line":504,"column":2}},"6":{"start":{"line":505,"column":25},"end":{"line":507,"column":2}},"7":{"start":{"line":508,"column":28},"end":{"line":510,"column":2}},"8":{"start":{"line":511,"column":29},"end":{"line":513,"column":2}},"9":{"start":{"line":514,"column":34},"end":{"line":516,"column":2}},"10":{"start":{"line":517,"column":29},"end":{"line":519,"column":2}},"11":{"start":{"line":520,"column":24},"end":{"line":522,"column":2}},"12":{"start":{"line":523,"column":23},"end":{"line":525,"column":2}},"13":{"start":{"line":526,"column":30},"end":{"line":528,"column":2}},"14":{"start":{"line":529,"column":26},"end":{"line":529,"column":52}},"15":{"start":{"line":530,"column":31},"end":{"line":530,"column":57}},"16":{"start":{"line":533,"column":21},"end":{"line":551,"column":1}},"17":{"start":{"line":553,"column":24},"end":{"line":566,"column":1}},"18":{"start":{"line":568,"column":24},"end":{"line":584,"column":1}},"19":{"start":{"line":586,"column":24},"end":{"line":598,"column":1}},"20":{"start":{"line":600,"column":21},"end":{"line":620,"column":1}},"21":{"start":{"line":622,"column":24},"end":{"line":632,"column":1}},"22":{"start":{"line":634,"column":25},"end":{"line":647,"column":1}},"23":{"start":{"line":649,"column":25},"end":{"line":658,"column":1}},"24":{"start":{"line":660,"column":23},"end":{"line":669,"column":1}},"25":{"start":{"line":671,"column":23},"end":{"line":678,"column":1}},"26":{"start":{"line":680,"column":22},"end":{"line":708,"column":1}},"27":{"start":{"line":710,"column":0},"end":{"line":723,"column":2}}},"fnMap":{},"branchMap":{},"s":{"0":1,"1":1,"2":1,"3":1,"4":1,"5":1,"6":1,"7":1,"8":1,"9":1,"10":1,"11":1,"12":1,"13":1,"14":1,"15":1,"16":1,"17":1,"18":1,"19":1,"20":1,"21":1,"22":1,"23":1,"24":1,"25":1,"26":1,"27":1},"f":{},"b":{},"_coverageSchema":"1a1c01bbd47fc00a2c39e90264f33305004495a9","hash":"510c4a4920c2fe97b94f0acfa264bf4f69e4a88c"}
}
