TN:
SF:App.js
FN:45,(anonymous_0)
FN:49,(anonymous_1)
FN:117,(anonymous_2)
FN:134,(anonymous_3)
FN:157,(anonymous_4)
FNF:5
FNH:4
FNDA:3,(anonymous_0)
FNDA:10,(anonymous_1)
FNDA:2,(anonymous_2)
FNDA:0,(anonymous_3)
FNDA:3,(anonymous_4)
DA:2,1
DA:3,1
DA:4,1
DA:5,1
DA:6,1
DA:7,1
DA:8,1
DA:9,1
DA:10,1
DA:11,1
DA:13,1
DA:14,1
DA:15,1
DA:16,1
DA:19,1
DA:20,1
DA:21,1
DA:22,1
DA:23,1
DA:24,1
DA:25,1
DA:26,1
DA:27,1
DA:28,1
DA:30,1
DA:35,1
DA:40,1
DA:41,1
DA:45,3
DA:46,1
DA:48,1
DA:50,10
DA:51,0
DA:52,0
DA:53,0
DA:54,0
DA:55,0
DA:57,0
DA:61,0
DA:62,0
DA:68,0
DA:69,0
DA:76,1
DA:77,0
DA:79,1
DA:83,1
DA:90,1
DA:93,1
DA:94,1
DA:97,1
DA:100,1
DA:103,1
DA:111,1
DA:114,1
DA:117,1
DA:118,2
DA:119,2
DA:120,2
DA:121,2
DA:122,2
DA:123,2
DA:124,2
DA:125,2
DA:126,2
DA:127,2
DA:130,1
DA:131,1
DA:134,1
DA:135,0
DA:145,1
DA:146,0
DA:147,0
DA:148,0
DA:149,0
DA:150,0
DA:152,0
DA:157,1
DA:158,3
DA:162,1
DA:164,1
LF:80
LH:62
BRDA:44,0,0,1
BRDA:44,0,1,1
BRDA:45,1,0,3
BRDA:45,1,1,0
BRDA:50,2,0,10
BRDA:50,2,1,0
BRDA:51,3,0,0
BRDA:51,3,1,0
BRDA:55,4,0,0
BRDA:55,4,1,0
BRDA:55,4,2,0
BRDA:57,5,0,0
BRDA:57,5,1,0
BRDA:57,5,2,0
BRDA:61,6,0,0
BRDA:61,6,1,0
BRDA:61,7,0,0
BRDA:61,7,1,0
BRDA:68,8,0,0
BRDA:68,8,1,0
BRDA:76,9,0,0
BRDA:76,9,1,1
BRDA:84,10,0,1
BRDA:84,10,1,1
BRDA:85,11,0,1
BRDA:85,11,1,1
BRDA:145,12,0,0
BRDA:145,12,1,1
BRDA:147,13,0,0
BRDA:147,13,1,0
BRF:30
BRH:10
end_of_record
TN:
SF:src/Config/sequelize.js
FN:7,(anonymous_0)
FN:49,(anonymous_1)
FNF:2
FNH:1
FNDA:1,(anonymous_0)
FNDA:0,(anonymous_1)
DA:2,1
DA:3,1
DA:5,1
DA:7,1
DA:8,1
DA:9,0
DA:17,1
DA:29,1
DA:31,1
DA:49,1
DA:50,0
DA:51,0
DA:52,0
DA:54,0
DA:55,0
DA:59,1
LF:16
LH:10
BRDA:5,0,0,1
BRDA:5,0,1,0
BRDA:8,1,0,0
BRDA:8,1,1,1
BRDA:18,2,0,1
BRDA:18,2,1,1
BRDA:19,3,0,1
BRDA:19,3,1,1
BRDA:20,4,0,1
BRDA:20,4,1,1
BRDA:21,5,0,1
BRDA:21,5,1,1
BRDA:22,6,0,1
BRDA:22,6,1,1
BRDA:31,7,0,0
BRDA:31,7,1,1
BRDA:35,8,0,0
BRDA:35,8,1,0
BRDA:44,9,0,0
BRDA:44,9,1,1
BRF:20
BRH:14
end_of_record
TN:
SF:src/Controllers/AdminController.js
FN:14,(anonymous_0)
FN:70,(anonymous_1)
FN:83,(anonymous_2)
FN:92,(anonymous_3)
FN:99,(anonymous_4)
FN:115,(anonymous_5)
FN:139,(anonymous_6)
FN:162,(anonymous_7)
FN:180,(anonymous_8)
FN:215,(anonymous_9)
FN:239,(anonymous_10)
FN:264,(anonymous_11)
FN:337,(anonymous_12)
FN:359,(anonymous_13)
FN:379,(anonymous_14)
FN:402,(anonymous_15)
FN:430,(anonymous_16)
FN:456,(anonymous_17)
FN:477,(anonymous_18)
FN:514,(anonymous_19)
FN:540,(anonymous_20)
FN:560,(anonymous_21)
FN:600,(anonymous_22)
FN:645,(anonymous_23)
FN:689,(anonymous_24)
FN:712,(anonymous_25)
FN:760,(anonymous_26)
FN:776,(anonymous_27)
FN:807,(anonymous_28)
FN:832,(anonymous_29)
FN:851,(anonymous_30)
FN:873,(anonymous_31)
FN:882,(anonymous_32)
FN:885,(anonymous_33)
FN:894,(anonymous_34)
FN:903,(anonymous_35)
FN:912,(anonymous_36)
FN:927,(anonymous_37)
FN:928,(anonymous_38)
FN:945,(anonymous_39)
FN:996,(anonymous_40)
FN:1021,(anonymous_41)
FN:1022,(anonymous_42)
FN:1026,(anonymous_43)
FN:1049,(anonymous_44)
FN:1050,(anonymous_45)
FN:1051,(anonymous_46)
FN:1052,(anonymous_47)
FN:1056,(anonymous_48)
FN:1069,(anonymous_49)
FN:1087,(anonymous_50)
FN:1098,(anonymous_51)
FN:1103,(anonymous_52)
FNF:53
FNH:0
FNDA:0,(anonymous_0)
FNDA:0,(anonymous_1)
FNDA:0,(anonymous_2)
FNDA:0,(anonymous_3)
FNDA:0,(anonymous_4)
FNDA:0,(anonymous_5)
FNDA:0,(anonymous_6)
FNDA:0,(anonymous_7)
FNDA:0,(anonymous_8)
FNDA:0,(anonymous_9)
FNDA:0,(anonymous_10)
FNDA:0,(anonymous_11)
FNDA:0,(anonymous_12)
FNDA:0,(anonymous_13)
FNDA:0,(anonymous_14)
FNDA:0,(anonymous_15)
FNDA:0,(anonymous_16)
FNDA:0,(anonymous_17)
FNDA:0,(anonymous_18)
FNDA:0,(anonymous_19)
FNDA:0,(anonymous_20)
FNDA:0,(anonymous_21)
FNDA:0,(anonymous_22)
FNDA:0,(anonymous_23)
FNDA:0,(anonymous_24)
FNDA:0,(anonymous_25)
FNDA:0,(anonymous_26)
FNDA:0,(anonymous_27)
FNDA:0,(anonymous_28)
FNDA:0,(anonymous_29)
FNDA:0,(anonymous_30)
FNDA:0,(anonymous_31)
FNDA:0,(anonymous_32)
FNDA:0,(anonymous_33)
FNDA:0,(anonymous_34)
FNDA:0,(anonymous_35)
FNDA:0,(anonymous_36)
FNDA:0,(anonymous_37)
FNDA:0,(anonymous_38)
FNDA:0,(anonymous_39)
FNDA:0,(anonymous_40)
FNDA:0,(anonymous_41)
FNDA:0,(anonymous_42)
FNDA:0,(anonymous_43)
FNDA:0,(anonymous_44)
FNDA:0,(anonymous_45)
FNDA:0,(anonymous_46)
FNDA:0,(anonymous_47)
FNDA:0,(anonymous_48)
FNDA:0,(anonymous_49)
FNDA:0,(anonymous_50)
FNDA:0,(anonymous_51)
FNDA:0,(anonymous_52)
DA:2,1
DA:3,1
DA:4,1
DA:5,1
DA:6,1
DA:7,1
DA:8,1
DA:9,1
DA:10,1
DA:14,1
DA:15,0
DA:18,0
DA:19,0
DA:23,0
DA:28,0
DA:30,0
DA:31,0
DA:33,0
DA:37,0
DA:38,0
DA:42,0
DA:43,0
DA:47,0
DA:48,0
DA:49,0
DA:50,0
DA:53,0
DA:56,0
DA:59,0
DA:61,0
DA:70,1
DA:71,0
DA:73,0
DA:74,0
DA:77,0
DA:83,1
DA:84,0
DA:92,1
DA:93,0
DA:94,0
DA:95,0
DA:98,0
DA:99,0
DA:100,0
DA:101,0
DA:105,0
DA:107,0
DA:115,1
DA:116,0
DA:117,0
DA:118,0
DA:121,0
DA:122,0
DA:123,0
DA:124,0
DA:127,0
DA:128,0
DA:129,0
DA:131,0
DA:139,1
DA:140,0
DA:146,0
DA:147,0
DA:152,0
DA:162,1
DA:163,0
DA:164,0
DA:165,0
DA:168,0
DA:169,0
DA:172,0
DA:180,1
DA:181,0
DA:184,0
DA:185,0
DA:186,0
DA:189,0
DA:190,0
DA:192,0
DA:193,0
DA:196,0
DA:197,0
DA:204,0
DA:205,0
DA:207,0
DA:215,1
DA:216,0
DA:217,0
DA:218,0
DA:220,0
DA:221,0
DA:223,0
DA:224,0
DA:228,0
DA:229,0
DA:231,0
DA:239,1
DA:240,0
DA:242,0
DA:243,0
DA:247,0
DA:248,0
DA:249,0
DA:250,0
DA:253,0
DA:254,0
DA:256,0
DA:264,1
DA:265,0
DA:267,0
DA:270,0
DA:272,0
DA:273,0
DA:275,0
DA:276,0
DA:278,0
DA:279,0
DA:281,0
DA:282,0
DA:284,0
DA:297,0
DA:309,0
DA:312,0
DA:314,0
DA:337,1
DA:338,0
DA:344,0
DA:345,0
DA:349,0
DA:359,1
DA:360,0
DA:367,0
DA:368,0
DA:371,0
DA:379,1
DA:380,0
DA:381,0
DA:382,0
DA:383,0
DA:386,0
DA:387,0
DA:391,0
DA:392,0
DA:394,0
DA:402,1
DA:403,0
DA:404,0
DA:406,0
DA:407,0
DA:410,0
DA:411,0
DA:414,0
DA:417,0
DA:418,0
DA:420,0
DA:430,1
DA:431,0
DA:437,0
DA:438,0
DA:446,0
DA:456,1
DA:457,0
DA:465,0
DA:466,0
DA:469,0
DA:477,1
DA:478,0
DA:479,0
DA:481,0
DA:482,0
DA:485,0
DA:486,0
DA:487,0
DA:493,0
DA:495,0
DA:498,0
DA:501,0
DA:502,0
DA:504,0
DA:514,1
DA:515,0
DA:521,0
DA:522,0
DA:530,0
DA:540,1
DA:541,0
DA:548,0
DA:549,0
DA:552,0
DA:560,1
DA:561,0
DA:562,0
DA:564,0
DA:565,0
DA:569,0
DA:570,0
DA:571,0
DA:578,0
DA:579,0
DA:580,0
DA:581,0
DA:584,0
DA:587,0
DA:588,0
DA:590,0
DA:600,1
DA:601,0
DA:602,0
DA:607,0
DA:609,0
DA:623,0
DA:636,0
DA:645,1
DA:646,0
DA:648,0
DA:657,0
DA:667,0
DA:677,0
DA:689,1
DA:690,0
DA:696,0
DA:697,0
DA:702,0
DA:712,1
DA:713,0
DA:715,0
DA:725,0
DA:735,0
DA:736,0
DA:737,0
DA:748,0
DA:760,1
DA:761,0
DA:763,0
DA:768,0
DA:776,1
DA:777,0
DA:778,0
DA:780,0
DA:781,0
DA:782,0
DA:790,0
DA:791,0
DA:792,0
DA:796,0
DA:797,0
DA:799,0
DA:807,1
DA:808,0
DA:810,0
DA:811,0
DA:812,0
DA:814,0
DA:815,0
DA:816,0
DA:819,0
DA:820,0
DA:822,0
DA:832,1
DA:833,0
DA:835,0
DA:843,0
DA:851,1
DA:852,0
DA:854,0
DA:873,0
DA:882,0
DA:885,0
DA:894,0
DA:903,0
DA:912,0
DA:921,0
DA:927,0
DA:928,0
DA:931,0
DA:933,0
DA:945,1
DA:946,0
DA:951,0
DA:953,0
DA:956,0
DA:957,0
DA:960,0
DA:967,0
DA:968,0
DA:971,0
DA:975,0
DA:976,0
DA:979,0
DA:983,0
DA:986,0
DA:987,0
DA:989,0
DA:990,0
DA:991,0
DA:996,1
DA:997,0
DA:1003,0
DA:1005,0
DA:1020,0
DA:1021,0
DA:1022,0
DA:1026,1
DA:1027,0
DA:1033,0
DA:1035,0
DA:1048,0
DA:1049,0
DA:1050,0
DA:1051,0
DA:1052,0
DA:1056,1
DA:1057,0
DA:1058,0
DA:1062,0
DA:1069,1
DA:1070,0
DA:1071,0
DA:1073,0
DA:1080,0
DA:1087,1
DA:1088,0
DA:1089,0
DA:1091,0
DA:1098,1
DA:1100,0
DA:1103,1
DA:1104,0
DA:1110,0
DA:1113,1
LF:330
LH:48
BRDA:18,0,0,0
BRDA:18,0,1,0
BRDA:18,1,0,0
BRDA:18,1,1,0
BRDA:28,2,0,0
BRDA:28,2,1,0
BRDA:28,3,0,0
BRDA:28,3,1,0
BRDA:30,4,0,0
BRDA:30,4,1,0
BRDA:37,5,0,0
BRDA:37,5,1,0
BRDA:42,6,0,0
BRDA:42,6,1,0
BRDA:73,7,0,0
BRDA:73,7,1,0
BRDA:94,8,0,0
BRDA:94,8,1,0
BRDA:100,9,0,0
BRDA:100,9,1,0
BRDA:117,10,0,0
BRDA:117,10,1,0
BRDA:123,11,0,0
BRDA:123,11,1,0
BRDA:164,12,0,0
BRDA:164,12,1,0
BRDA:164,13,0,0
BRDA:164,13,1,0
BRDA:168,14,0,0
BRDA:168,14,1,0
BRDA:185,15,0,0
BRDA:185,15,1,0
BRDA:189,16,0,0
BRDA:189,16,1,0
BRDA:189,17,0,0
BRDA:189,17,1,0
BRDA:192,18,0,0
BRDA:192,18,1,0
BRDA:200,19,0,0
BRDA:200,19,1,0
BRDA:200,20,0,0
BRDA:200,20,1,0
BRDA:217,21,0,0
BRDA:217,21,1,0
BRDA:223,22,0,0
BRDA:223,22,1,0
BRDA:242,23,0,0
BRDA:242,23,1,0
BRDA:247,24,0,0
BRDA:247,24,1,0
BRDA:265,25,0,0
BRDA:270,26,0,0
BRDA:270,26,1,0
BRDA:270,26,2,0
BRDA:270,26,3,0
BRDA:270,26,4,0
BRDA:323,27,0,0
BRDA:323,27,1,0
BRDA:367,28,0,0
BRDA:367,28,1,0
BRDA:381,29,0,0
BRDA:381,29,1,0
BRDA:386,30,0,0
BRDA:386,30,1,0
BRDA:406,31,0,0
BRDA:406,31,1,0
BRDA:418,32,0,0
BRDA:418,32,1,0
BRDA:465,33,0,0
BRDA:465,33,1,0
BRDA:481,34,0,0
BRDA:481,34,1,0
BRDA:486,35,0,0
BRDA:486,35,1,0
BRDA:548,36,0,0
BRDA:548,36,1,0
BRDA:564,37,0,0
BRDA:564,37,1,0
BRDA:569,38,0,0
BRDA:569,38,1,0
BRDA:570,39,0,0
BRDA:570,39,1,0
BRDA:579,40,0,0
BRDA:579,40,1,0
BRDA:601,41,0,0
BRDA:607,42,0,0
BRDA:607,42,1,0
BRDA:735,43,0,0
BRDA:735,43,1,0
BRDA:736,44,0,0
BRDA:736,44,1,0
BRDA:764,45,0,0
BRDA:764,45,1,0
BRDA:781,46,0,0
BRDA:781,46,1,0
BRDA:784,47,0,0
BRDA:784,47,1,0
BRDA:787,48,0,0
BRDA:787,48,1,0
BRDA:811,49,0,0
BRDA:811,49,1,0
BRDA:852,50,0,0
BRDA:852,50,1,0
BRDA:906,51,0,0
BRDA:906,51,1,0
BRDA:907,52,0,0
BRDA:907,52,1,0
BRDA:908,53,0,0
BRDA:908,53,1,0
BRDA:909,54,0,0
BRDA:909,54,1,0
BRDA:909,54,2,0
BRDA:946,55,0,0
BRDA:951,56,0,0
BRDA:951,56,1,0
BRDA:951,56,2,0
BRDA:951,56,3,0
BRDA:1003,57,0,0
BRDA:1003,57,1,0
BRDA:1033,58,0,0
BRDA:1033,58,1,0
BRDA:1057,59,0,0
BRDA:1057,59,1,0
BRDA:1058,60,0,0
BRDA:1058,60,1,0
BRDA:1060,61,0,0
BRDA:1060,61,1,0
BRDA:1071,62,0,0
BRDA:1071,62,1,0
BRDA:1083,63,0,0
BRDA:1083,63,1,0
BRDA:1089,64,0,0
BRDA:1089,64,1,0
BRDA:1110,65,0,0
BRDA:1110,65,1,0
BRF:135
BRH:0
end_of_record
TN:
SF:src/Controllers/AuthController.js
FN:11,(anonymous_0)
FN:17,(anonymous_1)
FN:29,(anonymous_2)
FN:42,(anonymous_3)
FN:65,(anonymous_4)
FN:99,(anonymous_5)
FN:118,(anonymous_6)
FN:151,(anonymous_7)
FN:180,(anonymous_8)
FN:203,(anonymous_9)
FN:226,(anonymous_10)
FN:231,(anonymous_11)
FN:241,(anonymous_12)
FN:245,(anonymous_13)
FN:267,(anonymous_14)
FN:291,(anonymous_15)
FN:301,(anonymous_16)
FN:304,(anonymous_17)
FN:320,(anonymous_18)
FN:331,(anonymous_19)
FN:338,(anonymous_20)
FN:351,(anonymous_21)
FN:361,(anonymous_22)
FN:366,(anonymous_23)
FN:374,(anonymous_24)
FN:375,(anonymous_25)
FNF:26
FNH:6
FNDA:2,(anonymous_0)
FNDA:2,(anonymous_1)
FNDA:2,(anonymous_2)
FNDA:1,(anonymous_3)
FNDA:1,(anonymous_4)
FNDA:0,(anonymous_5)
FNDA:0,(anonymous_6)
FNDA:0,(anonymous_7)
FNDA:0,(anonymous_8)
FNDA:0,(anonymous_9)
FNDA:0,(anonymous_10)
FNDA:0,(anonymous_11)
FNDA:0,(anonymous_12)
FNDA:0,(anonymous_13)
FNDA:0,(anonymous_14)
FNDA:0,(anonymous_15)
FNDA:0,(anonymous_16)
FNDA:0,(anonymous_17)
FNDA:0,(anonymous_18)
FNDA:0,(anonymous_19)
FNDA:0,(anonymous_20)
FNDA:0,(anonymous_21)
FNDA:0,(anonymous_22)
FNDA:0,(anonymous_23)
FNDA:3,(anonymous_24)
FNDA:0,(anonymous_25)
DA:2,1
DA:3,1
DA:4,1
DA:5,1
DA:6,1
DA:7,1
DA:8,1
DA:9,1
DA:11,1
DA:12,2
DA:17,1
DA:18,2
DA:19,2
DA:20,2
DA:21,2
DA:22,2
DA:23,2
DA:24,2
DA:25,2
DA:26,2
DA:29,1
DA:30,2
DA:32,2
DA:42,1
DA:43,1
DA:44,1
DA:45,0
DA:48,1
DA:49,0
DA:51,1
DA:52,0
DA:55,1
DA:56,1
DA:61,1
DA:65,1
DA:66,1
DA:68,1
DA:69,0
DA:72,1
DA:76,1
DA:77,0
DA:80,1
DA:81,0
DA:84,1
DA:85,1
DA:86,0
DA:87,0
DA:90,1
DA:91,1
DA:92,1
DA:93,1
DA:95,1
DA:99,1
DA:100,0
DA:101,0
DA:103,0
DA:104,0
DA:107,0
DA:108,0
DA:110,0
DA:118,1
DA:119,0
DA:124,0
DA:131,0
DA:132,0
DA:135,0
DA:136,0
DA:138,0
DA:139,0
DA:142,0
DA:143,0
DA:144,0
DA:145,0
DA:147,0
DA:151,1
DA:152,0
DA:157,0
DA:164,0
DA:165,0
DA:168,0
DA:169,0
DA:170,0
DA:171,0
DA:173,0
DA:180,1
DA:181,0
DA:182,0
DA:184,0
DA:185,0
DA:188,0
DA:189,0
DA:192,0
DA:193,0
DA:195,0
DA:203,1
DA:204,0
DA:206,0
DA:207,0
DA:211,0
DA:212,0
DA:214,0
DA:217,0
DA:218,0
DA:219,0
DA:222,0
DA:226,1
DA:227,0
DA:231,1
DA:232,0
DA:241,1
DA:242,0
DA:243,0
DA:245,0
DA:246,0
DA:247,0
DA:251,0
DA:252,0
DA:253,0
DA:255,0
DA:256,0
DA:258,0
DA:267,1
DA:268,0
DA:272,0
DA:273,0
DA:274,0
DA:277,0
DA:278,0
DA:280,0
DA:281,0
DA:284,0
DA:285,0
DA:287,0
DA:291,1
DA:292,0
DA:293,0
DA:294,0
DA:295,0
DA:297,0
DA:301,1
DA:302,0
DA:303,0
DA:304,0
DA:306,0
DA:307,0
DA:308,0
DA:309,0
DA:311,0
DA:320,1
DA:321,0
DA:322,0
DA:323,0
DA:326,0
DA:327,0
DA:328,0
DA:331,0
DA:332,0
DA:333,0
DA:335,0
DA:338,1
DA:339,0
DA:340,0
DA:341,0
DA:342,0
DA:343,0
DA:344,0
DA:347,0
DA:351,1
DA:352,0
DA:353,0
DA:361,1
DA:362,0
DA:363,0
DA:364,0
DA:365,0
DA:366,0
DA:367,0
DA:370,0
DA:374,1
DA:375,3
DA:376,0
DA:379,1
DA:380,1
DA:381,1
DA:383,1
LF:185
LH:65
BRDA:12,0,0,2
BRDA:12,0,1,2
BRDA:13,1,0,2
BRDA:13,1,1,2
BRDA:18,2,0,2
BRDA:18,2,1,0
BRDA:44,3,0,0
BRDA:44,3,1,1
BRDA:48,4,0,0
BRDA:48,4,1,1
BRDA:48,5,0,1
BRDA:48,5,1,1
BRDA:51,6,0,0
BRDA:51,6,1,1
BRDA:68,7,0,0
BRDA:68,7,1,1
BRDA:68,8,0,1
BRDA:68,8,1,1
BRDA:76,9,0,0
BRDA:76,9,1,1
BRDA:80,10,0,0
BRDA:80,10,1,1
BRDA:80,11,0,1
BRDA:80,11,1,1
BRDA:85,12,0,0
BRDA:85,12,1,1
BRDA:103,13,0,0
BRDA:103,13,1,0
BRDA:131,14,0,0
BRDA:131,14,1,0
BRDA:135,15,0,0
BRDA:135,15,1,0
BRDA:135,16,0,0
BRDA:135,16,1,0
BRDA:138,17,0,0
BRDA:138,17,1,0
BRDA:164,18,0,0
BRDA:164,18,1,0
BRDA:184,19,0,0
BRDA:184,19,1,0
BRDA:188,20,0,0
BRDA:188,20,1,0
BRDA:204,21,0,0
BRDA:204,21,1,0
BRDA:204,21,2,0
BRDA:206,22,0,0
BRDA:206,22,1,0
BRDA:212,23,0,0
BRDA:212,23,1,0
BRDA:218,24,0,0
BRDA:218,24,1,0
BRDA:246,25,0,0
BRDA:246,25,1,0
BRDA:252,26,0,0
BRDA:252,26,1,0
BRDA:273,27,0,0
BRDA:273,27,1,0
BRDA:277,28,0,0
BRDA:277,28,1,0
BRDA:277,29,0,0
BRDA:277,29,1,0
BRDA:280,30,0,0
BRDA:280,30,1,0
BRDA:293,31,0,0
BRDA:293,31,1,0
BRDA:322,32,0,0
BRDA:322,32,1,0
BRDA:327,33,0,0
BRDA:327,33,1,0
BRDA:340,34,0,0
BRDA:340,34,1,0
BRDA:356,35,0,0
BRDA:356,35,1,0
BRDA:364,36,0,0
BRDA:364,36,1,0
BRDA:365,37,0,0
BRDA:365,37,1,0
BRF:77
BRH:18
end_of_record
TN:
SF:src/Controllers/BookingController.js
FN:16,(anonymous_0)
FN:149,(anonymous_1)
FN:176,(anonymous_2)
FN:203,(anonymous_3)
FN:232,(anonymous_4)
FN:317,(anonymous_5)
FN:348,(anonymous_6)
FN:396,(anonymous_7)
FN:444,(anonymous_8)
FN:467,(anonymous_9)
FN:471,(anonymous_10)
FN:484,(anonymous_11)
FN:494,(anonymous_12)
FN:543,(anonymous_13)
FN:552,(anonymous_14)
FN:568,(anonymous_15)
FN:594,(anonymous_16)
FN:604,(anonymous_17)
FN:613,(anonymous_18)
FN:624,(anonymous_19)
FN:651,(anonymous_20)
FN:660,(anonymous_21)
FN:683,(anonymous_22)
FN:696,(anonymous_23)
FN:709,(anonymous_24)
FN:722,(anonymous_25)
FN:732,(anonymous_26)
FN:754,(anonymous_27)
FNF:28
FNH:0
FNDA:0,(anonymous_0)
FNDA:0,(anonymous_1)
FNDA:0,(anonymous_2)
FNDA:0,(anonymous_3)
FNDA:0,(anonymous_4)
FNDA:0,(anonymous_5)
FNDA:0,(anonymous_6)
FNDA:0,(anonymous_7)
FNDA:0,(anonymous_8)
FNDA:0,(anonymous_9)
FNDA:0,(anonymous_10)
FNDA:0,(anonymous_11)
FNDA:0,(anonymous_12)
FNDA:0,(anonymous_13)
FNDA:0,(anonymous_14)
FNDA:0,(anonymous_15)
FNDA:0,(anonymous_16)
FNDA:0,(anonymous_17)
FNDA:0,(anonymous_18)
FNDA:0,(anonymous_19)
FNDA:0,(anonymous_20)
FNDA:0,(anonymous_21)
FNDA:0,(anonymous_22)
FNDA:0,(anonymous_23)
FNDA:0,(anonymous_24)
FNDA:0,(anonymous_25)
FNDA:0,(anonymous_26)
FNDA:0,(anonymous_27)
DA:2,1
DA:3,1
DA:4,1
DA:5,1
DA:6,1
DA:7,1
DA:8,1
DA:9,1
DA:10,1
DA:11,1
DA:12,1
DA:13,1
DA:16,1
DA:31,0
DA:34,0
DA:35,0
DA:36,0
DA:37,0
DA:40,0
DA:53,0
DA:54,0
DA:59,0
DA:70,0
DA:71,0
DA:72,0
DA:73,0
DA:74,0
DA:75,0
DA:78,0
DA:126,0
DA:127,0
DA:130,0
DA:131,0
DA:140,0
DA:149,1
DA:150,0
DA:156,0
DA:157,0
DA:165,0
DA:176,1
DA:177,0
DA:179,0
DA:185,0
DA:186,0
DA:192,0
DA:203,1
DA:204,0
DA:212,0
DA:213,0
DA:217,0
DA:220,0
DA:223,0
DA:232,1
DA:233,0
DA:235,0
DA:236,0
DA:240,0
DA:241,0
DA:245,0
DA:246,0
DA:247,0
DA:249,0
DA:250,0
DA:251,0
DA:252,0
DA:253,0
DA:254,0
DA:257,0
DA:258,0
DA:259,0
DA:260,0
DA:263,0
DA:264,0
DA:265,0
DA:266,0
DA:267,0
DA:268,0
DA:269,0
DA:270,0
DA:271,0
DA:274,0
DA:277,0
DA:278,0
DA:285,0
DA:286,0
DA:287,0
DA:288,0
DA:289,0
DA:290,0
DA:291,0
DA:294,0
DA:295,0
DA:301,0
DA:303,0
DA:306,0
DA:308,0
DA:317,1
DA:318,0
DA:320,0
DA:321,0
DA:324,0
DA:325,0
DA:327,0
DA:328,0
DA:334,0
DA:336,0
DA:337,0
DA:339,0
DA:348,1
DA:349,0
DA:350,0
DA:352,0
DA:353,0
DA:356,0
DA:357,0
DA:361,0
DA:363,0
DA:364,0
DA:365,0
DA:366,0
DA:367,0
DA:369,0
DA:370,0
DA:375,0
DA:377,0
DA:380,0
DA:381,0
DA:385,0
DA:387,0
DA:396,1
DA:397,0
DA:399,0
DA:400,0
DA:401,0
DA:402,0
DA:405,0
DA:413,0
DA:415,0
DA:425,0
DA:434,0
DA:444,1
DA:445,0
DA:447,0
DA:448,0
DA:450,0
DA:451,0
DA:454,0
DA:463,0
DA:464,0
DA:467,0
DA:468,0
DA:471,0
DA:473,0
DA:484,1
DA:485,0
DA:487,0
DA:494,1
DA:495,0
DA:497,0
DA:512,0
DA:525,0
DA:543,1
DA:544,0
DA:545,0
DA:546,0
DA:547,0
DA:548,0
DA:549,0
DA:552,1
DA:553,0
DA:554,0
DA:556,0
DA:557,0
DA:558,0
DA:559,0
DA:560,0
DA:561,0
DA:565,0
DA:568,1
DA:569,0
DA:571,0
DA:572,0
DA:573,0
DA:574,0
DA:577,0
DA:578,0
DA:580,0
DA:581,0
DA:583,0
DA:594,1
DA:595,0
DA:596,0
DA:597,0
DA:598,0
DA:599,0
DA:601,0
DA:604,1
DA:606,0
DA:613,1
DA:614,0
DA:615,0
DA:616,0
DA:617,0
DA:618,0
DA:621,0
DA:624,1
DA:625,0
DA:628,0
DA:630,0
DA:631,0
DA:632,0
DA:633,0
DA:634,0
DA:643,0
DA:651,1
DA:652,0
DA:653,0
DA:660,0
DA:663,0
DA:665,0
DA:666,0
DA:682,0
DA:684,0
DA:692,0
DA:696,1
DA:697,0
DA:700,0
DA:702,0
DA:709,1
DA:710,0
DA:713,0
DA:715,0
DA:722,1
DA:724,0
DA:725,0
DA:726,0
DA:727,0
DA:728,0
DA:732,1
DA:733,0
DA:734,0
DA:737,0
DA:738,0
DA:740,0
DA:754,1
DA:755,0
DA:762,1
LF:247
LH:37
BRDA:34,0,0,0
BRDA:34,0,1,0
BRDA:36,1,0,0
BRDA:36,1,1,0
BRDA:53,2,0,0
BRDA:53,2,1,0
BRDA:72,3,0,0
BRDA:72,3,1,0
BRDA:72,4,0,0
BRDA:72,4,1,0
BRDA:73,5,0,0
BRDA:73,5,1,0
BRDA:73,5,2,0
BRDA:73,6,0,0
BRDA:73,6,1,0
BRDA:74,7,0,0
BRDA:74,7,1,0
BRDA:75,8,0,0
BRDA:75,8,1,0
BRDA:81,9,0,0
BRDA:81,9,1,0
BRDA:88,10,0,0
BRDA:88,10,1,0
BRDA:89,11,0,0
BRDA:89,11,1,0
BRDA:90,12,0,0
BRDA:90,12,1,0
BRDA:90,12,2,0
BRDA:91,13,0,0
BRDA:91,13,1,0
BRDA:92,14,0,0
BRDA:92,14,1,0
BRDA:93,15,0,0
BRDA:93,15,1,0
BRDA:94,16,0,0
BRDA:94,16,1,0
BRDA:94,16,2,0
BRDA:94,16,3,0
BRDA:95,17,0,0
BRDA:95,17,1,0
BRDA:103,18,0,0
BRDA:103,18,1,0
BRDA:103,18,2,0
BRDA:105,19,0,0
BRDA:105,19,1,0
BRDA:105,19,2,0
BRDA:106,20,0,0
BRDA:106,20,1,0
BRDA:106,20,2,0
BRDA:107,21,0,0
BRDA:107,21,1,0
BRDA:107,21,2,0
BRDA:108,22,0,0
BRDA:108,22,1,0
BRDA:108,22,2,0
BRDA:112,23,0,0
BRDA:112,23,1,0
BRDA:112,23,2,0
BRDA:119,24,0,0
BRDA:119,24,1,0
BRDA:130,25,0,0
BRDA:130,25,1,0
BRDA:177,26,0,0
BRDA:177,26,1,0
BRDA:212,27,0,0
BRDA:212,27,1,0
BRDA:217,28,0,0
BRDA:217,28,1,0
BRDA:217,29,0,0
BRDA:217,29,1,0
BRDA:217,29,2,0
BRDA:235,30,0,0
BRDA:235,30,1,0
BRDA:240,31,0,0
BRDA:240,31,1,0
BRDA:249,32,0,0
BRDA:249,32,1,0
BRDA:250,33,0,0
BRDA:250,33,1,0
BRDA:251,34,0,0
BRDA:251,34,1,0
BRDA:252,35,0,0
BRDA:252,35,1,0
BRDA:253,36,0,0
BRDA:253,36,1,0
BRDA:257,37,0,0
BRDA:257,37,1,0
BRDA:258,38,0,0
BRDA:258,38,1,0
BRDA:259,39,0,0
BRDA:259,39,1,0
BRDA:263,40,0,0
BRDA:263,40,1,0
BRDA:264,41,0,0
BRDA:264,41,1,0
BRDA:265,42,0,0
BRDA:265,42,1,0
BRDA:266,43,0,0
BRDA:266,43,1,0
BRDA:267,44,0,0
BRDA:267,44,1,0
BRDA:268,45,0,0
BRDA:268,45,1,0
BRDA:269,46,0,0
BRDA:269,46,1,0
BRDA:270,47,0,0
BRDA:270,47,1,0
BRDA:277,48,0,0
BRDA:277,48,1,0
BRDA:277,49,0,0
BRDA:277,49,1,0
BRDA:294,50,0,0
BRDA:294,50,1,0
BRDA:320,51,0,0
BRDA:320,51,1,0
BRDA:327,52,0,0
BRDA:327,52,1,0
BRDA:331,53,0,0
BRDA:331,53,1,0
BRDA:332,54,0,0
BRDA:332,54,1,0
BRDA:332,54,2,0
BRDA:352,55,0,0
BRDA:352,55,1,0
BRDA:356,56,0,0
BRDA:356,56,1,0
BRDA:369,57,0,0
BRDA:369,57,1,0
BRDA:380,58,0,0
BRDA:380,58,1,0
BRDA:399,59,0,0
BRDA:399,59,1,0
BRDA:401,60,0,0
BRDA:401,60,1,0
BRDA:528,61,0,0
BRDA:528,61,1,0
BRDA:544,62,0,0
BRDA:544,62,1,0
BRDA:546,63,0,0
BRDA:546,63,1,0
BRDA:546,64,0,0
BRDA:546,64,1,0
BRDA:547,65,0,0
BRDA:547,65,1,0
BRDA:547,66,0,0
BRDA:547,66,1,0
BRDA:548,67,0,0
BRDA:548,67,1,0
BRDA:549,68,0,0
BRDA:549,68,1,0
BRDA:559,69,0,0
BRDA:559,69,1,0
BRDA:569,70,0,0
BRDA:569,70,1,0
BRDA:571,71,0,0
BRDA:571,71,1,0
BRDA:573,72,0,0
BRDA:573,72,1,0
BRDA:578,73,0,0
BRDA:578,73,1,0
BRDA:581,74,0,0
BRDA:581,74,1,0
BRDA:584,75,0,0
BRDA:584,75,1,0
BRDA:585,76,0,0
BRDA:585,76,1,0
BRDA:625,77,0,0
BRDA:625,77,1,0
BRDA:628,78,0,0
BRDA:628,78,1,0
BRDA:633,79,0,0
BRDA:633,79,1,0
BRDA:645,80,0,0
BRDA:645,80,1,0
BRDA:654,81,0,0
BRDA:654,81,1,0
BRDA:654,81,2,0
BRDA:654,81,3,0
BRDA:663,82,0,0
BRDA:663,82,1,0
BRDA:665,83,0,0
BRDA:665,83,1,0
BRDA:672,84,0,0
BRDA:672,84,1,0
BRDA:672,85,0,0
BRDA:672,85,1,0
BRDA:675,86,0,0
BRDA:675,86,1,0
BRDA:676,87,0,0
BRDA:676,87,1,0
BRDA:677,88,0,0
BRDA:677,88,1,0
BRDA:697,89,0,0
BRDA:697,89,1,0
BRDA:700,90,0,0
BRDA:700,90,1,0
BRDA:710,91,0,0
BRDA:710,91,1,0
BRDA:713,92,0,0
BRDA:713,92,1,0
BRDA:725,93,0,0
BRDA:725,93,1,0
BRDA:732,94,0,0
BRDA:733,95,0,0
BRDA:733,95,1,0
BRDA:734,96,0,0
BRDA:734,96,1,0
BRDA:735,97,0,0
BRDA:735,97,1,0
BRDA:735,97,2,0
BRDA:735,97,3,0
BRDA:736,98,0,0
BRDA:736,98,1,0
BRDA:737,99,0,0
BRDA:737,99,1,0
BRDA:738,100,0,0
BRDA:738,100,1,0
BRDA:741,101,0,0
BRDA:741,101,1,0
BRDA:749,102,0,0
BRDA:749,102,1,0
BRF:221
BRH:0
end_of_record
TN:
SF:src/Controllers/EmailController.js
FN:11,(anonymous_0)
FN:27,(anonymous_1)
FN:46,(anonymous_2)
FN:149,(anonymous_3)
FN:207,(anonymous_4)
FN:256,(anonymous_5)
FNF:6
FNH:0
FNDA:0,(anonymous_0)
FNDA:0,(anonymous_1)
FNDA:0,(anonymous_2)
FNDA:0,(anonymous_3)
FNDA:0,(anonymous_4)
FNDA:0,(anonymous_5)
DA:1,1
DA:2,1
DA:3,1
DA:4,1
DA:5,1
DA:6,1
DA:7,1
DA:9,1
DA:11,1
DA:12,0
DA:27,1
DA:28,0
DA:46,1
DA:47,0
DA:48,0
DA:50,0
DA:51,0
DA:54,0
DA:55,0
DA:64,0
DA:65,0
DA:72,0
DA:83,0
DA:89,0
DA:90,0
DA:91,0
DA:92,0
DA:95,0
DA:96,0
DA:108,0
DA:122,0
DA:123,0
DA:124,0
DA:125,0
DA:126,0
DA:130,0
DA:136,0
DA:149,1
DA:150,0
DA:151,0
DA:153,0
DA:154,0
DA:157,0
DA:158,0
DA:167,0
DA:168,0
DA:175,0
DA:186,0
DA:187,0
DA:188,0
DA:189,0
DA:190,0
DA:194,0
DA:200,0
DA:207,1
DA:208,0
DA:209,0
DA:210,0
DA:211,0
DA:212,0
DA:213,0
DA:214,0
DA:216,0
DA:217,0
DA:220,0
DA:236,0
DA:243,0
DA:244,0
DA:247,0
DA:256,1
DA:257,0
DA:258,0
DA:259,0
DA:260,0
DA:261,0
DA:262,0
DA:264,0
DA:265,0
DA:268,0
DA:269,0
DA:272,0
DA:273,0
DA:290,0
DA:292,0
DA:307,0
DA:319,0
LF:86
LH:14
BRDA:48,0,0,0
BRDA:48,0,1,0
BRDA:50,1,0,0
BRDA:50,1,1,0
BRDA:50,2,0,0
BRDA:50,2,1,0
BRDA:64,3,0,0
BRDA:64,3,1,0
BRDA:80,4,0,0
BRDA:80,4,1,0
BRDA:91,5,0,0
BRDA:91,5,1,0
BRDA:95,6,0,0
BRDA:95,6,1,0
BRDA:116,7,0,0
BRDA:116,7,1,0
BRDA:124,8,0,0
BRDA:124,8,1,0
BRDA:125,9,0,0
BRDA:125,9,1,0
BRDA:138,10,0,0
BRDA:138,10,1,0
BRDA:151,11,0,0
BRDA:151,11,1,0
BRDA:153,12,0,0
BRDA:153,12,1,0
BRDA:153,13,0,0
BRDA:153,13,1,0
BRDA:167,14,0,0
BRDA:167,14,1,0
BRDA:167,15,0,0
BRDA:167,15,1,0
BRDA:188,16,0,0
BRDA:188,16,1,0
BRDA:189,17,0,0
BRDA:189,17,1,0
BRDA:208,18,0,0
BRDA:208,18,1,0
BRDA:209,19,0,0
BRDA:209,19,1,0
BRDA:210,20,0,0
BRDA:210,20,1,0
BRDA:211,21,0,0
BRDA:211,21,1,0
BRDA:212,22,0,0
BRDA:212,22,1,0
BRDA:213,23,0,0
BRDA:213,23,1,0
BRDA:216,24,0,0
BRDA:216,24,1,0
BRDA:216,25,0,0
BRDA:216,25,1,0
BRDA:223,26,0,0
BRDA:223,26,1,0
BRDA:225,27,0,0
BRDA:225,27,1,0
BRDA:227,28,0,0
BRDA:227,28,1,0
BRDA:228,29,0,0
BRDA:228,29,1,0
BRDA:229,30,0,0
BRDA:229,30,1,0
BRDA:233,31,0,0
BRDA:233,31,1,0
BRDA:238,32,0,0
BRDA:238,32,1,0
BRDA:240,33,0,0
BRDA:240,33,1,0
BRDA:240,34,0,0
BRDA:240,34,1,0
BRDA:240,35,0,0
BRDA:240,35,1,0
BRDA:243,36,0,0
BRDA:243,36,1,0
BRDA:257,37,0,0
BRDA:257,37,1,0
BRDA:258,38,0,0
BRDA:258,38,1,0
BRDA:259,39,0,0
BRDA:259,39,1,0
BRDA:260,40,0,0
BRDA:260,40,1,0
BRDA:261,41,0,0
BRDA:261,41,1,0
BRDA:262,42,0,0
BRDA:262,42,1,0
BRDA:264,43,0,0
BRDA:264,43,1,0
BRDA:264,44,0,0
BRDA:264,44,1,0
BRDA:264,44,2,0
BRDA:264,44,3,0
BRDA:268,45,0,0
BRDA:268,45,1,0
BRDA:282,46,0,0
BRDA:282,46,1,0
BRDA:285,47,0,0
BRDA:285,47,1,0
BRDA:290,48,0,0
BRDA:290,48,1,0
BRDA:290,48,2,0
BRDA:299,49,0,0
BRDA:299,49,1,0
BRDA:300,50,0,0
BRDA:300,50,1,0
BRF:105
BRH:0
end_of_record
TN:
SF:src/Controllers/LocationController.js
FN:9,(anonymous_0)
FN:21,(anonymous_1)
FN:25,(anonymous_2)
FN:29,(anonymous_3)
FN:33,(anonymous_4)
FN:46,(anonymous_5)
FN:59,(anonymous_6)
FN:73,(anonymous_7)
FN:97,(anonymous_8)
FN:119,(anonymous_9)
FN:128,(anonymous_10)
FN:141,(anonymous_11)
FN:146,(anonymous_12)
FN:158,(anonymous_13)
FN:169,(anonymous_14)
FN:181,(anonymous_15)
FN:193,(anonymous_16)
FNF:17
FNH:0
FNDA:0,(anonymous_0)
FNDA:0,(anonymous_1)
FNDA:0,(anonymous_2)
FNDA:0,(anonymous_3)
FNDA:0,(anonymous_4)
FNDA:0,(anonymous_5)
FNDA:0,(anonymous_6)
FNDA:0,(anonymous_7)
FNDA:0,(anonymous_8)
FNDA:0,(anonymous_9)
FNDA:0,(anonymous_10)
FNDA:0,(anonymous_11)
FNDA:0,(anonymous_12)
FNDA:0,(anonymous_13)
FNDA:0,(anonymous_14)
FNDA:0,(anonymous_15)
FNDA:0,(anonymous_16)
DA:2,1
DA:3,1
DA:4,1
DA:5,1
DA:6,1
DA:9,1
DA:10,0
DA:11,0
DA:12,0
DA:14,0
DA:15,0
DA:18,0
DA:21,0
DA:22,0
DA:23,0
DA:25,0
DA:26,0
DA:27,0
DA:28,0
DA:29,0
DA:30,0
DA:33,1
DA:34,0
DA:35,0
DA:36,0
DA:39,0
DA:43,0
DA:46,1
DA:47,0
DA:48,0
DA:49,0
DA:52,0
DA:53,0
DA:56,0
DA:59,1
DA:60,0
DA:61,0
DA:62,0
DA:65,0
DA:66,0
DA:69,0
DA:70,0
DA:73,1
DA:74,0
DA:75,0
DA:76,0
DA:79,0
DA:80,0
DA:83,0
DA:87,0
DA:97,1
DA:98,0
DA:99,0
DA:101,0
DA:102,0
DA:105,0
DA:106,0
DA:107,0
DA:110,0
DA:116,0
DA:119,1
DA:120,0
DA:121,0
DA:124,0
DA:125,0
DA:128,1
DA:129,0
DA:130,0
DA:132,0
DA:133,0
DA:136,0
DA:137,0
DA:141,1
DA:142,0
DA:143,0
DA:146,1
DA:147,0
DA:148,0
DA:149,0
DA:150,0
DA:152,0
DA:153,0
DA:155,0
DA:158,1
DA:159,0
DA:160,0
DA:161,0
DA:163,0
DA:164,0
DA:166,0
DA:169,1
DA:170,0
DA:171,0
DA:172,0
DA:173,0
DA:175,0
DA:176,0
DA:178,0
DA:181,1
DA:182,0
DA:183,0
DA:184,0
DA:185,0
DA:187,0
DA:188,0
DA:190,0
DA:193,1
DA:194,0
DA:195,0
DA:196,0
DA:197,0
DA:198,0
DA:199,0
DA:200,0
DA:206,0
DA:209,1
LF:116
LH:20
BRDA:12,0,0,0
BRDA:12,0,1,0
BRDA:14,1,0,0
BRDA:14,1,1,0
BRDA:14,2,0,0
BRDA:14,2,1,0
BRDA:22,3,0,0
BRDA:22,3,1,0
BRDA:23,4,0,0
BRDA:23,4,1,0
BRDA:26,5,0,0
BRDA:26,5,1,0
BRDA:35,6,0,0
BRDA:35,6,1,0
BRDA:48,7,0,0
BRDA:48,7,1,0
BRDA:52,8,0,0
BRDA:52,8,1,0
BRDA:61,9,0,0
BRDA:61,9,1,0
BRDA:65,10,0,0
BRDA:65,10,1,0
BRDA:75,11,0,0
BRDA:75,11,1,0
BRDA:79,12,0,0
BRDA:79,12,1,0
BRDA:101,13,0,0
BRDA:101,13,1,0
BRDA:101,14,0,0
BRDA:101,14,1,0
BRDA:106,15,0,0
BRDA:106,15,1,0
BRDA:113,16,0,0
BRDA:113,16,1,0
BRDA:120,17,0,0
BRDA:120,17,1,0
BRDA:132,18,0,0
BRDA:132,18,1,0
BRDA:132,19,0,0
BRDA:132,19,1,0
BRDA:148,20,0,0
BRDA:148,20,1,0
BRDA:152,21,0,0
BRDA:152,21,1,0
BRDA:160,22,0,0
BRDA:160,22,1,0
BRDA:163,23,0,0
BRDA:163,23,1,0
BRDA:171,24,0,0
BRDA:171,24,1,0
BRDA:175,25,0,0
BRDA:175,25,1,0
BRDA:183,26,0,0
BRDA:183,26,1,0
BRDA:187,27,0,0
BRDA:187,27,1,0
BRDA:195,28,0,0
BRDA:195,28,1,0
BRDA:199,29,0,0
BRDA:199,29,1,0
BRDA:199,30,0,0
BRDA:199,30,1,0
BRDA:204,31,0,0
BRDA:204,31,1,0
BRDA:206,32,0,0
BRDA:206,32,1,0
BRF:66
BRH:0
end_of_record
TN:
SF:src/Controllers/PaymentController.js
FN:18,(anonymous_0)
FN:178,(anonymous_1)
FN:205,(anonymous_2)
FN:232,(anonymous_3)
FN:258,(anonymous_4)
FN:316,(anonymous_5)
FN:362,(anonymous_6)
FN:444,(anonymous_7)
FN:459,(anonymous_8)
FN:517,(anonymous_9)
FN:554,(anonymous_10)
FN:578,(anonymous_11)
FN:643,(anonymous_12)
FN:669,(anonymous_13)
FN:678,(anonymous_14)
FN:694,(anonymous_15)
FN:728,(anonymous_16)
FN:738,(anonymous_17)
FN:742,(anonymous_18)
FN:751,(anonymous_19)
FN:772,(anonymous_20)
FN:785,(anonymous_21)
FN:798,(anonymous_22)
FN:814,(anonymous_23)
FN:823,(anonymous_24)
FN:831,(anonymous_25)
FN:841,(anonymous_26)
FNF:27
FNH:0
FNDA:0,(anonymous_0)
FNDA:0,(anonymous_1)
FNDA:0,(anonymous_2)
FNDA:0,(anonymous_3)
FNDA:0,(anonymous_4)
FNDA:0,(anonymous_5)
FNDA:0,(anonymous_6)
FNDA:0,(anonymous_7)
FNDA:0,(anonymous_8)
FNDA:0,(anonymous_9)
FNDA:0,(anonymous_10)
FNDA:0,(anonymous_11)
FNDA:0,(anonymous_12)
FNDA:0,(anonymous_13)
FNDA:0,(anonymous_14)
FNDA:0,(anonymous_15)
FNDA:0,(anonymous_16)
FNDA:0,(anonymous_17)
FNDA:0,(anonymous_18)
FNDA:0,(anonymous_19)
FNDA:0,(anonymous_20)
FNDA:0,(anonymous_21)
FNDA:0,(anonymous_22)
FNDA:0,(anonymous_23)
FNDA:0,(anonymous_24)
FNDA:0,(anonymous_25)
FNDA:0,(anonymous_26)
DA:2,1
DA:3,1
DA:4,1
DA:5,1
DA:6,1
DA:7,1
DA:8,1
DA:9,1
DA:10,1
DA:11,1
DA:12,1
DA:13,1
DA:14,1
DA:15,1
DA:18,1
DA:26,0
DA:28,0
DA:29,0
DA:30,0
DA:31,0
DA:32,0
DA:36,0
DA:44,0
DA:45,0
DA:46,0
DA:47,0
DA:52,0
DA:55,0
DA:73,0
DA:75,0
DA:81,0
DA:84,0
DA:89,0
DA:92,0
DA:97,0
DA:100,0
DA:106,0
DA:109,0
DA:116,0
DA:119,0
DA:123,0
DA:129,0
DA:130,0
DA:134,0
DA:135,0
DA:136,0
DA:138,0
DA:139,0
DA:142,0
DA:145,0
DA:146,0
DA:147,0
DA:148,0
DA:151,0
DA:152,0
DA:155,0
DA:156,0
DA:167,0
DA:178,1
DA:179,0
DA:185,0
DA:186,0
DA:194,0
DA:205,1
DA:206,0
DA:208,0
DA:214,0
DA:215,0
DA:221,0
DA:232,1
DA:233,0
DA:240,0
DA:241,0
DA:245,0
DA:246,0
DA:249,0
DA:258,1
DA:259,0
DA:260,0
DA:269,0
DA:270,0
DA:274,0
DA:276,0
DA:277,0
DA:279,0
DA:280,0
DA:282,0
DA:285,0
DA:286,0
DA:287,0
DA:288,0
DA:291,0
DA:292,0
DA:293,0
DA:294,0
DA:295,0
DA:298,0
DA:299,0
DA:300,0
DA:301,0
DA:306,0
DA:316,1
DA:317,0
DA:318,0
DA:319,0
DA:322,0
DA:323,0
DA:325,0
DA:326,0
DA:327,0
DA:328,0
DA:329,0
DA:330,0
DA:331,0
DA:333,0
DA:334,0
DA:335,0
DA:336,0
DA:337,0
DA:338,0
DA:341,0
DA:342,0
DA:343,0
DA:344,0
DA:349,0
DA:362,1
DA:363,0
DA:364,0
DA:366,0
DA:367,0
DA:370,0
DA:371,0
DA:374,0
DA:377,0
DA:379,0
DA:383,0
DA:385,0
DA:389,0
DA:391,0
DA:395,0
DA:396,0
DA:405,0
DA:408,0
DA:409,0
DA:411,0
DA:414,0
DA:417,0
DA:418,0
DA:419,0
DA:420,0
DA:424,0
DA:425,0
DA:426,0
DA:432,0
DA:435,0
DA:444,1
DA:445,0
DA:450,0
DA:459,1
DA:460,0
DA:463,0
DA:465,0
DA:470,0
DA:479,0
DA:482,0
DA:487,0
DA:490,0
DA:495,0
DA:498,0
DA:501,0
DA:502,0
DA:503,0
DA:506,0
DA:508,0
DA:517,1
DA:518,0
DA:520,0
DA:524,0
DA:525,0
DA:529,0
DA:530,0
DA:534,0
DA:535,0
DA:536,0
DA:541,0
DA:542,0
DA:545,0
DA:547,0
DA:554,1
DA:555,0
DA:557,0
DA:559,0
DA:562,0
DA:563,0
DA:566,0
DA:567,0
DA:569,0
DA:578,1
DA:579,0
DA:581,0
DA:596,0
DA:611,0
DA:626,0
DA:643,1
DA:644,0
DA:649,0
DA:652,0
DA:654,0
DA:655,0
DA:657,0
DA:658,0
DA:660,0
DA:661,0
DA:664,0
DA:669,1
DA:670,0
DA:671,0
DA:672,0
DA:673,0
DA:674,0
DA:675,0
DA:678,1
DA:679,0
DA:680,0
DA:682,0
DA:683,0
DA:684,0
DA:685,0
DA:686,0
DA:687,0
DA:691,0
DA:694,1
DA:695,0
DA:697,0
DA:698,0
DA:699,0
DA:702,0
DA:703,0
DA:704,0
DA:707,0
DA:708,0
DA:710,0
DA:712,0
DA:717,0
DA:728,1
DA:729,0
DA:730,0
DA:731,0
DA:732,0
DA:733,0
DA:735,0
DA:738,1
DA:739,0
DA:742,1
DA:743,0
DA:744,0
DA:751,0
DA:754,0
DA:756,0
DA:771,0
DA:773,0
DA:781,0
DA:785,1
DA:786,0
DA:788,0
DA:790,0
DA:792,0
DA:794,0
DA:798,1
DA:799,0
DA:800,0
DA:801,0
DA:802,0
DA:803,0
DA:805,0
DA:806,0
DA:807,0
DA:808,0
DA:809,0
DA:814,1
DA:815,0
DA:816,0
DA:817,0
DA:818,0
DA:819,0
DA:823,1
DA:824,0
DA:825,0
DA:826,0
DA:827,0
DA:831,1
DA:833,0
DA:841,1
DA:842,0
DA:850,1
LF:295
LH:40
BRDA:22,0,0,0
BRDA:25,1,0,0
BRDA:29,2,0,0
BRDA:29,2,1,0
BRDA:31,3,0,0
BRDA:31,3,1,0
BRDA:44,4,0,0
BRDA:44,4,1,0
BRDA:46,5,0,0
BRDA:46,5,1,0
BRDA:58,6,0,0
BRDA:58,6,1,0
BRDA:73,7,0,0
BRDA:73,7,1,0
BRDA:73,7,2,0
BRDA:73,7,3,0
BRDA:73,7,4,0
BRDA:73,7,5,0
BRDA:77,8,0,0
BRDA:77,8,1,0
BRDA:78,9,0,0
BRDA:78,9,1,0
BRDA:124,10,0,0
BRDA:124,10,1,0
BRDA:124,10,2,0
BRDA:124,10,3,0
BRDA:124,10,4,0
BRDA:131,11,0,0
BRDA:131,11,1,0
BRDA:131,12,0,0
BRDA:131,12,1,0
BRDA:131,12,2,0
BRDA:134,13,0,0
BRDA:134,13,1,0
BRDA:135,14,0,0
BRDA:135,14,1,0
BRDA:135,15,0,0
BRDA:135,15,1,0
BRDA:138,16,0,0
BRDA:138,16,1,0
BRDA:138,17,0,0
BRDA:138,17,1,0
BRDA:145,18,0,0
BRDA:145,18,1,0
BRDA:145,19,0,0
BRDA:145,19,1,0
BRDA:155,20,0,0
BRDA:155,20,1,0
BRDA:155,21,0,0
BRDA:155,21,1,0
BRDA:155,21,2,0
BRDA:206,22,0,0
BRDA:206,22,1,0
BRDA:240,23,0,0
BRDA:240,23,1,0
BRDA:245,24,0,0
BRDA:245,24,1,0
BRDA:245,25,0,0
BRDA:245,25,1,0
BRDA:269,26,0,0
BRDA:269,26,1,0
BRDA:274,27,0,0
BRDA:274,27,1,0
BRDA:274,27,2,0
BRDA:285,28,0,0
BRDA:285,28,1,0
BRDA:292,29,0,0
BRDA:292,29,1,0
BRDA:299,30,0,0
BRDA:299,30,1,0
BRDA:318,31,0,0
BRDA:318,31,1,0
BRDA:325,32,0,0
BRDA:325,32,1,0
BRDA:325,33,0,0
BRDA:325,33,1,0
BRDA:329,34,0,0
BRDA:329,34,1,0
BRDA:330,35,0,0
BRDA:330,35,1,0
BRDA:333,36,0,0
BRDA:333,36,1,0
BRDA:333,37,0,0
BRDA:333,37,1,0
BRDA:335,38,0,0
BRDA:335,38,1,0
BRDA:341,39,0,0
BRDA:341,39,1,0
BRDA:342,40,0,0
BRDA:342,40,1,0
BRDA:342,41,0,0
BRDA:342,41,1,0
BRDA:352,42,0,0
BRDA:352,42,1,0
BRDA:353,43,0,0
BRDA:353,43,1,0
BRDA:353,44,0,0
BRDA:353,44,1,0
BRDA:356,45,0,0
BRDA:356,45,1,0
BRDA:366,46,0,0
BRDA:366,46,1,0
BRDA:370,47,0,0
BRDA:370,47,1,0
BRDA:374,48,0,0
BRDA:374,48,1,0
BRDA:377,49,0,0
BRDA:377,49,1,0
BRDA:377,49,2,0
BRDA:395,50,0,0
BRDA:395,50,1,0
BRDA:408,51,0,0
BRDA:408,51,1,0
BRDA:418,52,0,0
BRDA:418,52,1,0
BRDA:425,53,0,0
BRDA:425,53,1,0
BRDA:463,54,0,0
BRDA:463,54,1,0
BRDA:463,54,2,0
BRDA:463,54,3,0
BRDA:502,55,0,0
BRDA:502,55,1,0
BRDA:524,56,0,0
BRDA:524,56,1,0
BRDA:529,57,0,0
BRDA:529,57,1,0
BRDA:534,58,0,0
BRDA:534,58,1,0
BRDA:541,59,0,0
BRDA:541,59,1,0
BRDA:541,60,0,0
BRDA:541,60,1,0
BRDA:562,61,0,0
BRDA:562,61,1,0
BRDA:629,62,0,0
BRDA:629,62,1,0
BRDA:644,63,0,0
BRDA:644,63,1,0
BRDA:644,63,2,0
BRDA:652,64,0,0
BRDA:652,64,1,0
BRDA:652,64,2,0
BRDA:670,65,0,0
BRDA:670,65,1,0
BRDA:672,66,0,0
BRDA:672,66,1,0
BRDA:672,67,0,0
BRDA:672,67,1,0
BRDA:673,68,0,0
BRDA:673,68,1,0
BRDA:673,69,0,0
BRDA:673,69,1,0
BRDA:674,70,0,0
BRDA:674,70,1,0
BRDA:675,71,0,0
BRDA:675,71,1,0
BRDA:685,72,0,0
BRDA:685,72,1,0
BRDA:695,73,0,0
BRDA:695,73,1,0
BRDA:697,74,0,0
BRDA:697,74,1,0
BRDA:699,75,0,0
BRDA:699,75,1,0
BRDA:702,76,0,0
BRDA:702,76,1,0
BRDA:703,77,0,0
BRDA:703,77,1,0
BRDA:708,78,0,0
BRDA:708,78,1,0
BRDA:712,79,0,0
BRDA:712,79,1,0
BRDA:712,79,2,0
BRDA:712,79,3,0
BRDA:718,80,0,0
BRDA:718,80,1,0
BRDA:718,80,2,0
BRDA:719,81,0,0
BRDA:719,81,1,0
BRDA:719,81,2,0
BRDA:745,82,0,0
BRDA:745,82,1,0
BRDA:745,82,2,0
BRDA:745,82,3,0
BRDA:754,83,0,0
BRDA:754,83,1,0
BRDA:764,84,0,0
BRDA:764,84,1,0
BRDA:765,85,0,0
BRDA:765,85,1,0
BRDA:766,86,0,0
BRDA:766,86,1,0
BRDA:767,87,0,0
BRDA:767,87,1,0
BRDA:767,87,2,0
BRDA:767,87,3,0
BRDA:768,88,0,0
BRDA:768,88,1,0
BRDA:768,88,2,0
BRDA:768,88,3,0
BRDA:786,89,0,0
BRDA:786,89,1,0
BRDA:786,89,2,0
BRDA:786,89,3,0
BRDA:800,90,0,0
BRDA:800,90,1,0
BRDA:806,91,0,0
BRDA:806,91,1,0
BRDA:816,92,0,0
BRDA:816,92,1,0
BRDA:825,93,0,0
BRDA:825,93,1,0
BRF:213
BRH:0
end_of_record
TN:
SF:src/Controllers/ReviewController.js
FN:9,(anonymous_0)
FN:29,(anonymous_1)
FN:55,(anonymous_2)
FN:72,(anonymous_3)
FN:100,(anonymous_4)
FN:116,(anonymous_5)
FN:130,(anonymous_6)
FN:146,(anonymous_7)
FN:153,(anonymous_8)
FN:160,(anonymous_9)
FN:172,(anonymous_10)
FNF:11
FNH:0
FNDA:0,(anonymous_0)
FNDA:0,(anonymous_1)
FNDA:0,(anonymous_2)
FNDA:0,(anonymous_3)
FNDA:0,(anonymous_4)
FNDA:0,(anonymous_5)
FNDA:0,(anonymous_6)
FNDA:0,(anonymous_7)
FNDA:0,(anonymous_8)
FNDA:0,(anonymous_9)
FNDA:0,(anonymous_10)
DA:2,1
DA:3,1
DA:4,1
DA:5,1
DA:6,1
DA:9,1
DA:10,0
DA:11,0
DA:22,0
DA:29,1
DA:30,0
DA:36,0
DA:37,0
DA:47,0
DA:55,1
DA:56,0
DA:64,0
DA:65,0
DA:68,0
DA:72,1
DA:73,0
DA:74,0
DA:75,0
DA:78,0
DA:79,0
DA:80,0
DA:83,0
DA:97,0
DA:100,1
DA:101,0
DA:102,0
DA:103,0
DA:106,0
DA:107,0
DA:110,0
DA:111,0
DA:113,0
DA:116,1
DA:117,0
DA:118,0
DA:119,0
DA:122,0
DA:123,0
DA:126,0
DA:127,0
DA:130,1
DA:131,0
DA:132,0
DA:133,0
DA:136,0
DA:137,0
DA:138,0
DA:140,0
DA:141,0
DA:142,0
DA:143,0
DA:146,1
DA:147,0
DA:148,0
DA:149,0
DA:152,0
DA:153,0
DA:154,0
DA:155,0
DA:156,0
DA:160,1
DA:161,0
DA:162,0
DA:163,0
DA:164,0
DA:166,0
DA:167,0
DA:169,0
DA:172,1
DA:173,0
DA:174,0
DA:175,0
DA:178,0
DA:179,0
DA:180,0
DA:181,0
DA:183,0
DA:186,1
LF:83
LH:16
BRDA:10,0,0,0
BRDA:10,0,1,0
BRDA:64,1,0,0
BRDA:64,1,1,0
BRDA:73,2,0,0
BRDA:73,2,1,0
BRDA:74,3,0,0
BRDA:74,3,1,0
BRDA:79,4,0,0
BRDA:79,4,1,0
BRDA:94,5,0,0
BRDA:94,5,1,0
BRDA:102,6,0,0
BRDA:102,6,1,0
BRDA:106,7,0,0
BRDA:106,7,1,0
BRDA:106,8,0,0
BRDA:106,8,1,0
BRDA:118,9,0,0
BRDA:118,9,1,0
BRDA:122,10,0,0
BRDA:122,10,1,0
BRDA:122,11,0,0
BRDA:122,11,1,0
BRDA:132,12,0,0
BRDA:132,12,1,0
BRDA:136,13,0,0
BRDA:136,13,1,0
BRDA:137,14,0,0
BRDA:137,14,1,0
BRDA:148,15,0,0
BRDA:148,15,1,0
BRDA:152,16,0,0
BRDA:152,16,1,0
BRDA:162,17,0,0
BRDA:162,17,1,0
BRDA:166,18,0,0
BRDA:166,18,1,0
BRDA:174,19,0,0
BRDA:174,19,1,0
BRF:40
BRH:0
end_of_record
TN:
SF:src/Controllers/ServiceController.js
FN:9,(anonymous_0)
FN:21,(anonymous_1)
FN:45,(anonymous_2)
FN:59,(anonymous_3)
FN:77,(anonymous_4)
FN:103,(anonymous_5)
FN:120,(anonymous_6)
FN:137,(anonymous_7)
FN:173,(anonymous_8)
FN:175,(anonymous_9)
FN:187,(anonymous_10)
FN:194,(anonymous_11)
FN:219,(anonymous_12)
FN:255,(anonymous_13)
FN:291,(anonymous_14)
FNF:15
FNH:1
FNDA:0,(anonymous_0)
FNDA:1,(anonymous_1)
FNDA:0,(anonymous_2)
FNDA:0,(anonymous_3)
FNDA:0,(anonymous_4)
FNDA:0,(anonymous_5)
FNDA:0,(anonymous_6)
FNDA:0,(anonymous_7)
FNDA:0,(anonymous_8)
FNDA:0,(anonymous_9)
FNDA:0,(anonymous_10)
FNDA:0,(anonymous_11)
FNDA:0,(anonymous_12)
FNDA:0,(anonymous_13)
FNDA:0,(anonymous_14)
DA:2,1
DA:3,1
DA:4,1
DA:5,1
DA:6,1
DA:9,1
DA:10,0
DA:12,0
DA:21,1
DA:22,1
DA:28,1
DA:29,1
DA:34,1
DA:45,1
DA:46,0
DA:47,0
DA:49,0
DA:59,1
DA:60,0
DA:61,0
DA:67,0
DA:77,1
DA:78,0
DA:86,0
DA:87,0
DA:91,0
DA:92,0
DA:94,0
DA:103,1
DA:104,0
DA:105,0
DA:106,0
DA:108,0
DA:109,0
DA:111,0
DA:120,1
DA:121,0
DA:123,0
DA:124,0
DA:127,0
DA:128,0
DA:130,0
DA:137,1
DA:138,0
DA:139,0
DA:141,0
DA:142,0
DA:146,0
DA:147,0
DA:157,0
DA:158,0
DA:160,0
DA:161,0
DA:163,0
DA:172,0
DA:173,0
DA:174,0
DA:175,0
DA:176,0
DA:177,0
DA:181,0
DA:187,0
DA:194,1
DA:195,0
DA:197,0
DA:198,0
DA:201,0
DA:202,0
DA:203,0
DA:212,0
DA:219,1
DA:220,0
DA:225,0
DA:226,0
DA:232,0
DA:243,0
DA:255,1
DA:256,0
DA:258,0
DA:259,0
DA:263,0
DA:267,0
DA:268,0
DA:272,0
DA:282,0
DA:291,1
DA:292,0
DA:294,0
DA:307,0
DA:320,0
DA:326,0
DA:341,1
LF:92
LH:22
BRDA:60,0,0,0
BRDA:60,0,1,0
BRDA:86,1,0,0
BRDA:86,1,1,0
BRDA:105,2,0,0
BRDA:105,2,1,0
BRDA:123,3,0,0
BRDA:123,3,1,0
BRDA:141,4,0,0
BRDA:141,4,1,0
BRDA:146,5,0,0
BRDA:146,5,1,0
BRDA:146,6,0,0
BRDA:146,6,1,0
BRDA:146,6,2,0
BRDA:172,7,0,0
BRDA:172,7,1,0
BRDA:197,8,0,0
BRDA:197,8,1,0
BRDA:201,9,0,0
BRDA:201,9,1,0
BRDA:202,10,0,0
BRDA:202,10,1,0
BRDA:202,10,2,0
BRDA:205,11,0,0
BRDA:205,11,1,0
BRDA:258,12,0,0
BRDA:258,12,1,0
BRDA:267,13,0,0
BRDA:267,13,1,0
BRDA:329,14,0,0
BRDA:329,14,1,0
BRF:32
BRH:0
end_of_record
TN:
SF:src/Controllers/UserController.js
FN:8,(anonymous_0)
FN:13,(anonymous_1)
FN:17,(anonymous_2)
FN:33,(anonymous_3)
FN:48,(anonymous_4)
FN:59,(anonymous_5)
FN:67,(anonymous_6)
FN:85,(anonymous_7)
FN:105,(anonymous_8)
FN:118,(anonymous_9)
FN:136,(anonymous_10)
FN:144,(anonymous_11)
FN:165,(anonymous_12)
FN:178,(anonymous_13)
FN:200,(anonymous_14)
FN:205,(anonymous_15)
FN:208,(anonymous_16)
FN:227,(anonymous_17)
FN:231,(anonymous_18)
FN:250,(anonymous_19)
FN:263,(anonymous_20)
FN:271,(anonymous_21)
FN:277,(anonymous_22)
FN:282,(anonymous_23)
FN:293,(anonymous_24)
FN:302,(anonymous_25)
FNF:26
FNH:0
FNDA:0,(anonymous_0)
FNDA:0,(anonymous_1)
FNDA:0,(anonymous_2)
FNDA:0,(anonymous_3)
FNDA:0,(anonymous_4)
FNDA:0,(anonymous_5)
FNDA:0,(anonymous_6)
FNDA:0,(anonymous_7)
FNDA:0,(anonymous_8)
FNDA:0,(anonymous_9)
FNDA:0,(anonymous_10)
FNDA:0,(anonymous_11)
FNDA:0,(anonymous_12)
FNDA:0,(anonymous_13)
FNDA:0,(anonymous_14)
FNDA:0,(anonymous_15)
FNDA:0,(anonymous_16)
FNDA:0,(anonymous_17)
FNDA:0,(anonymous_18)
FNDA:0,(anonymous_19)
FNDA:0,(anonymous_20)
FNDA:0,(anonymous_21)
FNDA:0,(anonymous_22)
FNDA:0,(anonymous_23)
FNDA:0,(anonymous_24)
FNDA:0,(anonymous_25)
DA:2,1
DA:3,1
DA:4,1
DA:5,1
DA:8,1
DA:9,0
DA:10,0
DA:13,1
DA:14,0
DA:15,0
DA:17,0
DA:18,0
DA:19,0
DA:23,0
DA:24,0
DA:25,0
DA:27,0
DA:28,0
DA:30,0
DA:33,1
DA:34,0
DA:35,0
DA:36,0
DA:39,0
DA:40,0
DA:41,0
DA:43,0
DA:44,0
DA:45,0
DA:48,1
DA:49,0
DA:50,0
DA:51,0
DA:53,0
DA:54,0
DA:55,0
DA:59,1
DA:60,0
DA:64,0
DA:67,1
DA:68,0
DA:70,0
DA:71,0
DA:73,0
DA:74,0
DA:75,0
DA:79,0
DA:80,0
DA:82,0
DA:85,1
DA:86,0
DA:90,0
DA:91,0
DA:94,0
DA:95,0
DA:98,0
DA:99,0
DA:101,0
DA:102,0
DA:105,1
DA:106,0
DA:110,0
DA:111,0
DA:114,0
DA:115,0
DA:118,1
DA:119,0
DA:123,0
DA:124,0
DA:127,0
DA:128,0
DA:129,0
DA:131,0
DA:132,0
DA:136,1
DA:137,0
DA:141,0
DA:144,1
DA:145,0
DA:147,0
DA:148,0
DA:150,0
DA:151,0
DA:152,0
DA:156,0
DA:157,0
DA:162,0
DA:165,1
DA:166,0
DA:170,0
DA:171,0
DA:174,0
DA:175,0
DA:178,1
DA:179,0
DA:183,0
DA:184,0
DA:187,0
DA:188,0
DA:189,0
DA:191,0
DA:196,0
DA:200,1
DA:201,0
DA:205,0
DA:208,1
DA:209,0
DA:210,0
DA:211,0
DA:212,0
DA:215,0
DA:216,0
DA:217,0
DA:219,0
DA:222,0
DA:227,0
DA:231,1
DA:232,0
DA:233,0
DA:234,0
DA:240,0
DA:244,0
DA:250,1
DA:251,0
DA:254,0
DA:255,0
DA:257,0
DA:258,0
DA:259,0
DA:260,0
DA:263,1
DA:264,0
DA:268,0
DA:271,1
DA:272,0
DA:273,0
DA:277,1
DA:278,0
DA:279,0
DA:282,1
DA:283,0
DA:284,0
DA:285,0
DA:287,0
DA:288,0
DA:289,0
DA:293,1
DA:294,0
DA:295,0
DA:296,0
DA:297,0
DA:299,0
DA:302,1
DA:303,0
DA:304,0
DA:305,0
DA:306,0
DA:308,0
DA:311,1
LF:159
LH:28
BRDA:18,0,0,0
BRDA:18,0,1,0
BRDA:24,1,0,0
BRDA:24,1,1,0
BRDA:34,2,0,0
BRDA:34,2,1,0
BRDA:35,3,0,0
BRDA:35,3,1,0
BRDA:40,4,0,0
BRDA:40,4,1,0
BRDA:50,5,0,0
BRDA:50,5,1,0
BRDA:70,6,0,0
BRDA:70,6,1,0
BRDA:74,7,0,0
BRDA:74,7,1,0
BRDA:90,8,0,0
BRDA:90,8,1,0
BRDA:94,9,0,0
BRDA:94,9,1,0
BRDA:110,10,0,0
BRDA:110,10,1,0
BRDA:123,11,0,0
BRDA:123,11,1,0
BRDA:147,12,0,0
BRDA:147,12,1,0
BRDA:151,13,0,0
BRDA:151,13,1,0
BRDA:170,14,0,0
BRDA:170,14,1,0
BRDA:183,15,0,0
BRDA:183,15,1,0
BRDA:211,16,0,0
BRDA:211,16,1,0
BRDA:216,17,0,0
BRDA:216,17,1,0
BRDA:232,18,0,0
BRDA:232,18,1,0
BRDA:233,19,0,0
BRDA:233,19,1,0
BRDA:254,20,0,0
BRDA:254,20,1,0
BRDA:284,21,0,0
BRDA:284,21,1,0
BRDA:295,22,0,0
BRDA:295,22,1,0
BRDA:304,23,0,0
BRDA:304,23,1,0
BRF:48
BRH:0
end_of_record
TN:
SF:src/Controllers/VehicleController.js
FN:10,(anonymous_0)
FN:24,(anonymous_1)
FN:28,(anonymous_2)
FN:43,(anonymous_3)
FN:67,(anonymous_4)
FN:85,(anonymous_5)
FN:111,(anonymous_6)
FN:128,(anonymous_7)
FN:146,(anonymous_8)
FN:174,(anonymous_9)
FN:206,(anonymous_10)
FN:232,(anonymous_11)
FN:269,(anonymous_12)
FN:308,(anonymous_13)
FN:319,(anonymous_14)
FN:327,(anonymous_15)
FN:342,(anonymous_16)
FN:369,(anonymous_17)
FNF:18
FNH:1
FNDA:0,(anonymous_0)
FNDA:0,(anonymous_1)
FNDA:0,(anonymous_2)
FNDA:1,(anonymous_3)
FNDA:0,(anonymous_4)
FNDA:0,(anonymous_5)
FNDA:0,(anonymous_6)
FNDA:0,(anonymous_7)
FNDA:0,(anonymous_8)
FNDA:0,(anonymous_9)
FNDA:0,(anonymous_10)
FNDA:0,(anonymous_11)
FNDA:0,(anonymous_12)
FNDA:0,(anonymous_13)
FNDA:0,(anonymous_14)
FNDA:0,(anonymous_15)
FNDA:0,(anonymous_16)
FNDA:0,(anonymous_17)
DA:2,1
DA:3,1
DA:4,1
DA:5,1
DA:6,1
DA:7,1
DA:10,1
DA:11,0
DA:14,0
DA:15,0
DA:16,0
DA:19,0
DA:22,0
DA:23,0
DA:25,0
DA:28,0
DA:32,0
DA:34,0
DA:43,1
DA:44,1
DA:50,1
DA:51,1
DA:56,1
DA:67,1
DA:68,0
DA:69,0
DA:75,0
DA:85,1
DA:86,0
DA:94,0
DA:95,0
DA:99,0
DA:100,0
DA:102,0
DA:111,1
DA:112,0
DA:113,0
DA:114,0
DA:116,0
DA:117,0
DA:119,0
DA:128,1
DA:129,0
DA:131,0
DA:132,0
DA:136,0
DA:137,0
DA:139,0
DA:146,1
DA:147,0
DA:148,0
DA:150,0
DA:151,0
DA:154,0
DA:162,0
DA:164,0
DA:174,1
DA:175,0
DA:177,0
DA:178,0
DA:181,0
DA:182,0
DA:196,0
DA:206,1
DA:207,0
DA:209,0
DA:210,0
DA:211,0
DA:218,0
DA:220,0
DA:222,0
DA:232,1
DA:233,0
DA:238,0
DA:239,0
DA:246,0
DA:257,0
DA:269,1
DA:270,0
DA:272,0
DA:273,0
DA:277,0
DA:281,0
DA:282,0
DA:286,0
DA:299,0
DA:308,1
DA:309,0
DA:311,0
DA:312,0
DA:315,0
DA:316,0
DA:319,0
DA:320,0
DA:326,0
DA:327,0
DA:329,0
DA:330,0
DA:331,0
DA:333,0
DA:342,1
DA:343,0
DA:345,0
DA:346,0
DA:349,0
DA:352,0
DA:354,0
DA:355,0
DA:357,0
DA:360,0
DA:369,1
DA:370,0
DA:372,0
DA:387,0
DA:400,0
DA:416,1
LF:116
LH:25
BRDA:14,0,0,0
BRDA:14,0,1,0
BRDA:15,1,0,0
BRDA:15,1,1,0
BRDA:22,2,0,0
BRDA:22,2,1,0
BRDA:68,3,0,0
BRDA:68,3,1,0
BRDA:94,4,0,0
BRDA:94,4,1,0
BRDA:113,5,0,0
BRDA:113,5,1,0
BRDA:131,6,0,0
BRDA:131,6,1,0
BRDA:150,7,0,0
BRDA:150,7,1,0
BRDA:177,8,0,0
BRDA:177,8,1,0
BRDA:210,9,0,0
BRDA:210,9,1,0
BRDA:272,10,0,0
BRDA:272,10,1,0
BRDA:281,11,0,0
BRDA:281,11,1,0
BRDA:311,12,0,0
BRDA:311,12,1,0
BRDA:315,13,0,0
BRDA:315,13,1,0
BRDA:315,14,0,0
BRDA:315,14,1,0
BRDA:329,15,0,0
BRDA:329,15,1,0
BRDA:345,16,0,0
BRDA:345,16,1,0
BRDA:354,17,0,0
BRDA:354,17,1,0
BRDA:403,18,0,0
BRDA:403,18,1,0
BRF:38
BRH:0
end_of_record
TN:
SF:src/Middleware/Admin.md.js
FN:7,(anonymous_0)
FN:8,(anonymous_1)
FN:24,(anonymous_2)
FN:25,(anonymous_3)
FN:41,(anonymous_4)
FN:42,(anonymous_5)
FN:58,(anonymous_6)
FN:59,(anonymous_7)
FN:71,(anonymous_8)
FN:82,(anonymous_9)
FNF:10
FNH:0
FNDA:0,(anonymous_0)
FNDA:0,(anonymous_1)
FNDA:0,(anonymous_2)
FNDA:0,(anonymous_3)
FNDA:0,(anonymous_4)
FNDA:0,(anonymous_5)
FNDA:0,(anonymous_6)
FNDA:0,(anonymous_7)
FNDA:0,(anonymous_8)
FNDA:0,(anonymous_9)
DA:2,1
DA:3,1
DA:4,1
DA:7,1
DA:8,0
DA:9,0
DA:11,0
DA:12,0
DA:15,0
DA:16,0
DA:19,0
DA:24,1
DA:25,0
DA:26,0
DA:28,0
DA:29,0
DA:32,0
DA:33,0
DA:36,0
DA:41,1
DA:42,0
DA:43,0
DA:45,0
DA:46,0
DA:49,0
DA:50,0
DA:53,0
DA:58,1
DA:59,0
DA:60,0
DA:62,0
DA:63,0
DA:66,0
DA:71,1
DA:72,0
DA:74,0
DA:75,0
DA:78,0
DA:82,1
DA:83,0
DA:85,0
DA:86,0
DA:89,0
DA:90,0
DA:93,0
LF:45
LH:9
BRDA:9,0,0,0
BRDA:9,0,1,0
BRDA:11,1,0,0
BRDA:11,1,1,0
BRDA:15,2,0,0
BRDA:15,2,1,0
BRDA:26,3,0,0
BRDA:26,3,1,0
BRDA:28,4,0,0
BRDA:28,4,1,0
BRDA:32,5,0,0
BRDA:32,5,1,0
BRDA:43,6,0,0
BRDA:43,6,1,0
BRDA:45,7,0,0
BRDA:45,7,1,0
BRDA:49,8,0,0
BRDA:49,8,1,0
BRDA:60,9,0,0
BRDA:60,9,1,0
BRDA:62,10,0,0
BRDA:62,10,1,0
BRDA:72,11,0,0
BRDA:72,11,1,0
BRDA:74,12,0,0
BRDA:74,12,1,0
BRDA:74,13,0,0
BRDA:74,13,1,0
BRDA:83,14,0,0
BRDA:83,14,1,0
BRDA:85,15,0,0
BRDA:85,15,1,0
BRDA:89,16,0,0
BRDA:89,16,1,0
BRF:34
BRH:0
end_of_record
TN:
SF:src/Middleware/Auth.md.js
FN:9,(anonymous_0)
FN:58,(anonymous_1)
FN:99,(anonymous_2)
FN:100,(anonymous_3)
FN:122,(anonymous_4)
FN:148,(anonymous_5)
FN:149,(anonymous_6)
FN:169,(anonymous_7)
FN:177,(anonymous_8)
FN:189,(anonymous_9)
FNF:10
FNH:3
FNDA:1,(anonymous_0)
FNDA:0,(anonymous_1)
FNDA:7,(anonymous_2)
FNDA:0,(anonymous_3)
FNDA:1,(anonymous_4)
FNDA:0,(anonymous_5)
FNDA:0,(anonymous_6)
FNDA:0,(anonymous_7)
FNDA:0,(anonymous_8)
FNDA:0,(anonymous_9)
DA:2,1
DA:3,1
DA:4,1
DA:5,1
DA:6,1
DA:9,1
DA:13,1
DA:14,1
DA:15,0
DA:16,0
DA:19,1
DA:20,0
DA:23,1
DA:25,1
DA:28,0
DA:29,0
DA:30,0
DA:34,0
DA:35,0
DA:39,0
DA:40,0
DA:44,0
DA:45,0
DA:47,1
DA:48,1
DA:50,0
DA:51,0
DA:53,0
DA:58,1
DA:61,0
DA:62,0
DA:65,0
DA:66,0
DA:69,0
DA:70,0
DA:72,0
DA:73,0
DA:74,0
DA:77,0
DA:78,0
DA:81,0
DA:82,0
DA:85,0
DA:86,0
DA:88,0
DA:89,0
DA:91,0
DA:92,0
DA:94,0
DA:99,1
DA:100,7
DA:102,0
DA:103,0
DA:104,0
DA:106,0
DA:110,0
DA:111,0
DA:112,0
DA:114,0
DA:117,0
DA:122,1
DA:125,1
DA:126,1
DA:129,1
DA:130,0
DA:133,1
DA:134,1
DA:135,0
DA:137,0
DA:138,0
DA:140,0
DA:143,1
DA:148,1
DA:149,0
DA:150,0
DA:152,0
DA:153,0
DA:156,0
DA:157,0
DA:159,0
DA:160,0
DA:163,0
DA:164,0
DA:169,1
DA:170,0
DA:171,0
DA:173,0
DA:177,1
DA:178,0
DA:179,0
DA:181,0
DA:182,0
DA:185,0
DA:189,1
DA:191,0
LF:95
LH:27
BRDA:13,0,0,1
BRDA:13,0,1,0
BRDA:13,1,0,1
BRDA:13,1,1,1
BRDA:15,2,0,0
BRDA:15,2,1,0
BRDA:19,3,0,0
BRDA:19,3,1,1
BRDA:29,4,0,0
BRDA:29,4,1,0
BRDA:34,5,0,0
BRDA:34,5,1,0
BRDA:39,6,0,0
BRDA:39,6,1,0
BRDA:47,7,0,1
BRDA:47,7,1,0
BRDA:50,8,0,0
BRDA:50,8,1,0
BRDA:61,9,0,0
BRDA:61,9,1,0
BRDA:61,10,0,0
BRDA:61,10,1,0
BRDA:65,11,0,0
BRDA:65,11,1,0
BRDA:73,12,0,0
BRDA:73,12,1,0
BRDA:77,13,0,0
BRDA:77,13,1,0
BRDA:81,14,0,0
BRDA:81,14,1,0
BRDA:81,15,0,0
BRDA:81,15,1,0
BRDA:88,16,0,0
BRDA:88,16,1,0
BRDA:91,17,0,0
BRDA:91,17,1,0
BRDA:102,18,0,0
BRDA:102,18,1,0
BRDA:103,19,0,0
BRDA:103,19,1,0
BRDA:110,20,0,0
BRDA:110,20,1,0
BRDA:111,21,0,0
BRDA:111,21,1,0
BRDA:125,22,0,1
BRDA:125,22,1,0
BRDA:125,23,0,1
BRDA:125,23,1,1
BRDA:129,24,0,0
BRDA:129,24,1,1
BRDA:137,25,0,0
BRDA:137,25,1,0
BRDA:137,26,0,0
BRDA:137,26,1,0
BRDA:137,26,2,0
BRDA:152,27,0,0
BRDA:152,27,1,0
BRDA:157,28,0,0
BRDA:157,28,1,0
BRDA:159,29,0,0
BRDA:159,29,1,0
BRDA:159,30,0,0
BRDA:159,30,1,0
BRDA:170,31,0,0
BRDA:170,31,1,0
BRDA:170,32,0,0
BRDA:170,32,1,0
BRDA:181,33,0,0
BRDA:181,33,1,0
BRF:69
BRH:9
end_of_record
TN:
SF:src/Middleware/Error.md.js
FN:6,(anonymous_0)
FN:12,(anonymous_1)
FN:19,(anonymous_2)
FN:20,(anonymous_3)
FN:26,(anonymous_4)
FN:29,(anonymous_5)
FN:33,(anonymous_6)
FN:37,(anonymous_7)
FN:48,(anonymous_8)
FN:68,(anonymous_9)
FNF:10
FNH:2
FNDA:0,(anonymous_0)
FNDA:0,(anonymous_1)
FNDA:0,(anonymous_2)
FNDA:0,(anonymous_3)
FNDA:0,(anonymous_4)
FNDA:0,(anonymous_5)
FNDA:0,(anonymous_6)
FNDA:0,(anonymous_7)
FNDA:6,(anonymous_8)
FNDA:6,(anonymous_9)
DA:2,1
DA:3,1
DA:6,1
DA:7,0
DA:8,0
DA:12,1
DA:13,0
DA:14,0
DA:15,0
DA:19,1
DA:20,0
DA:21,0
DA:22,0
DA:26,1
DA:27,0
DA:29,1
DA:30,0
DA:33,1
DA:34,0
DA:37,1
DA:38,0
DA:48,1
DA:50,6
DA:51,6
DA:58,0
DA:60,0
DA:68,1
DA:69,6
DA:70,6
DA:73,6
DA:82,6
DA:83,0
DA:85,6
DA:86,6
DA:88,6
DA:89,6
DA:90,6
DA:91,6
DA:92,6
DA:93,6
DA:95,6
LF:41
LH:26
BRDA:50,0,0,6
BRDA:50,0,1,0
BRDA:69,1,0,6
BRDA:69,1,1,0
BRDA:70,2,0,6
BRDA:70,2,1,0
BRDA:82,3,0,0
BRDA:82,3,1,6
BRDA:88,4,0,0
BRDA:88,4,1,6
BRDA:89,5,0,0
BRDA:89,5,1,6
BRDA:90,6,0,0
BRDA:90,6,1,6
BRDA:91,7,0,0
BRDA:91,7,1,6
BRDA:92,8,0,0
BRDA:92,8,1,6
BRDA:93,9,0,0
BRDA:93,9,1,6
BRF:20
BRH:10
end_of_record
TN:
SF:src/Middleware/Logger.md.js
FN:11,(anonymous_0)
FN:55,(anonymous_1)
FN:58,(anonymous_2)
FN:85,(anonymous_3)
FNF:4
FNH:1
FNDA:6,(anonymous_0)
FNDA:0,(anonymous_1)
FNDA:0,(anonymous_2)
FNDA:0,(anonymous_3)
DA:2,1
DA:3,1
DA:4,1
DA:7,1
DA:12,6
DA:22,1
DA:48,1
DA:55,1
DA:56,0
DA:58,0
DA:59,0
DA:60,0
DA:70,0
DA:71,0
DA:73,0
DA:77,0
DA:81,1
DA:84,1
DA:86,0
LF:19
LH:10
BRDA:12,0,0,6
BRDA:12,0,1,0
BRDA:26,1,0,1
BRDA:26,1,1,1
BRDA:49,2,0,1
BRDA:49,2,1,1
BRDA:70,3,0,0
BRDA:70,3,1,0
BRF:8
BRH:5
end_of_record
TN:
SF:src/Middleware/Sanitizer.md.js
FN:6,(anonymous_0)
FN:8,(anonymous_1)
FN:16,(anonymous_2)
FN:24,(anonymous_3)
FN:37,(anonymous_4)
FN:46,(anonymous_5)
FN:49,(anonymous_6)
FN:56,(anonymous_7)
FN:85,(anonymous_8)
FN:89,(anonymous_9)
FN:98,(anonymous_10)
FN:100,(anonymous_11)
FN:102,(anonymous_12)
FN:104,(anonymous_13)
FN:109,(anonymous_14)
FNF:15
FNH:3
FNDA:10,(anonymous_0)
FNDA:8,(anonymous_1)
FNDA:4,(anonymous_2)
FNDA:0,(anonymous_3)
FNDA:0,(anonymous_4)
FNDA:0,(anonymous_5)
FNDA:0,(anonymous_6)
FNDA:0,(anonymous_7)
FNDA:0,(anonymous_8)
FNDA:0,(anonymous_9)
FNDA:0,(anonymous_10)
FNDA:0,(anonymous_11)
FNDA:0,(anonymous_12)
FNDA:0,(anonymous_13)
FNDA:0,(anonymous_14)
DA:2,1
DA:3,1
DA:6,1
DA:7,10
DA:8,10
DA:9,8
DA:10,8
DA:15,10
DA:16,10
DA:17,4
DA:18,4
DA:23,10
DA:24,10
DA:25,0
DA:26,0
DA:31,10
DA:35,1
DA:38,0
DA:46,1
DA:47,0
DA:49,0
DA:50,0
DA:51,0
DA:53,0
DA:56,0
DA:57,0
DA:58,0
DA:59,0
DA:60,0
DA:61,0
DA:64,0
DA:67,0
DA:68,0
DA:74,0
DA:75,0
DA:81,0
DA:85,1
DA:86,0
DA:88,0
DA:89,0
DA:90,0
DA:91,0
DA:97,0
DA:98,0
DA:99,0
DA:100,0
DA:101,0
DA:102,0
DA:103,0
DA:104,0
DA:105,0
DA:106,0
DA:109,0
DA:110,0
DA:111,0
DA:116,0
DA:118,0
DA:121,0
LF:58
LH:17
BRDA:7,0,0,10
BRDA:7,0,1,0
BRDA:9,1,0,8
BRDA:9,1,1,0
BRDA:15,2,0,10
BRDA:15,2,1,0
BRDA:17,3,0,4
BRDA:17,3,1,0
BRDA:23,4,0,10
BRDA:23,4,1,0
BRDA:25,5,0,0
BRDA:25,5,1,0
BRDA:50,6,0,0
BRDA:50,6,1,0
BRDA:50,7,0,0
BRDA:50,7,1,0
BRDA:58,8,0,0
BRDA:58,8,1,0
BRDA:58,9,0,0
BRDA:58,9,1,0
BRDA:59,10,0,0
BRDA:59,10,1,0
BRDA:60,11,0,0
BRDA:60,11,1,0
BRDA:67,12,0,0
BRDA:67,12,1,0
BRDA:67,13,0,0
BRDA:67,13,1,0
BRDA:74,14,0,0
BRDA:74,14,1,0
BRDA:74,15,0,0
BRDA:74,15,1,0
BRDA:88,16,0,0
BRDA:88,16,1,0
BRDA:90,17,0,0
BRDA:90,17,1,0
BRDA:99,18,0,0
BRDA:99,18,1,0
BRDA:99,19,0,0
BRDA:99,19,1,0
BRDA:101,20,0,0
BRDA:101,20,1,0
BRDA:103,21,0,0
BRDA:103,21,1,0
BRDA:103,22,0,0
BRDA:103,22,1,0
BRDA:105,23,0,0
BRDA:105,23,1,0
BRDA:110,24,0,0
BRDA:110,24,1,0
BRDA:110,25,0,0
BRDA:110,25,1,0
BRF:52
BRH:5
end_of_record
TN:
SF:src/Middleware/Upload.md.js
FN:8,(anonymous_0)
FN:24,(anonymous_1)
FN:32,(anonymous_2)
FN:67,(anonymous_3)
FN:68,(anonymous_4)
FN:69,(anonymous_5)
FN:84,(anonymous_6)
FN:93,(anonymous_7)
FNF:8
FNH:0
FNDA:0,(anonymous_0)
FNDA:0,(anonymous_1)
FNDA:0,(anonymous_2)
FNDA:0,(anonymous_3)
FNDA:0,(anonymous_4)
FNDA:0,(anonymous_5)
FNDA:0,(anonymous_6)
FNDA:0,(anonymous_7)
DA:2,1
DA:3,1
DA:4,1
DA:7,1
DA:9,0
DA:12,0
DA:13,0
DA:14,0
DA:15,0
DA:16,0
DA:17,0
DA:19,0
DA:22,0
DA:25,0
DA:26,0
DA:27,0
DA:32,1
DA:33,0
DA:39,0
DA:41,0
DA:42,0
DA:43,0
DA:44,0
DA:45,0
DA:46,0
DA:49,0
DA:50,0
DA:52,0
DA:57,1
DA:67,1
DA:68,0
DA:69,0
DA:70,0
DA:71,0
DA:72,0
DA:74,0
DA:75,0
DA:76,0
DA:78,0
DA:84,1
DA:85,0
DA:93,0
DA:94,0
DA:95,0
DA:96,0
DA:98,0
DA:99,0
DA:101,0
DA:102,0
DA:103,0
DA:105,0
DA:110,1
DA:112,1
LF:53
LH:10
BRDA:12,0,0,0
BRDA:12,0,1,0
BRDA:14,1,0,0
BRDA:14,1,1,0
BRDA:16,2,0,0
BRDA:16,2,1,0
BRDA:41,3,0,0
BRDA:41,3,1,0
BRDA:41,4,0,0
BRDA:41,4,1,0
BRDA:41,4,2,0
BRDA:43,5,0,0
BRDA:43,5,1,0
BRDA:45,6,0,0
BRDA:45,6,1,0
BRDA:49,7,0,0
BRDA:49,7,1,0
BRDA:70,8,0,0
BRDA:70,8,1,0
BRDA:71,9,0,0
BRDA:71,9,1,0
BRDA:75,10,0,0
BRDA:75,10,1,0
BRDA:94,11,0,0
BRDA:94,11,1,0
BRDA:95,12,0,0
BRDA:95,12,1,0
BRDA:98,13,0,0
BRDA:98,13,1,0
BRDA:102,14,0,0
BRDA:102,14,1,0
BRF:31
BRH:0
end_of_record
TN:
SF:src/Middleware/Validation.md.js
FN:5,(anonymous_0)
FN:6,(anonymous_1)
FN:16,(anonymous_2)
FN:31,(anonymous_3)
FN:32,(anonymous_4)
FN:35,(anonymous_5)
FN:42,(anonymous_6)
FN:62,(anonymous_7)
FN:70,(anonymous_8)
FN:79,(anonymous_9)
FN:88,(anonymous_10)
FN:108,(anonymous_11)
FN:117,(anonymous_12)
FNF:13
FNH:3
FNDA:113,(anonymous_0)
FNDA:4,(anonymous_1)
FNDA:2,(anonymous_2)
FNDA:0,(anonymous_3)
FNDA:0,(anonymous_4)
FNDA:0,(anonymous_5)
FNDA:0,(anonymous_6)
FNDA:0,(anonymous_7)
FNDA:0,(anonymous_8)
FNDA:0,(anonymous_9)
FNDA:0,(anonymous_10)
FNDA:0,(anonymous_11)
FNDA:0,(anonymous_12)
DA:2,1
DA:5,1
DA:6,113
DA:7,4
DA:15,4
DA:16,2
DA:21,2
DA:25,2
DA:26,2
DA:31,1
DA:32,0
DA:33,0
DA:35,0
DA:36,0
DA:41,0
DA:42,0
DA:43,0
DA:51,0
DA:52,0
DA:55,0
DA:60,1
DA:63,0
DA:64,0
DA:66,0
DA:71,0
DA:72,0
DA:73,0
DA:75,0
DA:80,0
DA:81,0
DA:82,0
DA:84,0
DA:89,0
DA:90,0
DA:92,0
DA:93,0
DA:95,0
DA:96,0
DA:98,0
DA:99,0
DA:101,0
DA:102,0
DA:104,0
DA:109,0
DA:110,0
DA:111,0
DA:113,0
DA:118,0
DA:119,0
DA:121,0
LF:50
LH:11
BRDA:5,0,0,61
BRDA:15,1,0,2
BRDA:15,1,1,2
BRDA:41,2,0,0
BRDA:41,2,1,0
BRDA:51,3,0,0
BRDA:51,3,1,0
BRDA:63,4,0,0
BRDA:63,4,1,0
BRDA:72,5,0,0
BRDA:72,5,1,0
BRDA:81,6,0,0
BRDA:81,6,1,0
BRDA:89,7,0,0
BRDA:89,7,1,0
BRDA:92,8,0,0
BRDA:92,8,1,0
BRDA:95,9,0,0
BRDA:95,9,1,0
BRDA:98,10,0,0
BRDA:98,10,1,0
BRDA:101,11,0,0
BRDA:101,11,1,0
BRDA:110,12,0,0
BRDA:110,12,1,0
BRDA:118,13,0,0
BRDA:118,13,1,0
BRF:27
BRH:3
end_of_record
TN:
SF:src/Models/Admin.js
FNF:0
FNH:0
DA:2,1
DA:4,1
LF:2
LH:2
BRF:0
BRH:0
end_of_record
TN:
SF:src/Models/AuditLog.js
FNF:0
FNH:0
DA:2,1
DA:3,1
DA:5,1
DA:77,1
LF:4
LH:4
BRF:0
BRH:0
end_of_record
TN:
SF:src/Models/Booking.js
FNF:0
FNH:0
DA:2,1
DA:3,1
DA:5,1
DA:208,1
LF:4
LH:4
BRF:0
BRH:0
end_of_record
TN:
SF:src/Models/Delivery.js
FNF:0
FNH:0
DA:2,1
DA:3,1
DA:5,1
DA:219,1
LF:4
LH:4
BRF:0
BRH:0
end_of_record
TN:
SF:src/Models/Location.js
FNF:0
FNH:0
DA:2,1
DA:3,1
DA:5,1
DA:70,1
LF:4
LH:4
BRF:0
BRH:0
end_of_record
TN:
SF:src/Models/Maintenance.js
FNF:0
FNH:0
DA:2,1
DA:3,1
DA:5,1
DA:91,1
LF:4
LH:4
BRF:0
BRH:0
end_of_record
TN:
SF:src/Models/Notification.js
FNF:0
FNH:0
DA:2,1
DA:3,1
DA:5,1
DA:74,1
LF:4
LH:4
BRF:0
BRH:0
end_of_record
TN:
SF:src/Models/Payment.js
FNF:0
FNH:0
DA:2,1
DA:3,1
DA:5,1
DA:115,1
LF:4
LH:4
BRF:0
BRH:0
end_of_record
TN:
SF:src/Models/Review.js
FNF:0
FNH:0
DA:2,1
DA:3,1
DA:5,1
DA:116,1
LF:4
LH:4
BRF:0
BRH:0
end_of_record
TN:
SF:src/Models/Service.js
FNF:0
FNH:0
DA:2,1
DA:3,1
DA:5,1
DA:149,1
LF:4
LH:4
BRF:0
BRH:0
end_of_record
TN:
SF:src/Models/SystemSettings.js
FN:73,(anonymous_0)
FNF:1
FNH:0
FNDA:0,(anonymous_0)
DA:2,1
DA:3,1
DA:5,1
DA:73,1
DA:74,0
DA:75,0
DA:78,1
LF:7
LH:5
BRDA:73,0,0,0
BRDA:75,1,0,0
BRDA:75,1,1,0
BRF:3
BRH:0
end_of_record
TN:
SF:src/Models/User.js
FN:156,(anonymous_0)
FN:160,(anonymous_1)
FN:168,(anonymous_2)
FN:175,(anonymous_3)
FN:182,(anonymous_4)
FN:186,(anonymous_5)
FN:203,(anonymous_6)
FN:209,(anonymous_7)
FN:212,(anonymous_8)
FN:215,(anonymous_9)
FN:218,(anonymous_10)
FN:221,(anonymous_11)
FNF:12
FNH:2
FNDA:1,(anonymous_0)
FNDA:0,(anonymous_1)
FNDA:0,(anonymous_2)
FNDA:0,(anonymous_3)
FNDA:1,(anonymous_4)
FNDA:0,(anonymous_5)
FNDA:0,(anonymous_6)
FNDA:0,(anonymous_7)
FNDA:0,(anonymous_8)
FNDA:0,(anonymous_9)
FNDA:0,(anonymous_10)
FNDA:0,(anonymous_11)
DA:2,1
DA:3,1
DA:4,1
DA:5,1
DA:7,1
DA:156,1
DA:157,1
DA:160,1
DA:161,0
DA:162,0
DA:163,0
DA:165,0
DA:168,1
DA:169,0
DA:170,0
DA:171,0
DA:172,0
DA:175,1
DA:176,0
DA:177,0
DA:178,0
DA:179,0
DA:182,1
DA:183,1
DA:186,1
DA:187,0
DA:188,0
DA:189,0
DA:190,0
DA:193,0
DA:194,0
DA:196,0
DA:197,0
DA:200,0
DA:203,1
DA:204,0
DA:205,0
DA:206,0
DA:209,1
DA:210,0
DA:211,0
DA:212,0
DA:215,1
DA:216,0
DA:217,0
DA:218,0
DA:221,1
DA:222,0
DA:223,0
DA:239,1
LF:50
LH:18
BRDA:161,0,0,0
BRDA:161,0,1,0
BRDA:183,1,0,1
BRDA:183,1,1,0
BRDA:187,2,0,0
BRDA:187,2,1,0
BRDA:187,3,0,0
BRDA:187,3,1,0
BRDA:193,4,0,0
BRDA:193,4,1,0
BRDA:196,5,0,0
BRDA:196,5,1,0
BRDA:196,6,0,0
BRDA:196,6,1,0
BRDA:204,7,0,0
BRDA:204,7,1,0
BRDA:205,8,0,0
BRDA:205,8,1,0
BRDA:210,9,0,0
BRDA:210,9,1,0
BRDA:211,10,0,0
BRDA:211,10,1,0
BRDA:216,11,0,0
BRDA:216,11,1,0
BRDA:217,12,0,0
BRDA:217,12,1,0
BRDA:221,13,0,0
BRDA:233,14,0,0
BRDA:233,14,1,0
BRDA:233,14,2,0
BRF:30
BRH:1
end_of_record
TN:
SF:src/Models/UserAddress.js
FNF:0
FNH:0
DA:2,1
DA:3,1
DA:5,1
DA:64,1
LF:4
LH:4
BRF:0
BRH:0
end_of_record
TN:
SF:src/Models/UserPaymentMethod.js
FNF:0
FNH:0
DA:2,1
DA:3,1
DA:5,1
DA:64,1
LF:4
LH:4
BRF:0
BRH:0
end_of_record
TN:
SF:src/Models/Vehicle.js
FNF:0
FNH:0
DA:2,1
DA:3,1
DA:5,1
DA:176,1
LF:4
LH:4
BRF:0
BRH:0
end_of_record
TN:
SF:src/Models/Wishlist.js
FNF:0
FNH:0
DA:2,1
DA:3,1
DA:5,1
DA:28,1
LF:4
LH:4
BRF:0
BRH:0
end_of_record
TN:
SF:src/Models/index.js
FNF:0
FNH:0
DA:2,1
DA:3,1
DA:4,1
DA:5,1
DA:6,1
DA:7,1
DA:8,1
DA:9,1
DA:10,1
DA:11,1
DA:12,1
DA:13,1
DA:14,1
DA:15,1
DA:16,1
DA:18,1
DA:19,1
DA:20,1
DA:21,1
DA:22,1
DA:23,1
DA:24,1
DA:25,1
DA:26,1
DA:28,1
DA:29,1
DA:30,1
DA:32,1
DA:33,1
DA:34,1
DA:35,1
DA:37,1
DA:38,1
DA:40,1
DA:41,1
DA:42,1
DA:43,1
DA:44,1
DA:45,1
DA:47,1
DA:48,1
DA:50,1
DA:51,1
DA:52,1
DA:54,1
DA:55,1
DA:56,1
DA:57,1
DA:59,1
DA:61,1
DA:62,1
DA:64,1
DA:66,1
DA:67,1
DA:68,1
DA:70,1
LF:56
LH:56
BRF:0
BRH:0
end_of_record
TN:
SF:src/Routes/adminRoutes.js
FNF:0
FNH:0
DA:2,1
DA:3,1
DA:4,1
DA:5,1
DA:6,1
DA:7,1
DA:8,1
DA:11,1
DA:17,1
DA:24,1
DA:27,1
DA:32,1
DA:38,1
DA:45,1
DA:47,1
DA:52,1
DA:58,1
DA:64,1
DA:70,1
DA:77,1
DA:83,1
DA:88,1
DA:94,1
DA:100,1
DA:107,1
DA:112,1
DA:118,1
DA:125,1
DA:130,1
DA:136,1
DA:143,1
DA:149,1
DA:156,1
DA:162,1
DA:169,1
DA:174,1
DA:180,1
DA:187,1
DA:193,1
DA:200,1
DA:206,1
LF:41
LH:41
BRF:0
BRH:0
end_of_record
TN:
SF:src/Routes/authRoutes.js
FNF:0
FNH:0
DA:2,1
DA:3,1
DA:4,1
DA:5,1
DA:6,1
DA:7,1
DA:10,1
DA:16,1
DA:22,1
DA:28,1
DA:34,1
DA:40,1
DA:46,1
DA:53,1
DA:59,1
DA:65,1
DA:72,1
DA:74,1
DA:79,1
DA:84,1
DA:90,1
DA:96,1
DA:103,1
DA:108,1
DA:114,1
DA:121,1
DA:126,1
DA:132,1
LF:28
LH:28
BRF:0
BRH:0
end_of_record
TN:
SF:src/Routes/bookingRoutes.js
FNF:0
FNH:0
DA:2,1
DA:3,1
DA:4,1
DA:5,1
DA:6,1
DA:7,1
DA:8,1
DA:11,1
DA:17,1
DA:23,1
DA:29,1
DA:36,1
DA:44,1
DA:46,1
DA:51,1
DA:57,1
DA:64,1
DA:65,1
DA:67,1
DA:72,1
DA:78,1
DA:84,1
DA:89,1
LF:23
LH:23
BRF:0
BRH:0
end_of_record
TN:
SF:src/Routes/emailRoutes.js
FNF:0
FNH:0
DA:1,1
DA:2,1
DA:3,1
DA:5,1
DA:6,1
DA:7,1
DA:8,1
DA:10,1
LF:8
LH:8
BRF:0
BRH:0
end_of_record
TN:
SF:src/Routes/locationRoutes.js
FNF:0
FNH:0
DA:2,1
DA:3,1
DA:4,1
DA:5,1
DA:6,1
DA:7,1
DA:8,1
DA:11,1
DA:17,1
DA:22,1
DA:28,1
DA:34,1
DA:41,1
DA:43,1
DA:49,1
DA:55,1
DA:62,1
DA:64,1
DA:70,1
DA:76,1
DA:82,1
DA:88,1
DA:94,1
LF:23
LH:23
BRF:0
BRH:0
end_of_record
TN:
SF:src/Routes/paymentRoutes.js
FNF:0
FNH:0
DA:2,1
DA:3,1
DA:4,1
DA:5,1
DA:6,1
DA:7,1
DA:8,1
DA:11,1
DA:18,1
DA:25,1
DA:32,1
DA:39,1
DA:41,1
DA:46,1
DA:51,1
DA:57,1
DA:63,1
DA:69,1
DA:76,1
DA:77,1
DA:79,1
DA:84,1
DA:90,1
DA:96,1
DA:101,1
LF:25
LH:25
BRF:0
BRH:0
end_of_record
TN:
SF:src/Routes/reviewRoutes.js
FNF:0
FNH:0
DA:2,1
DA:3,1
DA:4,1
DA:5,1
DA:6,1
DA:7,1
DA:8,1
DA:11,1
DA:16,1
DA:21,1
DA:28,1
DA:30,1
DA:36,1
DA:42,1
DA:48,1
DA:54,1
DA:61,1
DA:63,1
DA:69,1
DA:75,1
LF:20
LH:20
BRF:0
BRH:0
end_of_record
TN:
SF:src/Routes/serviceRoutes.js
FNF:0
FNH:0
DA:2,1
DA:3,1
DA:4,1
DA:5,1
DA:6,1
DA:7,1
DA:8,1
DA:11,1
DA:16,1
DA:22,1
DA:27,1
DA:33,1
DA:39,1
DA:45,1
DA:52,1
DA:54,1
DA:61,1
DA:63,1
DA:69,1
DA:75,1
DA:81,1
DA:86,1
LF:22
LH:22
BRF:0
BRH:0
end_of_record
TN:
SF:src/Routes/userRoutes.js
FNF:0
FNH:0
DA:2,1
DA:3,1
DA:4,1
DA:5,1
DA:6,1
DA:7,1
DA:10,1
DA:13,1
DA:18,1
DA:24,1
DA:30,1
DA:36,1
DA:41,1
DA:47,1
DA:53,1
DA:59,1
DA:66,1
DA:71,1
DA:77,1
DA:83,1
DA:90,1
DA:95,1
DA:101,1
DA:108,1
DA:114,1
DA:120,1
DA:125,1
DA:132,1
DA:137,1
DA:144,1
DA:150,1
DA:156,1
LF:32
LH:32
BRF:0
BRH:0
end_of_record
TN:
SF:src/Routes/vehicleRoutes.js
FNF:0
FNH:0
DA:2,1
DA:3,1
DA:4,1
DA:5,1
DA:6,1
DA:7,1
DA:8,1
DA:9,1
DA:12,1
DA:17,1
DA:23,1
DA:28,1
DA:34,1
DA:40,1
DA:46,1
DA:53,1
DA:55,1
DA:61,1
DA:68,1
DA:70,1
DA:77,1
DA:83,1
DA:89,1
DA:96,1
DA:101,1
LF:25
LH:25
BRF:0
BRH:0
end_of_record
TN:
SF:src/Services/cloudinaryService.js
FN:13,(anonymous_0)
FN:39,(anonymous_1)
FN:40,(anonymous_2)
FN:45,(anonymous_3)
FN:57,(anonymous_4)
FN:66,(anonymous_5)
FNF:6
FNH:0
FNDA:0,(anonymous_0)
FNDA:0,(anonymous_1)
FNDA:0,(anonymous_2)
FNDA:0,(anonymous_3)
FNDA:0,(anonymous_4)
FNDA:0,(anonymous_5)
DA:2,1
DA:3,1
DA:6,1
DA:13,1
DA:14,0
DA:15,0
DA:24,0
DA:25,0
DA:33,0
DA:34,0
DA:39,1
DA:40,0
DA:41,0
DA:45,1
DA:46,0
DA:47,0
DA:48,0
DA:49,0
DA:51,0
DA:52,0
DA:57,1
DA:58,0
DA:66,1
DA:67,0
DA:68,0
DA:76,0
DA:82,0
DA:83,0
LF:28
LH:8
BRDA:13,0,0,0
BRDA:16,1,0,0
BRDA:16,1,1,0
BRDA:17,2,0,0
BRDA:17,2,1,0
BRDA:39,3,0,0
BRDA:57,4,0,0
BRDA:66,5,0,0
BRDA:71,6,0,0
BRDA:71,6,1,0
BRDA:71,7,0,0
BRDA:71,7,1,0
BRF:12
BRH:0
end_of_record
TN:
SF:src/Services/emailService.js
FN:9,(anonymous_0)
FN:21,(anonymous_1)
FN:30,(anonymous_2)
FN:45,(anonymous_3)
FN:64,(anonymous_4)
FN:81,(anonymous_5)
FN:90,(anonymous_6)
FN:97,(anonymous_7)
FN:98,(anonymous_8)
FN:113,(anonymous_9)
FN:124,(anonymous_10)
FN:159,(anonymous_11)
FN:171,(anonymous_12)
FN:180,(anonymous_13)
FN:200,(anonymous_14)
FN:222,(anonymous_15)
FN:234,(anonymous_16)
FN:254,(anonymous_17)
FN:274,(anonymous_18)
FN:294,(anonymous_19)
FN:314,(anonymous_20)
FN:334,(anonymous_21)
FN:355,(anonymous_22)
FN:376,(anonymous_23)
FN:396,(anonymous_24)
FN:409,(anonymous_25)
FN:417,(anonymous_26)
FN:419,(anonymous_27)
FN:427,(anonymous_28)
FN:439,(anonymous_29)
FN:459,(anonymous_30)
FN:479,(anonymous_31)
FN:499,(anonymous_32)
FN:518,(anonymous_33)
FN:537,(anonymous_34)
FNF:35
FNH:6
FNDA:1,(anonymous_0)
FNDA:1,(anonymous_1)
FNDA:1,(anonymous_2)
FNDA:1,(anonymous_3)
FNDA:0,(anonymous_4)
FNDA:0,(anonymous_5)
FNDA:0,(anonymous_6)
FNDA:1,(anonymous_7)
FNDA:2,(anonymous_8)
FNDA:0,(anonymous_9)
FNDA:0,(anonymous_10)
FNDA:0,(anonymous_11)
FNDA:0,(anonymous_12)
FNDA:0,(anonymous_13)
FNDA:0,(anonymous_14)
FNDA:0,(anonymous_15)
FNDA:0,(anonymous_16)
FNDA:0,(anonymous_17)
FNDA:0,(anonymous_18)
FNDA:0,(anonymous_19)
FNDA:0,(anonymous_20)
FNDA:0,(anonymous_21)
FNDA:0,(anonymous_22)
FNDA:0,(anonymous_23)
FNDA:0,(anonymous_24)
FNDA:0,(anonymous_25)
FNDA:0,(anonymous_26)
FNDA:0,(anonymous_27)
FNDA:0,(anonymous_28)
FNDA:0,(anonymous_29)
FNDA:0,(anonymous_30)
FNDA:0,(anonymous_31)
FNDA:0,(anonymous_32)
FNDA:0,(anonymous_33)
FNDA:0,(anonymous_34)
DA:2,1
DA:3,1
DA:4,1
DA:5,1
DA:10,1
DA:11,1
DA:12,1
DA:13,1
DA:14,1
DA:15,1
DA:22,1
DA:23,1
DA:24,1
DA:31,1
DA:32,1
DA:33,0
DA:34,0
DA:35,0
DA:38,0
DA:46,1
DA:47,1
DA:48,0
DA:64,0
DA:65,0
DA:66,0
DA:67,0
DA:69,0
DA:74,0
DA:82,0
DA:83,0
DA:84,0
DA:91,0
DA:98,1
DA:99,2
DA:100,0
DA:101,0
DA:102,0
DA:104,0
DA:114,0
DA:115,0
DA:119,1
DA:124,1
DA:125,0
DA:126,0
DA:127,0
DA:128,0
DA:131,0
DA:132,0
DA:136,0
DA:138,0
DA:139,0
DA:140,0
DA:142,0
DA:143,0
DA:144,0
DA:146,0
DA:148,0
DA:149,0
DA:153,0
DA:154,0
DA:157,0
DA:158,0
DA:159,0
DA:160,0
DA:162,0
DA:163,0
DA:171,1
DA:172,0
DA:173,0
DA:180,0
DA:188,0
DA:189,0
DA:190,0
DA:192,0
DA:193,0
DA:200,1
DA:201,0
DA:202,0
DA:212,0
DA:213,0
DA:214,0
DA:216,0
DA:217,0
DA:222,1
DA:223,0
DA:225,0
DA:226,0
DA:227,0
DA:230,0
DA:234,1
DA:235,0
DA:236,0
DA:237,0
DA:238,0
DA:240,0
DA:248,0
DA:249,0
DA:254,1
DA:255,0
DA:256,0
DA:257,0
DA:258,0
DA:260,0
DA:268,0
DA:269,0
DA:274,1
DA:275,0
DA:276,0
DA:277,0
DA:278,0
DA:280,0
DA:288,0
DA:289,0
DA:294,1
DA:295,0
DA:296,0
DA:297,0
DA:298,0
DA:300,0
DA:308,0
DA:309,0
DA:314,1
DA:315,0
DA:316,0
DA:317,0
DA:318,0
DA:320,0
DA:328,0
DA:329,0
DA:334,1
DA:335,0
DA:336,0
DA:337,0
DA:338,0
DA:339,0
DA:341,0
DA:349,0
DA:350,0
DA:355,1
DA:356,0
DA:357,0
DA:358,0
DA:359,0
DA:360,0
DA:362,0
DA:370,0
DA:371,0
DA:376,1
DA:377,0
DA:378,0
DA:379,0
DA:380,0
DA:382,0
DA:390,0
DA:391,0
DA:396,1
DA:397,0
DA:398,0
DA:399,0
DA:401,0
DA:402,0
DA:405,0
DA:406,0
DA:408,0
DA:409,0
DA:410,0
DA:418,0
DA:420,0
DA:421,0
DA:425,0
DA:427,0
DA:430,0
DA:431,0
DA:433,0
DA:434,0
DA:439,1
DA:440,0
DA:441,0
DA:442,0
DA:443,0
DA:445,0
DA:453,0
DA:454,0
DA:459,1
DA:460,0
DA:461,0
DA:462,0
DA:463,0
DA:465,0
DA:473,0
DA:474,0
DA:479,1
DA:480,0
DA:481,0
DA:482,0
DA:483,0
DA:485,0
DA:493,0
DA:494,0
DA:499,1
DA:500,0
DA:501,0
DA:502,0
DA:504,0
DA:512,0
DA:513,0
DA:518,1
DA:519,0
DA:520,0
DA:521,0
DA:522,0
DA:529,0
DA:531,0
DA:532,0
DA:537,1
DA:538,0
LF:216
LH:39
BRDA:32,0,0,0
BRDA:32,0,1,1
BRDA:47,1,0,0
BRDA:47,1,1,1
BRDA:47,2,0,1
BRDA:47,2,1,0
BRDA:47,2,2,0
BRDA:50,3,0,0
BRDA:50,3,1,0
BRDA:51,4,0,0
BRDA:51,4,1,0
BRDA:65,5,0,0
BRDA:65,5,1,0
BRDA:82,6,0,0
BRDA:82,6,1,0
BRDA:83,7,0,0
BRDA:83,7,1,0
BRDA:91,8,0,0
BRDA:91,8,1,0
BRDA:99,9,0,0
BRDA:99,9,1,2
BRDA:124,10,0,0
BRDA:126,11,0,0
BRDA:126,11,1,0
BRDA:132,12,0,0
BRDA:132,12,1,0
BRDA:139,13,0,0
BRDA:139,13,1,0
BRDA:139,14,0,0
BRDA:139,14,1,0
BRDA:140,15,0,0
BRDA:140,15,1,0
BRDA:140,16,0,0
BRDA:140,16,1,0
BRDA:143,17,0,0
BRDA:143,17,1,0
BRDA:153,18,0,0
BRDA:153,18,1,0
BRDA:157,19,0,0
BRDA:157,19,1,0
BRDA:171,20,0,0
BRDA:175,21,0,0
BRDA:175,21,1,0
BRDA:175,21,2,0
BRDA:176,22,0,0
BRDA:176,22,1,0
BRDA:176,22,2,0
BRDA:200,23,0,0
BRDA:203,24,0,0
BRDA:203,24,1,0
BRDA:205,25,0,0
BRDA:205,25,1,0
BRDA:205,25,2,0
BRDA:222,26,0,0
BRDA:222,27,0,0
BRDA:225,28,0,0
BRDA:225,28,1,0
BRDA:245,29,0,0
BRDA:245,29,1,0
BRDA:265,30,0,0
BRDA:265,30,1,0
BRDA:285,31,0,0
BRDA:285,31,1,0
BRDA:305,32,0,0
BRDA:305,32,1,0
BRDA:325,33,0,0
BRDA:325,33,1,0
BRDA:346,34,0,0
BRDA:346,34,1,0
BRDA:367,35,0,0
BRDA:367,35,1,0
BRDA:387,36,0,0
BRDA:387,36,1,0
BRDA:415,37,0,0
BRDA:415,37,1,0
BRDA:446,38,0,0
BRDA:446,38,1,0
BRDA:450,39,0,0
BRDA:450,39,1,0
BRDA:470,40,0,0
BRDA:470,40,1,0
BRDA:481,41,0,0
BRDA:481,41,1,0
BRDA:483,42,0,0
BRDA:483,42,1,0
BRDA:490,43,0,0
BRDA:490,43,1,0
BRDA:499,44,0,0
BRDA:509,45,0,0
BRDA:509,45,1,0
BRDA:520,46,0,0
BRDA:520,46,1,0
BRDA:520,46,2,0
BRF:93
BRH:4
end_of_record
TN:
SF:src/Services/flutterwaveService.js
FN:10,(anonymous_0)
FN:49,(anonymous_1)
FN:98,(anonymous_2)
FN:126,(anonymous_3)
FN:154,(anonymous_4)
FNF:5
FNH:0
FNDA:0,(anonymous_0)
FNDA:0,(anonymous_1)
FNDA:0,(anonymous_2)
FNDA:0,(anonymous_3)
FNDA:0,(anonymous_4)
DA:2,1
DA:3,1
DA:5,1
DA:10,1
DA:11,0
DA:12,0
DA:33,0
DA:35,0
DA:43,0
DA:44,0
DA:49,1
DA:50,0
DA:51,0
DA:60,0
DA:62,0
DA:63,0
DA:65,0
DA:66,0
DA:68,0
DA:69,0
DA:71,0
DA:74,0
DA:84,0
DA:86,0
DA:92,0
DA:93,0
DA:98,1
DA:99,0
DA:100,0
DA:109,0
DA:111,0
DA:120,0
DA:121,0
DA:126,1
DA:127,0
DA:128,0
DA:140,0
DA:142,0
DA:148,0
DA:149,0
DA:154,1
DA:155,0
LF:42
LH:8
BRDA:5,0,0,0
BRDA:5,0,1,1
BRDA:60,1,0,0
BRDA:60,1,1,0
BRDA:60,1,2,0
BRDA:60,1,3,0
BRF:6
BRH:1
end_of_record
TN:
SF:src/Services/mapService.js
FN:9,(anonymous_0)
FN:37,(anonymous_1)
FN:63,(anonymous_2)
FN:76,(anonymous_3)
FN:80,(anonymous_4)
FN:81,(anonymous_5)
FN:91,(anonymous_6)
FN:93,(anonymous_7)
FN:113,(anonymous_8)
FN:124,(anonymous_9)
FN:137,(anonymous_10)
FN:169,(anonymous_11)
FN:192,(anonymous_12)
FNF:13
FNH:0
FNDA:0,(anonymous_0)
FNDA:0,(anonymous_1)
FNDA:0,(anonymous_2)
FNDA:0,(anonymous_3)
FNDA:0,(anonymous_4)
FNDA:0,(anonymous_5)
FNDA:0,(anonymous_6)
FNDA:0,(anonymous_7)
FNDA:0,(anonymous_8)
FNDA:0,(anonymous_9)
FNDA:0,(anonymous_10)
FNDA:0,(anonymous_11)
FNDA:0,(anonymous_12)
DA:2,1
DA:3,1
DA:5,1
DA:6,1
DA:9,1
DA:10,0
DA:11,0
DA:18,0
DA:19,0
DA:22,0
DA:23,0
DA:31,0
DA:32,0
DA:37,1
DA:38,0
DA:39,0
DA:46,0
DA:47,0
DA:50,0
DA:51,0
DA:57,0
DA:58,0
DA:63,1
DA:64,0
DA:65,0
DA:66,0
DA:68,0
DA:71,0
DA:72,0
DA:76,1
DA:77,0
DA:78,0
DA:80,0
DA:81,0
DA:87,0
DA:88,0
DA:91,0
DA:93,0
DA:107,0
DA:108,0
DA:113,1
DA:114,0
DA:115,0
DA:124,0
DA:131,0
DA:132,0
DA:137,1
DA:138,0
DA:139,0
DA:148,0
DA:149,0
DA:152,0
DA:153,0
DA:163,0
DA:164,0
DA:169,1
DA:170,0
DA:171,0
DA:180,0
DA:181,0
DA:184,0
DA:185,0
DA:187,0
DA:192,0
DA:202,0
DA:203,0
LF:66
LH:11
BRDA:18,0,0,0
BRDA:18,0,1,0
BRDA:46,1,0,0
BRDA:46,1,1,0
BRDA:76,2,0,0
BRDA:87,3,0,0
BRDA:87,3,1,0
BRDA:148,4,0,0
BRDA:148,4,1,0
BRDA:169,5,0,0
BRDA:180,6,0,0
BRDA:180,6,1,0
BRF:12
BRH:0
end_of_record
TN:
SF:src/Services/mpesaService.js
FN:5,(anonymous_0)
FN:10,(anonymous_1)
FN:13,(anonymous_2)
FN:40,(anonymous_3)
FN:88,(anonymous_4)
FN:129,(anonymous_5)
FN:135,(anonymous_6)
FNF:7
FNH:0
FNDA:0,(anonymous_0)
FNDA:0,(anonymous_1)
FNDA:0,(anonymous_2)
FNDA:0,(anonymous_3)
FNDA:0,(anonymous_4)
FNDA:0,(anonymous_5)
FNDA:0,(anonymous_6)
DA:2,1
DA:3,1
DA:5,1
DA:6,0
DA:10,1
DA:13,1
DA:14,0
DA:18,0
DA:19,0
DA:28,0
DA:30,0
DA:35,0
DA:40,1
DA:41,0
DA:42,0
DA:43,0
DA:44,0
DA:48,0
DA:70,0
DA:72,0
DA:78,0
DA:83,0
DA:88,1
DA:89,0
DA:90,0
DA:91,0
DA:92,0
DA:96,0
DA:111,0
DA:119,0
DA:124,0
DA:129,1
DA:131,0
DA:135,1
DA:136,0
DA:137,0
DA:138,0
DA:139,0
DA:140,0
DA:141,0
DA:142,0
DA:144,0
LF:42
LH:9
BRDA:6,0,0,0
BRDA:6,0,1,0
BRDA:10,1,0,0
BRDA:10,1,1,0
BRF:4
BRH:0
end_of_record
TN:
SF:src/Services/notificationService.js
FN:8,(anonymous_0)
FN:31,(anonymous_1)
FN:42,(anonymous_2)
FN:57,(anonymous_3)
FN:78,(anonymous_4)
FN:97,(anonymous_5)
FN:112,(anonymous_6)
FN:120,(anonymous_7)
FN:133,(anonymous_8)
FN:143,(anonymous_9)
FN:154,(anonymous_10)
FN:169,(anonymous_11)
FN:186,(anonymous_12)
FN:194,(anonymous_13)
FN:199,(anonymous_14)
FN:204,(anonymous_15)
FN:209,(anonymous_16)
FNF:17
FNH:0
FNDA:0,(anonymous_0)
FNDA:0,(anonymous_1)
FNDA:0,(anonymous_2)
FNDA:0,(anonymous_3)
FNDA:0,(anonymous_4)
FNDA:0,(anonymous_5)
FNDA:0,(anonymous_6)
FNDA:0,(anonymous_7)
FNDA:0,(anonymous_8)
FNDA:0,(anonymous_9)
FNDA:0,(anonymous_10)
FNDA:0,(anonymous_11)
FNDA:0,(anonymous_12)
FNDA:0,(anonymous_13)
FNDA:0,(anonymous_14)
FNDA:0,(anonymous_15)
FNDA:0,(anonymous_16)
DA:2,1
DA:3,1
DA:4,1
DA:5,1
DA:8,1
DA:9,0
DA:10,0
DA:11,0
DA:21,0
DA:23,0
DA:25,0
DA:26,0
DA:31,1
DA:32,0
DA:33,0
DA:35,0
DA:36,0
DA:37,0
DA:41,0
DA:42,0
DA:43,0
DA:45,0
DA:47,0
DA:49,0
DA:51,0
DA:53,0
DA:57,0
DA:60,0
DA:61,0
DA:62,0
DA:64,0
DA:66,0
DA:68,0
DA:69,0
DA:70,0
DA:71,0
DA:73,0
DA:78,1
DA:79,0
DA:81,0
DA:82,0
DA:83,0
DA:87,0
DA:89,0
DA:93,0
DA:97,1
DA:98,0
DA:100,0
DA:101,0
DA:104,0
DA:105,0
DA:106,0
DA:108,0
DA:112,1
DA:113,0
DA:120,1
DA:121,0
DA:125,0
DA:126,0
DA:129,0
DA:133,1
DA:134,0
DA:143,1
DA:144,0
DA:154,1
DA:155,0
DA:166,0
DA:169,1
DA:170,0
DA:171,0
DA:172,0
DA:174,0
DA:175,0
DA:177,0
DA:178,0
DA:180,0
DA:181,0
DA:183,0
DA:186,1
DA:187,0
DA:194,1
DA:196,0
DA:199,1
DA:201,0
DA:204,1
DA:206,0
DA:209,1
DA:210,0
LF:88
LH:19
BRDA:8,0,0,0
BRDA:10,1,0,0
BRDA:10,1,1,0
BRDA:10,1,2,0
BRDA:35,2,0,0
BRDA:35,2,1,0
BRDA:41,3,0,0
BRDA:41,3,1,0
BRDA:43,4,0,0
BRDA:43,4,1,0
BRDA:43,4,2,0
BRDA:43,4,3,0
BRDA:43,4,4,0
BRDA:100,5,0,0
BRDA:100,5,1,0
BRDA:125,6,0,0
BRDA:125,6,1,0
BRDA:133,7,0,0
BRDA:133,8,0,0
BRDA:166,9,0,0
BRDA:166,9,1,0
BRDA:170,10,0,0
BRDA:170,10,1,0
BRDA:171,11,0,0
BRDA:171,11,1,0
BRDA:174,12,0,0
BRDA:174,12,1,0
BRDA:174,13,0,0
BRDA:174,13,1,0
BRDA:177,14,0,0
BRDA:177,14,1,0
BRDA:180,15,0,0
BRDA:180,15,1,0
BRDA:180,16,0,0
BRDA:180,16,1,0
BRDA:213,17,0,0
BRDA:213,17,1,0
BRF:37
BRH:0
end_of_record
TN:
SF:src/Services/paypalService.js
FN:19,(anonymous_0)
FN:45,(anonymous_1)
FN:59,(anonymous_2)
FN:86,(anonymous_3)
FN:111,(anonymous_4)
FN:128,(anonymous_5)
FNF:6
FNH:0
FNDA:0,(anonymous_0)
FNDA:0,(anonymous_1)
FNDA:0,(anonymous_2)
FNDA:0,(anonymous_3)
FNDA:0,(anonymous_4)
FNDA:0,(anonymous_5)
DA:2,1
DA:3,1
DA:6,1
DA:16,1
DA:19,1
DA:20,0
DA:21,0
DA:22,0
DA:23,0
DA:41,0
DA:42,0
DA:45,0
DA:47,0
DA:53,0
DA:54,0
DA:59,1
DA:60,0
DA:61,0
DA:62,0
DA:64,0
DA:65,0
DA:67,0
DA:69,0
DA:80,0
DA:81,0
DA:86,1
DA:87,0
DA:88,0
DA:89,0
DA:96,0
DA:97,0
DA:99,0
DA:105,0
DA:106,0
DA:111,1
DA:112,0
DA:113,0
DA:114,0
DA:116,0
DA:122,0
DA:123,0
DA:128,1
DA:131,0
LF:43
LH:9
BRDA:6,0,0,0
BRDA:6,0,1,1
BRF:2
BRH:1
end_of_record
TN:
SF:src/Services/squareService.js
FN:19,(anonymous_0)
FN:26,(anonymous_1)
FN:64,(anonymous_2)
FN:92,(anonymous_3)
FN:112,(anonymous_4)
FN:131,(anonymous_5)
FNF:6
FNH:0
FNDA:0,(anonymous_0)
FNDA:0,(anonymous_1)
FNDA:0,(anonymous_2)
FNDA:0,(anonymous_3)
FNDA:0,(anonymous_4)
FNDA:0,(anonymous_5)
DA:2,1
DA:3,1
DA:4,1
DA:5,1
DA:7,0
DA:9,1
DA:12,1
DA:19,1
DA:20,0
DA:21,0
DA:26,1
DA:27,0
DA:28,0
DA:29,0
DA:41,0
DA:43,0
DA:45,0
DA:58,0
DA:59,0
DA:64,1
DA:65,0
DA:66,0
DA:67,0
DA:76,0
DA:78,0
DA:80,0
DA:86,0
DA:87,0
DA:92,1
DA:93,0
DA:94,0
DA:95,0
DA:96,0
DA:98,0
DA:106,0
DA:107,0
DA:112,1
DA:113,0
DA:114,0
DA:115,0
DA:123,0
DA:125,0
DA:126,0
DA:131,1
DA:132,0
LF:45
LH:12
BRDA:5,0,0,1
BRDA:5,0,1,1
BRDA:5,0,2,0
BRDA:12,1,0,1
BRDA:12,1,1,0
BRDA:14,2,0,0
BRDA:14,2,1,1
BRDA:20,3,0,0
BRDA:20,3,1,0
BRDA:36,4,0,0
BRDA:36,4,1,0
BRDA:38,5,0,0
BRDA:38,5,1,0
BRDA:50,6,0,0
BRDA:50,6,1,0
BRF:15
BRH:4
end_of_record
TN:
SF:src/Services/stripeService.js
FN:10,(anonymous_0)
FN:34,(anonymous_1)
FN:51,(anonymous_2)
FN:71,(anonymous_3)
FN:88,(anonymous_4)
FN:117,(anonymous_5)
FN:128,(anonymous_6)
FN:142,(anonymous_7)
FNF:8
FNH:0
FNDA:0,(anonymous_0)
FNDA:0,(anonymous_1)
FNDA:0,(anonymous_2)
FNDA:0,(anonymous_3)
FNDA:0,(anonymous_4)
FNDA:0,(anonymous_5)
FNDA:0,(anonymous_6)
FNDA:0,(anonymous_7)
DA:2,1
DA:3,1
DA:5,1
DA:10,1
DA:11,0
DA:12,0
DA:22,0
DA:23,0
DA:28,0
DA:29,0
DA:34,1
DA:35,0
DA:36,0
DA:38,0
DA:45,0
DA:46,0
DA:51,1
DA:52,0
DA:53,0
DA:58,0
DA:59,0
DA:65,0
DA:66,0
DA:71,1
DA:72,0
DA:73,0
DA:79,0
DA:80,0
DA:82,0
DA:83,0
DA:88,1
DA:89,0
DA:90,0
DA:95,0
DA:101,0
DA:111,0
DA:112,0
DA:117,1
DA:118,0
DA:119,0
DA:120,0
DA:122,0
DA:123,0
DA:128,1
DA:129,0
DA:130,0
DA:136,0
DA:137,0
DA:142,1
DA:143,0
DA:144,0
DA:145,0
DA:151,0
DA:152,0
LF:54
LH:11
BRDA:55,0,0,0
BRDA:55,0,1,0
BRF:2
BRH:0
end_of_record
TN:
SF:src/Utils/APIFeatures.js
FN:8,(anonymous_0)
FN:17,(anonymous_1)
FN:20,(anonymous_2)
FN:22,(anonymous_3)
FN:41,(anonymous_4)
FN:54,(anonymous_5)
FN:57,(anonymous_6)
FN:70,(anonymous_7)
FN:72,(anonymous_8)
FN:77,(anonymous_9)
FN:87,(anonymous_10)
FN:90,(anonymous_11)
FN:97,(anonymous_12)
FN:108,(anonymous_13)
FNF:14
FNH:7
FNDA:2,(anonymous_0)
FNDA:2,(anonymous_1)
FNDA:14,(anonymous_2)
FNDA:0,(anonymous_3)
FNDA:0,(anonymous_4)
FNDA:2,(anonymous_5)
FNDA:0,(anonymous_6)
FNDA:2,(anonymous_7)
FNDA:0,(anonymous_8)
FNDA:2,(anonymous_9)
FNDA:0,(anonymous_10)
FNDA:0,(anonymous_11)
FNDA:0,(anonymous_12)
FNDA:2,(anonymous_13)
DA:2,1
DA:9,2
DA:10,2
DA:11,2
DA:12,2
DA:13,2
DA:14,2
DA:18,2
DA:19,2
DA:20,14
DA:22,2
DA:23,0
DA:24,0
DA:26,0
DA:27,0
DA:28,0
DA:29,0
DA:39,0
DA:40,0
DA:41,0
DA:44,0
DA:45,0
DA:47,0
DA:51,2
DA:55,2
DA:56,0
DA:57,0
DA:58,0
DA:59,0
DA:61,0
DA:64,2
DA:67,2
DA:71,2
DA:72,0
DA:74,2
DA:78,2
DA:79,2
DA:80,2
DA:82,2
DA:83,2
DA:84,2
DA:88,0
DA:89,0
DA:90,0
DA:94,0
DA:98,0
DA:99,0
DA:100,0
DA:101,0
DA:102,0
DA:103,0
DA:105,0
DA:109,2
DA:119,1
LF:54
LH:25
BRDA:26,0,0,0
BRDA:26,0,1,0
BRDA:40,1,0,0
BRDA:40,1,1,0
BRDA:40,2,0,0
BRDA:40,2,1,0
BRDA:44,3,0,0
BRDA:44,3,1,0
BRDA:55,4,0,0
BRDA:55,4,1,2
BRDA:58,5,0,0
BRDA:58,5,1,0
BRDA:71,6,0,0
BRDA:71,6,1,2
BRDA:78,7,0,2
BRDA:78,7,1,2
BRDA:79,8,0,2
BRDA:79,8,1,2
BRDA:87,9,0,0
BRDA:88,10,0,0
BRDA:88,10,1,0
BRDA:88,11,0,0
BRDA:88,11,1,0
BRDA:97,12,0,0
BRDA:99,13,0,0
BRDA:99,13,1,0
BRDA:99,14,0,0
BRDA:99,14,1,0
BRDA:101,15,0,0
BRDA:101,15,1,0
BRDA:102,16,0,0
BRDA:102,16,1,0
BRDA:112,17,0,2
BRDA:112,17,1,2
BRF:34
BRH:8
end_of_record
TN:
SF:src/Utils/AppError.js
FN:7,(anonymous_0)
FNF:1
FNH:1
FNDA:6,(anonymous_0)
DA:8,6
DA:10,6
DA:11,6
DA:12,6
DA:13,6
DA:15,6
DA:19,1
LF:7
LH:7
BRDA:7,0,0,4
BRDA:11,1,0,6
BRDA:11,1,1,0
BRF:3
BRH:2
end_of_record
TN:
SF:src/Utils/CatchAsync.js
FN:9,(anonymous_0)
FN:10,(anonymous_1)
FNF:2
FNH:2
FNDA:156,(anonymous_0)
FNDA:6,(anonymous_1)
DA:9,1
DA:10,156
DA:11,6
DA:15,1
LF:4
LH:4
BRF:0
BRH:0
end_of_record
TN:
SF:src/Utils/EmailTemplates.js
FN:10,(anonymous_0)
FN:115,(anonymous_1)
FN:151,(anonymous_2)
FN:197,(anonymous_3)
FN:243,(anonymous_4)
FN:267,(anonymous_5)
FN:309,(anonymous_6)
FN:347,(anonymous_7)
FN:365,(anonymous_8)
FN:410,(anonymous_9)
FN:430,(anonymous_10)
FN:472,(anonymous_11)
FN:516,(anonymous_12)
FN:556,(anonymous_13)
FN:586,(anonymous_14)
FN:627,(anonymous_15)
FN:633,(anonymous_16)
FN:660,(anonymous_17)
FNF:18
FNH:0
FNDA:0,(anonymous_0)
FNDA:0,(anonymous_1)
FNDA:0,(anonymous_2)
FNDA:0,(anonymous_3)
FNDA:0,(anonymous_4)
FNDA:0,(anonymous_5)
FNDA:0,(anonymous_6)
FNDA:0,(anonymous_7)
FNDA:0,(anonymous_8)
FNDA:0,(anonymous_9)
FNDA:0,(anonymous_10)
FNDA:0,(anonymous_11)
FNDA:0,(anonymous_12)
FNDA:0,(anonymous_13)
FNDA:0,(anonymous_14)
FNDA:0,(anonymous_15)
FNDA:0,(anonymous_16)
FNDA:0,(anonymous_17)
DA:11,0
DA:116,0
DA:145,0
DA:152,0
DA:191,0
DA:198,0
DA:237,0
DA:244,0
DA:261,0
DA:268,0
DA:303,0
DA:310,0
DA:341,0
DA:348,0
DA:359,0
DA:366,0
DA:404,0
DA:411,0
DA:424,0
DA:431,0
DA:466,0
DA:473,0
DA:510,0
DA:517,0
DA:550,0
DA:557,0
DA:580,0
DA:587,0
DA:621,0
DA:628,0
DA:633,0
DA:654,0
DA:661,0
DA:695,0
DA:699,1
LF:35
LH:1
BRDA:10,0,0,0
BRDA:172,1,0,0
BRDA:172,1,1,0
BRDA:176,2,0,0
BRDA:176,2,1,0
BRDA:288,3,0,0
BRDA:288,3,1,0
BRDA:292,4,0,0
BRDA:292,4,1,0
BRDA:322,5,0,0
BRDA:322,5,1,0
BRDA:326,6,0,0
BRDA:326,6,1,0
BRDA:330,7,0,0
BRDA:330,7,1,0
BRDA:352,8,0,0
BRDA:352,8,1,0
BRDA:352,9,0,0
BRDA:352,9,1,0
BRDA:368,10,0,0
BRDA:368,10,1,0
BRDA:489,11,0,0
BRDA:489,11,1,0
BRDA:493,12,0,0
BRDA:493,12,1,0
BRDA:495,13,0,0
BRDA:495,13,1,0
BRDA:558,14,0,0
BRDA:558,14,1,0
BRDA:563,15,0,0
BRDA:563,15,1,0
BRDA:566,16,0,0
BRDA:566,16,1,0
BRDA:571,17,0,0
BRDA:571,17,1,0
BRDA:580,18,0,0
BRDA:580,18,1,0
BRDA:641,19,0,0
BRDA:641,19,1,0
BRDA:690,20,0,0
BRDA:690,20,1,0
BRF:41
BRH:0
end_of_record
TN:
SF:src/Utils/Helpers.js
FN:7,(anonymous_0)
FN:14,(anonymous_1)
FN:21,(anonymous_2)
FN:33,(anonymous_3)
FN:45,(anonymous_4)
FN:57,(anonymous_5)
FN:68,(anonymous_6)
FN:75,(anonymous_7)
FN:84,(anonymous_8)
FN:100,(anonymous_9)
FN:109,(anonymous_10)
FN:118,(anonymous_11)
FN:128,(anonymous_12)
FN:130,(anonymous_13)
FN:136,(anonymous_14)
FN:143,(anonymous_15)
FN:150,(anonymous_16)
FN:165,(anonymous_17)
FN:176,(anonymous_18)
FN:191,(anonymous_19)
FN:192,(anonymous_20)
FN:198,(anonymous_21)
FN:219,(anonymous_22)
FN:222,(anonymous_23)
FN:232,(anonymous_24)
FN:233,(anonymous_25)
FN:244,(anonymous_26)
FN:255,(anonymous_27)
FNF:28
FNH:0
FNDA:0,(anonymous_0)
FNDA:0,(anonymous_1)
FNDA:0,(anonymous_2)
FNDA:0,(anonymous_3)
FNDA:0,(anonymous_4)
FNDA:0,(anonymous_5)
FNDA:0,(anonymous_6)
FNDA:0,(anonymous_7)
FNDA:0,(anonymous_8)
FNDA:0,(anonymous_9)
FNDA:0,(anonymous_10)
FNDA:0,(anonymous_11)
FNDA:0,(anonymous_12)
FNDA:0,(anonymous_13)
FNDA:0,(anonymous_14)
FNDA:0,(anonymous_15)
FNDA:0,(anonymous_16)
FNDA:0,(anonymous_17)
FNDA:0,(anonymous_18)
FNDA:0,(anonymous_19)
FNDA:0,(anonymous_20)
FNDA:0,(anonymous_21)
FNDA:0,(anonymous_22)
FNDA:0,(anonymous_23)
FNDA:0,(anonymous_24)
FNDA:0,(anonymous_25)
FNDA:0,(anonymous_26)
FNDA:0,(anonymous_27)
DA:2,1
DA:7,1
DA:8,0
DA:14,1
DA:15,0
DA:21,1
DA:22,0
DA:23,0
DA:24,0
DA:25,0
DA:26,0
DA:27,0
DA:33,1
DA:34,0
DA:35,0
DA:36,0
DA:37,0
DA:38,0
DA:39,0
DA:45,1
DA:46,0
DA:47,0
DA:48,0
DA:49,0
DA:50,0
DA:51,0
DA:57,1
DA:58,0
DA:59,0
DA:60,0
DA:61,0
DA:62,0
DA:68,1
DA:69,0
DA:75,1
DA:76,0
DA:77,0
DA:78,0
DA:84,1
DA:85,0
DA:86,0
DA:87,0
DA:88,0
DA:90,0
DA:91,0
DA:94,0
DA:100,1
DA:101,0
DA:102,0
DA:103,0
DA:109,1
DA:110,0
DA:111,0
DA:112,0
DA:118,1
DA:119,0
DA:128,1
DA:129,0
DA:130,0
DA:136,1
DA:137,0
DA:143,1
DA:144,0
DA:150,1
DA:151,0
DA:152,0
DA:154,0
DA:155,0
DA:156,0
DA:159,0
DA:165,1
DA:166,0
DA:167,0
DA:168,0
DA:170,0
DA:176,1
DA:177,0
DA:178,0
DA:191,1
DA:192,0
DA:198,1
DA:201,0
DA:202,0
DA:203,0
DA:205,0
DA:206,0
DA:208,0
DA:209,0
DA:213,0
DA:219,1
DA:220,0
DA:222,0
DA:223,0
DA:226,0
DA:232,1
DA:233,0
DA:234,0
DA:235,0
DA:236,0
DA:237,0
DA:244,1
DA:245,0
DA:246,0
DA:247,0
DA:249,0
DA:255,1
DA:256,0
DA:258,0
DA:259,0
DA:260,0
DA:262,0
DA:266,0
LF:112
LH:25
BRDA:7,0,0,0
BRDA:14,1,0,0
BRDA:90,2,0,0
BRDA:90,2,1,0
BRDA:90,3,0,0
BRDA:90,3,1,0
BRDA:90,3,2,0
BRDA:118,4,0,0
BRDA:129,5,0,0
BRDA:129,5,1,0
BRDA:150,6,0,0
BRDA:166,7,0,0
BRDA:166,7,1,0
BRDA:167,8,0,0
BRDA:167,8,1,0
BRDA:168,9,0,0
BRDA:168,9,1,0
BRDA:198,10,0,0
BRDA:198,11,0,0
BRDA:206,12,0,0
BRDA:206,12,1,0
BRDA:219,13,0,0
BRDA:223,14,0,0
BRDA:223,14,1,0
BRDA:235,15,0,0
BRDA:235,15,1,0
BRDA:259,16,0,0
BRDA:259,16,1,0
BRDA:259,17,0,0
BRDA:259,17,1,0
BRF:30
BRH:0
end_of_record
TN:
SF:src/Utils/InvoiceGenerator.js
FN:13,(anonymous_0)
FN:386,(anonymous_1)
FN:461,(anonymous_2)
FN:462,(anonymous_3)
FN:468,(anonymous_4)
FN:469,(anonymous_5)
FN:541,(anonymous_6)
FN:629,(anonymous_7)
FN:654,(anonymous_8)
FN:691,(anonymous_9)
FN:742,(anonymous_10)
FN:754,(anonymous_11)
FN:763,(anonymous_12)
FN:774,(anonymous_13)
FNF:14
FNH:0
FNDA:0,(anonymous_0)
FNDA:0,(anonymous_1)
FNDA:0,(anonymous_2)
FNDA:0,(anonymous_3)
FNDA:0,(anonymous_4)
FNDA:0,(anonymous_5)
FNDA:0,(anonymous_6)
FNDA:0,(anonymous_7)
FNDA:0,(anonymous_8)
FNDA:0,(anonymous_9)
FNDA:0,(anonymous_10)
FNDA:0,(anonymous_11)
FNDA:0,(anonymous_12)
FNDA:0,(anonymous_13)
DA:2,1
DA:3,1
DA:14,0
DA:15,0
DA:17,0
DA:386,0
DA:462,0
DA:463,0
DA:464,0
DA:465,0
DA:466,0
DA:468,0
DA:469,0
DA:470,0
DA:473,0
DA:476,0
DA:483,0
DA:492,0
DA:502,0
DA:512,0
DA:513,0
DA:521,0
DA:528,0
DA:531,0
DA:537,0
DA:540,0
DA:541,0
DA:542,0
DA:543,0
DA:547,0
DA:552,0
DA:554,0
DA:560,0
DA:565,0
DA:566,0
DA:573,0
DA:575,0
DA:581,0
DA:589,0
DA:591,0
DA:595,0
DA:601,0
DA:606,0
DA:607,0
DA:614,0
DA:619,0
DA:621,0
DA:630,0
DA:631,0
DA:633,0
DA:634,0
DA:635,0
DA:636,0
DA:637,0
DA:638,0
DA:639,0
DA:640,0
DA:642,0
DA:643,0
DA:644,0
DA:645,0
DA:646,0
DA:648,0
DA:649,0
DA:650,0
DA:651,0
DA:653,0
DA:654,0
DA:655,0
DA:656,0
DA:657,0
DA:661,0
DA:662,0
DA:664,0
DA:665,0
DA:666,0
DA:667,0
DA:668,0
DA:670,0
DA:671,0
DA:673,0
DA:674,0
DA:675,0
DA:676,0
DA:677,0
DA:679,0
DA:681,0
DA:682,0
DA:683,0
DA:685,0
DA:692,0
DA:693,0
DA:695,0
DA:743,0
DA:744,0
DA:745,0
DA:746,0
DA:747,0
DA:748,0
DA:755,0
DA:756,0
DA:757,0
DA:764,0
DA:765,0
DA:766,0
DA:768,0
DA:775,0
DA:777,0
DA:779,0
DA:781,0
DA:783,0
DA:785,0
DA:790,1
LF:113
LH:3
BRDA:363,0,0,0
BRDA:363,0,1,0
BRDA:363,1,0,0
BRDA:363,1,1,0
BRDA:364,2,0,0
BRDA:364,2,1,0
BRDA:365,3,0,0
BRDA:365,3,1,0
BRDA:366,4,0,0
BRDA:366,4,1,0
BRDA:383,5,0,0
BRDA:383,5,1,0
BRDA:384,6,0,0
BRDA:384,6,1,0
BRDA:389,7,0,0
BRDA:389,7,1,0
BRDA:390,8,0,0
BRDA:390,8,1,0
BRDA:391,9,0,0
BRDA:391,9,1,0
BRDA:391,10,0,0
BRDA:391,10,1,0
BRDA:402,11,0,0
BRDA:402,11,1,0
BRDA:406,12,0,0
BRDA:406,12,1,0
BRDA:408,13,0,0
BRDA:408,13,1,0
BRDA:416,14,0,0
BRDA:416,14,1,0
BRDA:424,15,0,0
BRDA:424,15,1,0
BRDA:429,16,0,0
BRDA:429,16,1,0
BRDA:429,17,0,0
BRDA:429,17,1,0
BRDA:432,18,0,0
BRDA:432,18,1,0
BRDA:507,19,0,0
BRDA:507,19,1,0
BRDA:507,20,0,0
BRDA:507,20,1,0
BRDA:508,21,0,0
BRDA:508,21,1,0
BRDA:508,21,2,0
BRDA:509,22,0,0
BRDA:509,22,1,0
BRDA:509,22,2,0
BRDA:534,23,0,0
BRDA:534,23,1,0
BRDA:535,24,0,0
BRDA:535,24,1,0
BRDA:540,25,0,0
BRDA:540,25,1,0
BRDA:540,26,0,0
BRDA:540,26,1,0
BRDA:542,27,0,0
BRDA:542,27,1,0
BRDA:542,28,0,0
BRDA:542,28,1,0
BRDA:544,29,0,0
BRDA:544,29,1,0
BRDA:545,30,0,0
BRDA:545,30,1,0
BRDA:558,31,0,0
BRDA:558,31,1,0
BRDA:563,32,0,0
BRDA:563,32,1,0
BRDA:565,33,0,0
BRDA:565,33,1,0
BRDA:573,34,0,0
BRDA:573,34,1,0
BRDA:586,35,0,0
BRDA:586,35,1,0
BRDA:599,36,0,0
BRDA:599,36,1,0
BRDA:603,37,0,0
BRDA:603,37,1,0
BRDA:604,38,0,0
BRDA:604,38,1,0
BRDA:606,39,0,0
BRDA:606,39,1,0
BRDA:643,40,0,0
BRDA:643,40,1,0
BRDA:643,41,0,0
BRDA:643,41,1,0
BRDA:644,42,0,0
BRDA:644,42,1,0
BRDA:645,43,0,0
BRDA:645,43,1,0
BRDA:651,44,0,0
BRDA:651,44,1,0
BRDA:651,45,0,0
BRDA:651,45,1,0
BRDA:653,46,0,0
BRDA:653,46,1,0
BRDA:653,47,0,0
BRDA:653,47,1,0
BRDA:655,48,0,0
BRDA:655,48,1,0
BRDA:655,49,0,0
BRDA:655,49,1,0
BRDA:657,50,0,0
BRDA:657,50,1,0
BRDA:657,51,0,0
BRDA:657,51,1,0
BRDA:665,52,0,0
BRDA:665,52,1,0
BRDA:666,53,0,0
BRDA:666,53,1,0
BRDA:667,54,0,0
BRDA:667,54,1,0
BRDA:670,55,0,0
BRDA:670,55,1,0
BRDA:674,56,0,0
BRDA:674,56,1,0
BRDA:675,57,0,0
BRDA:675,57,1,0
BRDA:676,58,0,0
BRDA:676,58,1,0
BRDA:693,59,0,0
BRDA:693,59,1,0
BRDA:706,60,0,0
BRDA:706,60,1,0
BRDA:764,61,0,0
BRDA:764,61,1,0
BRDA:766,62,0,0
BRDA:766,62,1,0
BRDA:774,63,0,0
BRDA:775,64,0,0
BRDA:775,64,1,0
BRDA:775,64,2,0
BRDA:775,64,3,0
BRDA:775,64,4,0
BRF:134
BRH:0
end_of_record
TN:
SF:src/Utils/PriceCalculator.js
FN:9,(anonymous_0)
FN:107,(anonymous_1)
FN:117,(anonymous_2)
FN:140,(anonymous_3)
FN:145,(anonymous_4)
FN:164,(anonymous_5)
FN:169,(anonymous_6)
FN:189,(anonymous_7)
FN:190,(anonymous_8)
FN:203,(anonymous_9)
FN:215,(anonymous_10)
FN:227,(anonymous_11)
FN:245,(anonymous_12)
FN:256,(anonymous_13)
FN:269,(anonymous_14)
FN:281,(anonymous_15)
FN:302,(anonymous_16)
FNF:17
FNH:0
FNDA:0,(anonymous_0)
FNDA:0,(anonymous_1)
FNDA:0,(anonymous_2)
FNDA:0,(anonymous_3)
FNDA:0,(anonymous_4)
FNDA:0,(anonymous_5)
FNDA:0,(anonymous_6)
FNDA:0,(anonymous_7)
FNDA:0,(anonymous_8)
FNDA:0,(anonymous_9)
FNDA:0,(anonymous_10)
FNDA:0,(anonymous_11)
FNDA:0,(anonymous_12)
FNDA:0,(anonymous_13)
FNDA:0,(anonymous_14)
FNDA:0,(anonymous_15)
FNDA:0,(anonymous_16)
DA:2,1
DA:3,1
DA:9,1
DA:21,0
DA:22,0
DA:23,0
DA:24,0
DA:25,0
DA:28,0
DA:30,0
DA:31,0
DA:32,0
DA:34,0
DA:35,0
DA:37,0
DA:38,0
DA:39,0
DA:42,0
DA:43,0
DA:46,0
DA:47,0
DA:50,0
DA:51,0
DA:54,0
DA:55,0
DA:58,0
DA:61,0
DA:68,0
DA:69,0
DA:74,0
DA:75,0
DA:79,0
DA:82,0
DA:83,0
DA:87,0
DA:90,0
DA:93,0
DA:95,0
DA:107,0
DA:117,1
DA:118,0
DA:119,0
DA:121,0
DA:122,0
DA:124,0
DA:125,0
DA:128,0
DA:129,0
DA:130,0
DA:131,0
DA:134,0
DA:140,1
DA:141,0
DA:142,0
DA:144,0
DA:145,0
DA:146,0
DA:147,0
DA:149,0
DA:151,0
DA:158,0
DA:164,1
DA:165,0
DA:166,0
DA:168,0
DA:169,0
DA:170,0
DA:171,0
DA:173,0
DA:175,0
DA:182,0
DA:183,0
DA:189,1
DA:190,0
DA:191,0
DA:193,0
DA:194,0
DA:195,0
DA:197,0
DA:203,1
DA:204,0
DA:205,0
DA:206,0
DA:207,0
DA:212,0
DA:215,0
DA:216,0
DA:220,0
DA:221,0
DA:227,1
DA:228,0
DA:230,0
DA:241,0
DA:245,0
DA:246,0
DA:247,0
DA:250,0
DA:256,1
DA:257,0
DA:258,0
DA:260,0
DA:261,0
DA:263,0
DA:269,1
DA:270,0
DA:271,0
DA:274,0
DA:275,0
DA:281,1
DA:283,0
DA:290,0
DA:291,0
DA:296,0
DA:302,1
DA:303,0
DA:311,0
LF:116
LH:13
BRDA:14,0,0,0
BRDA:30,1,0,0
BRDA:30,1,1,0
BRDA:31,2,0,0
BRDA:31,2,1,0
BRDA:31,3,0,0
BRDA:31,3,1,0
BRDA:31,3,2,0
BRDA:35,4,0,0
BRDA:35,4,1,0
BRDA:35,4,2,0
BRDA:35,4,3,0
BRDA:35,4,4,0
BRDA:35,4,5,0
BRDA:62,5,0,0
BRDA:62,5,1,0
BRDA:63,6,0,0
BRDA:63,6,1,0
BRDA:64,7,0,0
BRDA:64,7,1,0
BRDA:65,8,0,0
BRDA:65,8,1,0
BRDA:66,9,0,0
BRDA:66,9,1,0
BRDA:68,10,0,0
BRDA:68,10,1,0
BRDA:69,11,0,0
BRDA:69,11,1,0
BRDA:74,12,0,0
BRDA:74,12,1,0
BRDA:82,13,0,0
BRDA:82,13,1,0
BRDA:93,14,0,0
BRDA:93,14,1,0
BRDA:108,15,0,0
BRDA:108,15,1,0
BRDA:109,16,0,0
BRDA:109,16,1,0
BRDA:117,17,0,0
BRDA:118,18,0,0
BRDA:118,18,1,0
BRDA:119,19,0,0
BRDA:119,19,1,0
BRDA:119,20,0,0
BRDA:119,20,1,0
BRDA:122,21,0,0
BRDA:122,21,1,0
BRDA:128,22,0,0
BRDA:128,22,1,0
BRDA:130,23,0,0
BRDA:130,23,1,0
BRDA:140,24,0,0
BRDA:141,25,0,0
BRDA:141,25,1,0
BRDA:142,26,0,0
BRDA:142,26,1,0
BRDA:146,27,0,0
BRDA:146,27,1,0
BRDA:147,28,0,0
BRDA:147,28,1,0
BRDA:149,29,0,0
BRDA:149,29,1,0
BRDA:158,30,0,0
BRDA:158,30,1,0
BRDA:164,31,0,0
BRDA:165,32,0,0
BRDA:165,32,1,0
BRDA:166,33,0,0
BRDA:166,33,1,0
BRDA:170,34,0,0
BRDA:170,34,1,0
BRDA:171,35,0,0
BRDA:171,35,1,0
BRDA:173,36,0,0
BRDA:173,36,1,0
BRDA:182,37,0,0
BRDA:182,37,1,0
BRDA:183,38,0,0
BRDA:183,38,1,0
BRDA:190,39,0,0
BRDA:190,39,1,0
BRDA:190,40,0,0
BRDA:190,40,1,0
BRDA:191,41,0,0
BRDA:191,41,1,0
BRDA:195,42,0,0
BRDA:195,42,1,0
BRDA:203,43,0,0
BRDA:203,44,0,0
BRDA:204,45,0,0
BRDA:204,45,1,0
BRDA:205,46,0,0
BRDA:205,46,1,0
BRDA:206,47,0,0
BRDA:206,47,1,0
BRDA:206,48,0,0
BRDA:206,48,1,0
BRDA:212,49,0,0
BRDA:212,49,1,0
BRDA:212,50,0,0
BRDA:212,50,1,0
BRDA:215,51,0,0
BRDA:215,51,1,0
BRDA:216,52,0,0
BRDA:216,52,1,0
BRDA:216,53,0,0
BRDA:216,53,1,0
BRDA:217,54,0,0
BRDA:217,54,1,0
BRDA:220,55,0,0
BRDA:220,55,1,0
BRDA:220,55,2,0
BRDA:221,56,0,0
BRDA:221,56,1,0
BRDA:241,57,0,0
BRDA:241,57,1,0
BRDA:246,58,0,0
BRDA:246,58,1,0
BRDA:246,58,2,0
BRDA:247,59,0,0
BRDA:247,59,1,0
BRDA:247,60,0,0
BRDA:247,60,1,0
BRDA:258,61,0,0
BRDA:258,61,1,0
BRDA:261,62,0,0
BRDA:261,62,1,0
BRDA:271,63,0,0
BRDA:271,63,1,0
BRDA:274,64,0,0
BRDA:274,64,1,0
BRDA:291,65,0,0
BRDA:291,65,1,0
BRDA:311,66,0,0
BRDA:311,66,1,0
BRF:135
BRH:0
end_of_record
TN:
SF:src/Utils/ReceiptGenerator.js
FN:8,(anonymous_0)
FN:9,(anonymous_1)
FN:14,(anonymous_2)
FN:15,(anonymous_3)
FNF:4
FNH:0
FNDA:0,(anonymous_0)
FNDA:0,(anonymous_1)
FNDA:0,(anonymous_2)
FNDA:0,(anonymous_3)
DA:2,1
DA:3,1
DA:8,1
DA:9,0
DA:10,0
DA:11,0
DA:12,0
DA:14,0
DA:15,0
DA:16,0
DA:18,0
DA:19,0
DA:21,0
DA:22,0
DA:23,0
DA:24,0
DA:25,0
DA:27,0
DA:28,0
DA:29,0
DA:30,0
DA:34,0
DA:35,0
DA:37,0
DA:39,0
LF:25
LH:3
BRDA:21,0,0,0
BRDA:21,0,1,0
BRDA:22,1,0,0
BRDA:22,1,1,0
BRDA:22,1,2,0
BRDA:23,2,0,0
BRDA:23,2,1,0
BRDA:23,3,0,0
BRDA:23,3,1,0
BRDA:24,4,0,0
BRDA:24,4,1,0
BRDA:24,4,2,0
BRDA:27,5,0,0
BRDA:27,5,1,0
BRDA:28,6,0,0
BRDA:28,6,1,0
BRDA:29,7,0,0
BRDA:29,7,1,0
BRF:18
BRH:0
end_of_record
TN:
SF:src/Utils/Validators.js
FNF:0
FNH:0
DA:2,1
DA:8,1
DA:490,1
DA:494,1
DA:498,1
DA:502,1
DA:505,1
DA:508,1
DA:511,1
DA:514,1
DA:517,1
DA:520,1
DA:523,1
DA:526,1
DA:529,1
DA:530,1
DA:533,1
DA:553,1
DA:568,1
DA:586,1
DA:600,1
DA:622,1
DA:634,1
DA:649,1
DA:660,1
DA:671,1
DA:680,1
DA:710,1
LF:28
LH:28
BRF:0
BRH:0
end_of_record
